51366	4.64781748
5581	4.20065945
400952	3.67530609
23414	3.4832003
83988	3.31623274
100847001	3.31623274
9134	3.18190613
55656	3.18190613
94241	2.97988743
137682	2.97988743
55133	2.95436413
100616530	2.95253043
157753	2.85319004
286144	2.85059612
90423	2.79555442
9699	2.74892174
9694	2.60547828
401474	2.49452442
286148	2.42622359
79666	2.42149832
50484	2.40076121
1807	2.34736693
4436	2.25036416
79815	2.21352542
157657	2.17564634
9791	2.15445549
51001	2.15445549
6788	2.10236741
54991	2.10049686
55074	2.06951963
3973	2.06605234
286749	2.06605234
79906	2.00835313
100499183	2.0054629
