10665	159.32824509
9374	149.72259911
80863	147.8141435
63940	132.13978771
80864	130.86298789
6048	130.7846078
10554	130.60667308
5089	129.75120309
177	129.75120309
4855	128.61386146
721	109.93477288
7148	108.35882643
1589	108.35882643
7917	108.14518367
1388	107.48992036
7916	105.50088354
80740	104.5136673
80739	104.5136673
79136	104.5136673
58530	104.5136673
259215	104.5136673
3305	103.05524439
3303	103.05524439
57819	101.39080417
4439	99.91402491
401251	99.91402491
717	99.56642456
80737	97.99350401
629	97.99047811
7936	97.03678478
6499	96.76226341
1797	92.50453892
10919	89.26416599
80736	87.43815356
4758	82.97825681
1460	74.83509731
260425	70.53409451
221527	70.42683703
10745	70.20616772
58496	70.04841058
7920	69.70467659
7918	68.11601453
57827	68.11601453
55937	68.11601453
63943	64.16213264
352961	59.11558077
10866	59.11558077
199	58.84654467
80741	57.51648687
677820	56.72866963
8859	54.48511106
7407	51.92276597
3106	50.6687354
3107	50.62744774
4795	46.76041833
7919	46.64454892
692233	45.83386603
692199	45.83386603
534	45.83386603
4049	40.31263556
4276	40.22252025
4050	40.02356591
23564	40.02203691
1192	40.02203691
7726	38.80227411
89870	38.6165425
7124	38.51572945
54535	38.5093632
170680	38.5093632
170679	38.5093632
10107	37.93638117
4277	36.45090709
3134	35.15351828
56658	34.99443469
3133	34.83306192
401250	34.09071522
7940	32.68887865
54665	31.35404943
340198	31.17742333
285830	31.17742333
80352	31.13953571
135644	30.75058638
79897	30.3949282
26191	30.00464653
3135	29.74980197
11074	29.5812718
259197	28.980838
414777	28.66611764
3304	27.49570059
80862	25.18833118
6992	25.18833118
30834	25.18833118
3105	24.79601166
4340	24.30137235
346171	24.11531336
54435	23.86397105
10717	23.45578445
253018	23.43497907
50854	22.97975062
26801	22.97975062
26797	22.97975062
649853	22.68308028
10255	22.68308028
64858	22.67879524
3137	22.44801357
57176	21.93549516
135656	21.32462866
28973	20.40065659
780	20.27921741
221545	20.06599818
9656	20.02909597
8449	20.01693617
2968	19.93671169
389376	19.82853976
5460	19.75166037
5514	19.47410429
1041	19.22912443
79969	19.08760575
441140	18.11194075
29113	17.52483312
285834	17.1216046
80317	17.08374258
440603	16.90335064
10537	16.39766363
387032	16.29417772
7746	16.21721918
7745	15.98177795
7718	15.91039794
394263	15.11128597
3077	14.86427282
3136	14.68963173
5987	14.6020452
2550	14.04514364
64288	13.92627016
2794	13.15804332
6941	12.54936451
80868	12.20998028
222696	11.88496756
9753	11.64277813
7932	11.36708775
8870	11.13247023
84547	11.04791065
7741	11.04791065
10475	10.62530013
80867	10.46331911
692092	10.42588651
10211	10.20843355
79722	10.1771555
170954	10.16579427
11270	10.16579427
222698	9.90908624
221584	9.87268783
651302	9.86709383
26529	9.81403877
222699	9.67512311
79465	9.36103618
284312	9.22412718
81797	8.92135109
6892	8.73724818
567	8.58997428
26692	8.50337249
10288	8.44294643
6890	8.40059429
26212	8.08005366
23	7.96049374
3308	7.85708554
11080	7.85080257
81696	7.81991142
55128	7.79055703
117854	7.79055703
442191	7.64238528
23305	7.60846649
7706	7.50068188
140691	7.50068188
5480	7.49530606
29851	7.416195
651503	7.32478184
282890	7.23395542
6891	7.20654427
442186	7.12951826
5966	7.07879315
80742	7.0188272
26707	6.96732081
26531	6.91135723
203068	6.89740166
5453	6.50581618
8356	6.49003712
8348	6.49003712
8336	6.49003712
10279	6.46753227
7775	6.44617273
2319	6.44172582
3113	6.30513936
200734	6.25795236
11170	6.19841383
90355	6.13916868
116511	6.13260441
9939	5.98573233
442194	5.96966749
164832	5.94380813
150962	5.88369451
4690	5.79915237
1933	5.79828504
85363	5.77854526
445372	5.77854526
10346	5.77854526
54940	5.74567753
7039	5.69306997
81788	5.62154071
79258	5.57744627
10473	5.48412351
285527	5.47586752
6775	5.44290804
696	5.39161412
351	5.37048348
23317	5.3542085
2180	5.31694998
4361	5.25626206
6045	5.21588409
919	5.1659892
66008	5.15027142
3899	5.14689707
23244	5.12300988
55534	5.10962558
3122	5.07895774
3093	5.07508608
29889	5.04737501
2335	5.02346275
5698	5.00570816
3321	4.95104186
6695	4.87656343
7371	4.86333965
10318	4.85964677
79646	4.82844905
64210	4.82611243
5093	4.79148757
150353	4.76400876
6772	4.76367943
11218	4.75727229
85479	4.75370121
7341	4.74674812
22848	4.73802381
5917	4.72654498
26716	4.7169884
11120	4.7169884
56521	4.70569241
8345	4.69693184
5562	4.69566269
10989	4.67229993
6637	4.66297462
127281	4.60310007
54943	4.57751727
132299	4.55784305
55103	4.54856974
5894	4.54560866
375057	4.53171472
10352	4.52348289
1501	4.49623791
8343	4.4438059
9360	4.43917156
2215	4.43909089
8344	4.42414508
28965	4.41832563
6171	4.41199821
64754	4.41028597
79693	4.40356566
149175	4.40356566
3013	4.39960338
8346	4.39367141
8351	4.36933806
8355	4.31927302
3766	4.29003505
5696	4.2791177
89848	4.25337072
3119	4.2324425
3310	4.22556595
1230	4.22495955
7072	4.21940477
4436	4.14938208
3099	4.13892668
1493	4.13330633
27258	4.13120941
1788	4.06576986
114821	4.04812311
10477	4.04183809
777	4.03979162
8367	4.03912587
8360	4.03783373
8365	4.03281385
85236	4.01945025
80762	4.01290021
23022	4.0093868
84966	4.00763075
85235	3.99323407
7145	3.98965773
7879	3.98834076
5648	3.9879046
54980	3.97433783
7294	3.96734901
7006	3.96734901
6704	3.96385437
6700	3.96385437
55604	3.95513112
53407	3.93770764
8799	3.92901327
728855	3.92901327
653598	3.92901327
128077	3.92901327
114814	3.92901327
1378	3.89547874
79674	3.89432975
152789	3.89200243
6707	3.87704727
23243	3.85494171
3010	3.84255981
126859	3.83744754
29777	3.83229877
9103	3.82543725
3608	3.82483676
117583	3.81173541
1794	3.80039243
64343	3.79984889
9648	3.78121106
3720	3.77840444
8350	3.77764067
64097	3.77759311
2917	3.77759311
6701	3.76567764
57606	3.76567764
3609	3.75853063
10636	3.75757975
6286	3.75639963
6703	3.75548291
6699	3.75548291
8476	3.75287656
8339	3.74960964
81849	3.74360461
3012	3.73546924
80157	3.73513497
8968	3.72487632
85865	3.71605179
80003	3.71315298
26154	3.70692761
8353	3.70520392
79692	3.70471666
55601	3.68857183
54901	3.68672158
64965	3.67356341
3182	3.66965598
114805	3.65374992
23114	3.6509596
2554	3.65025309
23228	3.64092567
51744	3.6375835
10699	3.63424254
9068	3.63257326
8294	3.63238063
10207	3.61257102
79573	3.60256138
8971	3.5893071
339942	3.5893071
2356	3.5876193
11118	3.57874075
55763	3.57770241
130502	3.57524315
401237	3.56611981
5087	3.56541223
8841	3.56462063
23609	3.5595081
653489	3.55930392
3702	3.55542582
5096	3.55085364
93183	3.53971421
10960	3.53759204
23338	3.52490583
84162	3.51669377
9696	3.50521113
5468	3.4937494
5922	3.49211311
2959	3.49086127
2034	3.48884285
1992	3.48720758
360023	3.48557312
8347	3.48168076
56941	3.48067219
8334	3.45546459
59067	3.45297026
55714	3.44159506
10010	3.43866834
79888	3.43196092
91624	3.43149896
26064	3.43010529
26750	3.42828455
326340	3.41890522
1232	3.41082031
79074	3.40772855
6944	3.40766178
9653	3.4043594
6222	3.403135
57217	3.40271962
56884	3.39951828
8361	3.39182287
9122	3.39145685
3115	3.38852239
1259	3.381796
8880	3.38018796
5066	3.38018796
388662	3.38018796
11127	3.36893793
51776	3.36714544
23381	3.36572733
64396	3.36412235
8626	3.36251728
285386	3.36091412
6503	3.35299718
10085	3.34821967
841	3.3480962
7508	3.3474735
81553	3.3448952
26052	3.3448952
2632	3.34102857
152519	3.34009805
151963	3.34009805
29937	3.33521869
6705	3.33210924
55704	3.32413004
132612	3.32413004
6262	3.32094205
23301	3.2764647
10026	3.2764647
54221	3.27329968
5194	3.27171766
3713	3.26697456
9378	3.25907625
55707	3.25749796
253461	3.25434211
79966	3.24645984
93185	3.24638254
115352	3.24282262
84542	3.24016149
55672	3.23701401
339524	3.23701401
57182	3.23386909
10472	3.2322966
91351	3.2318087
23436	3.22444198
373	3.22167539
6586	3.22130261
2580	3.21189458
151516	3.21189458
28966	3.20719593
23154	3.20679745
7399	3.20563048
257194	3.20563048
55770	3.20230733
729582	3.18999746
8745	3.18687556
7161	3.18687556
4739	3.18687556
201780	3.185315
51397	3.1806364
308	3.17071924
388743	3.16973284
79932	3.16817692
3953	3.15912644
23127	3.15574282
1026	3.15515971
1261	3.14798383
7433	3.14023504
59352	3.14023504
29089	3.14023504
9467	3.13404309
55143	3.13404309
54955	3.13404309
785	3.13249598
1496	3.12901105
22872	3.12631212
6709	3.12124276
4154	3.12013375
285782	3.12013375
389197	3.11704707
119	3.11583847
151254	3.11242039
23105	3.11087878
116987	3.11087878
80731	3.10471672
22883	3.10163798
1998	3.10163798
200030	3.1000991
100132406	3.1000991
200162	3.09856075
477	3.09087473
79957	3.08933878
632	3.08933878
11243	3.08933878
55602	3.08789519
1600	3.08780293
8364	3.08675648
8470	3.07938307
166379	3.07859708
4660	3.07246796
54897	3.06328574
6919	3.06145477
51449	3.0586998
148281	3.0586998
55568	3.05106453
617	3.05063501
374	3.04801347
84283	3.04496346
10333	3.04343925
149111	3.04191559
51281	3.04039201
5162	3.03852445
253152	3.03594815
10561	3.03582384
8916	3.03430171
7020	3.02531683
114884	3.02214018
340094	3.02062192
130497	3.02062192
79871	3.01795346
8310	3.01606896
148753	3.01606896
9685	3.01455197
10563	3.01447508
8369	3.01151953
84908	3.00697357
81697	3.00697357
55924	3.00545894
9034	3.00091776
727811	3.00091776
64783	2.99789444
100133205	2.99789444
5690	2.99519973
3007	2.99184713
5071	2.99157128
9037	2.99033668
2066	2.99033668
127018	2.98310523
10136	2.97675577
201625	2.9752517
10777	2.97223872
343990	2.96772381
57205	2.9602053
3558	2.9602053
2880	2.95870208
29943	2.9556994
2212	2.9555342
9759	2.95393512
1768	2.94819941
6622	2.9457184
2745	2.9407055
201626	2.93172877
55240	2.92873675
9670	2.92724292
8704	2.92724292
533	2.92724292
1802	2.92724292
26289	2.92575056
2044	2.92276295
148741	2.92276295
57088	2.92127138
6332	2.9197777
8291	2.91530578
7514	2.91364476
8503	2.91083346
27152	2.90934347
387036	2.90785505
2181	2.89212601
130540	2.89149925
79739	2.88853249
55728	2.88853249
8672	2.88556584
7203	2.88556584
391104	2.88556584
200728	2.88556584
112770	2.88556584
4883	2.88408343
3752	2.88408343
2317	2.88364639
26059	2.88259943
8728	2.8737127
55437	2.87223454
152573	2.87223454
132660	2.87096634
4811	2.86631742
2817	2.8648419
100130449	2.8648419
51100	2.86188685
3749	2.86188685
284654	2.85893295
9140	2.85450836
3557	2.85450836
1176	2.85450836
11073	2.85423567
165631	2.84861176
57380	2.84566429
2822	2.84566429
8490	2.84419348
6913	2.84272158
5362	2.84272158
6311	2.84227723
57127	2.84124863
285419	2.84124863
10954	2.84124863
54899	2.83683564
23380	2.83242866
57535	2.82949186
64084	2.82802211
80133	2.8265544
790	2.82519275
84230	2.8236222
9079	2.82264804
9778	2.82215484
84709	2.82215484
4717	2.82215484
10409	2.82068955
6310	2.81788967
6452	2.81629181
266812	2.81482912
200403	2.81482912
9411	2.81336287
9779	2.81190154
1130	2.80898424
128229	2.80897399
55016	2.80853041
2899	2.8075106
201627	2.8075106
912	2.80166463
3765	2.79874493
55966	2.79436535
3662	2.79290716
4879	2.79157486
10274	2.78999199
27303	2.78707765
64895	2.78561982
285780	2.78561982
84173	2.78416423
822	2.78416423
5581	2.78416423
87178	2.783907
2119	2.78125186
129684	2.77979774
55137	2.77688842
23037	2.77543327
2162	2.77107378
5195	2.76892347
378807	2.76526765
3064	2.76052086
163486	2.75946573
915	2.75920052
7141	2.75656754
10213	2.75656754
60672	2.75463159
64579	2.74932877
80059	2.74354445
9927	2.74065463
5906	2.73936349
9894	2.7361518
6184	2.73199569
55183	2.72911164
27123	2.72767096
24	2.72767096
221710	2.72767096
57537	2.72623042
405754	2.72623042
98	2.72479003
79155	2.72190978
8359	2.72157962
27255	2.72046994
26009	2.7190303
22887	2.71615398
317649	2.71328088
57120	2.71029663
22920	2.70753569
51702	2.69892875
23527	2.69892875
152100	2.69892875
152002	2.69892875
60526	2.69749591
3631	2.69749591
92196	2.69319982
5144	2.68604635
817	2.6846175
284656	2.6846175
148641	2.6846175
55220	2.68318706
55289	2.67604699
256435	2.67604699
11338	2.67479574
84236	2.66891704
80155	2.66749287
55229	2.66749287
388585	2.66749287
6326	2.66179858
26225	2.66037567
6015	2.65927219
642987	2.65895147
6480	2.65752994
200523	2.65752994
353131	2.65610912
2850	2.65468706
2596	2.65468706
54810	2.65184512
1131	2.65042527
83953	2.64758592
133746	2.64616837
93109	2.64474968
7095	2.6419128
148979	2.64049463
53353	2.63624516
256987	2.63483036
84984	2.63341456
54965	2.63341456
8941	2.63199964
10667	2.63199964
654412	2.6291706
54884	2.62775652
4481	2.62629765
9750	2.62351612
84740	2.62351612
845	2.62351612
60312	2.62351612
23507	2.62351612
79906	2.62210392
5334	2.62210392
79675	2.62069267
131566	2.61928057
11186	2.61691836
7871	2.61222766
27246	2.61222766
56987	2.61081973
9911	2.60940929
65062	2.60940929
64778	2.60940929
9580	2.60800164
51086	2.60800164
151126	2.60659328
2888	2.60377798
50859	2.60237106
1656	2.60193193
100129534	2.60096521
253827	2.59949934
80746	2.59815333
1795	2.59674732
57514	2.59534243
11063	2.59253431
5212	2.58972566
10500	2.58972566
201562	2.58691995
2559	2.58551802
1879	2.58411559
84320	2.57991217
344148	2.57991217
10964	2.57991217
10815	2.56732408
84570	2.56592635
170690	2.56592635
64411	2.56452991
285613	2.56452991
152098	2.56313478
6122	2.55962336
909	2.55894775
7802	2.55755316
10144	2.55755316
442117	2.55476643
133015	2.55476643
7047	2.55197889
7060	2.5505864
9917	2.54223918
64222	2.54223918
7424	2.54084885
55257	2.54061449
66037	2.53945996
266553	2.53945996
79614	2.53807099
259266	2.53807099
51603	2.53668197
84303	2.5352944
8674	2.53390531
6664	2.53390531
54826	2.53251769
23262	2.53251769
8618	2.53113153
51594	2.52974391
131034	2.52835777
54361	2.52558704
54718	2.52420101
11119	2.52420101
7130	2.5228165
11102	2.5228165
79139	2.5204696
8602	2.51866345
55252	2.51866345
50940	2.51866345
317648	2.51866345
10227	2.51866345
56852	2.51589813
9403	2.51451566
8317	2.51451566
92689	2.51313332
51304	2.51037053
10246	2.50898868
5081	2.50760843
3625	2.50760843
27086	2.50760843
727797	2.50346887
1234	2.50346887
57406	2.50208946
558	2.50084907
81573	2.50071166
340156	2.50071166
127396	2.50071166
11147	2.50071166
65055	2.49795545
9813	2.49657706
9389	2.49657706
9674	2.49520031
9223	2.49520031
131583	2.49382386
10384	2.49107186
4651	2.48145053
91431	2.48007755
10716	2.47870497
64342	2.47458976
166378	2.47458976
550112	2.4732189
339967	2.4732189
3578	2.47047854
153328	2.47047854
83593	2.46774006
6578	2.46774006
1939	2.46774006
5520	2.46769249
9392	2.46637027
79669	2.46637027
643896	2.46637027
344805	2.46637027
79172	2.46226525
3973	2.46226525
391356	2.46226525
1608	2.46226525
11036	2.46226525
729	2.4608988
51057	2.4608988
7018	2.45953162
353134	2.45953162
353133	2.45953162
353132	2.45953162
10623	2.458165
950	2.45679893
254827	2.4513367
2590	2.44724542
9736	2.4417944
7799	2.4417944
57337	2.4417944
149095	2.44043329
127579	2.44043329
85013	2.43907165
2046	2.43907165
10385	2.43907165
90874	2.43771071
911	2.43635045
79443	2.43635045
6847	2.4349909
658	2.43227156
56670	2.43227156
55037	2.4281957
57142	2.42548028
150684	2.42548028
2257	2.42412314
686	2.42005529
84077	2.41869903
6643	2.41869903
64744	2.41599009
448834	2.41599009
128025	2.41599009
5627	2.41328108
353137	2.41328108
480	2.40922168
84639	2.4078699
5156	2.4078699
84059	2.40651788
353135	2.40651788
8801	2.40516675
57504	2.40516675
79840	2.40381541
151295	2.40381541
57576	2.40246387
400745	2.40246387
51705	2.40111324
323	2.40111324
54502	2.39841365
56998	2.39571561
79648	2.39285833
23092	2.3916719
9125	2.3903245
8648	2.3903245
57695	2.3903245
79750	2.38897701
390	2.38897701
4063	2.38763051
8419	2.38628394
1482	2.38224816
84068	2.38090354
6583	2.38090354
5132	2.3782153
108	2.3782153
83734	2.37418562
53834	2.37418562
5707	2.37284417
692225	2.37150174
51043	2.37150174
255104	2.37150174
23569	2.37150174
3708	2.3701604
151195	2.3701604
4627	2.36602581
51802	2.36479783
285659	2.36479783
23261	2.36211918
57679	2.36078054
51426	2.36078054
57795	2.35676551
460	2.35676551
11240	2.35676551
3024	2.35542848
166863	2.35542848
344901	2.35409163
2868	2.35275497
27185	2.35275497
9249	2.35141851
152404	2.35141851
57554	2.35008323
5915	2.34741235
4881	2.34741235
374986	2.34741235
25885	2.34607775
6767	2.34526092
55733	2.34474436
150864	2.34341026
130026	2.34341026
64839	2.34207643
79862	2.33674679
64283	2.33674679
285692	2.33541537
56999	2.33408427
2272	2.33408427
116496	2.33408427
7738	2.33142307
152330	2.33142307
284525	2.33009299
6507	2.32743391
4052	2.32743391
23139	2.32477633
868	2.32212124
4919	2.32212124
54798	2.32079385
941	2.31946688
3161	2.31946688
64105	2.31814033
401105	2.31814033
22989	2.31814033
5351	2.31681423
26999	2.31548856
23215	2.31548856
1677	2.31548856
388650	2.31416335
344758	2.31283771
399	2.31151344
9972	2.30754174
285590	2.30754174
166336	2.30754174
118429	2.30621855
84126	2.30489587
51246	2.30489587
127254	2.30489587
11277	2.30489587
49860	2.30357371
84417	2.30225208
11174	2.30225208
343099	2.29960957
10396	2.29960957
4345	2.29828871
2560	2.29828871
8412	2.29696842
3554	2.29696842
23499	2.29696842
154141	2.29696842
204851	2.29564783
129293	2.29564783
96459	2.29432869
7048	2.29432869
51735	2.29432869
23456	2.29169045
9381	2.29037223
339778	2.29037223
26084	2.29037223
91404	2.28905378
23548	2.28773679
9829	2.28641874
9486	2.28641874
8438	2.28510217
541468	2.28510217
2202	2.28510217
81627	2.28246929
51318	2.28246929
149233	2.28115384
51015	2.27983821
26056	2.27983821
6390	2.27852327
23505	2.27852327
23271	2.277209
84873	2.2758946
56950	2.2758946
7840	2.2745809
83417	2.2732679
10242	2.2719548
25898	2.26932914
152815	2.26932914
8751	2.26408428
5272	2.26408428
23254	2.26408428
1945	2.26408428
90624	2.2614636
3655	2.2614636
3094	2.2614636
84141	2.25884525
23216	2.25884525
202374	2.25884525
54622	2.25753647
2771	2.25753647
1806	2.2562277
91522	2.25491974
22996	2.25491974
7173	2.25099766
60676	2.25099766
54585	2.25099766
10803	2.25099766
22925	2.24969144
7531	2.24853003
55600	2.24838529
3156	2.24838529
7345	2.24707923
55624	2.24707923
8320	2.24577402
728411	2.24577402
9659	2.24446891
400818	2.24446891
163259	2.24446891
267	2.2444396
6092	2.24316466
389158	2.24316466
91156	2.24186054
6546	2.24186054
353141	2.24186054
353140	2.24186054
287	2.24186054
255928	2.24186054
2140	2.24186054
201965	2.24186054
388962	2.23925342
9731	2.23795046
51066	2.23795046
79971	2.23534499
7498	2.23534499
10000	2.23404325
29765	2.2327417
255488	2.2327417
5793	2.23144033
22823	2.23144033
100131827	2.23144033
57451	2.2301399
151449	2.2301399
339488	2.22883968
10905	2.22883968
100130872	2.22883968
998	2.22753966
80267	2.22753966
10342	2.22753966
285051	2.22623988
54823	2.22494105
11044	2.22494105
79931	2.22364174
57539	2.22104532
10721	2.22104532
5787	2.21910179
128153	2.21845069
472	2.21734339
81839	2.21715344
23398	2.21715344
54663	2.21657155
9945	2.21067458
79753	2.21067458
5734	2.21067458
55791	2.21067458
114932	2.20937992
3108	2.20844364
79188	2.20679232
58538	2.20679232
9509	2.20291328
3840	2.20291328
3680	2.20291328
2328	2.20291328
378884	2.20162079
128209	2.20162079
80146	2.20032869
151648	2.19903698
115548	2.19903698
4065	2.19645549
7701	2.19516503
64320	2.19516503
27148	2.19516503
2327	2.19516503
57507	2.19129625
257044	2.19129625
159	2.19129625
90411	2.19000755
4547	2.19000755
60675	2.18871864
54977	2.18871864
9755	2.1863216
10007	2.18614291
79919	2.18485543
55532	2.18356911
55013	2.18356911
25816	2.18228262
7855	2.17713983
83954	2.17585528
8884	2.17457129
51374	2.17457129
10087	2.17328719
79137	2.17072068
27013	2.17072068
134359	2.17072068
3754	2.16943828
6793	2.16815581
339896	2.16815581
23240	2.16815581
80014	2.16302999
152641	2.16302999
4184	2.16046979
285643	2.16046979
284697	2.16046979
9295	2.15919032
9877	2.15791085
79642	2.15663203
79582	2.15535386
4026	2.15535386
91368	2.15407573
6932	2.15407573
6500	2.15407573
29994	2.15407573
776	2.15279764
491	2.15279764
1611	2.15279764
11249	2.15279764
11069	2.15279764
57575	2.15024348
2825	2.15024348
118433	2.15024348
11159	2.15024348
200159	2.14896681
9213	2.14769083
23286	2.14769083
353139	2.14641494
199834	2.14641494
57628	2.14513975
50999	2.14513975
23001	2.14513975
375307	2.14386467
677772	2.1425897
55054	2.1425897
254428	2.14131546
23400	2.14131546
339479	2.13622226
130574	2.13622226
84168	2.13494995
56990	2.13494995
94097	2.13240643
55100	2.13240643
22987	2.13113524
10786	2.13113524
23043	2.12986425
11138	2.12986425
5924	2.12859404
130560	2.12859404
94234	2.12732405
10720	2.12732405
1016	2.12732405
22934	2.12605428
64789	2.12478473
343035	2.12478473
9641	2.12224752
10538	2.12157518
115123	2.12097928
8295	2.1198889
6010	2.11971188
360155	2.11971188
2117	2.11971188
79033	2.11844417
730	2.11844417
5293	2.11844417
133558	2.11844417
10468	2.11844417
27302	2.11464443
23284	2.11464443
9604	2.11337844
54756	2.11337844
51294	2.11337844
153768	2.11211332
81567	2.11084794
79884	2.11084794
654	2.11084794
134	2.10958345
256076	2.10831929
23440	2.10831929
127602	2.10831929
79677	2.10452828
4774	2.10452828
133482	2.10452828
7764	2.1031059
84286	2.10200309
56897	2.10200309
2565	2.10200309
114784	2.10200309
127703	2.10074105
768239	2.09821812
285172	2.09821812
131177	2.09821812
1400	2.09695725
9942	2.09569677
63923	2.0944367
3360	2.0944367
6738	2.09317706
51022	2.09317706
2782	2.09317706
2289	2.09293902
80704	2.09191783
388646	2.09191783
163782	2.09191783
8633	2.09065903
55521	2.09065903
57282	2.08688423
3490	2.08688423
9542	2.08436962
353238	2.08185691
134111	2.08185691
63976	2.07934561
4163	2.07934561
79725	2.07809045
166614	2.07809045
79605	2.0768358
63924	2.0768358
132014	2.0768358
85461	2.07558114
5602	2.07558114
5522	2.07558114
167465	2.07558114
100129583	2.07558114
339965	2.07432752
147	2.07432752
1237	2.07432752
92737	2.07307391
9708	2.07182032
8641	2.07182032
81606	2.07182032
56114	2.07182032
56113	2.07182032
56112	2.07182032
56111	2.07182032
56110	2.07182032
56109	2.07182032
56108	2.07182032
56107	2.07182032
56106	2.07182032
56105	2.07182032
56104	2.07182032
56103	2.07182032
56102	2.07182032
56101	2.07182032
56100	2.07182032
56099	2.07182032
56098	2.07182032
56097	2.07182032
5098	2.07182032
4725	2.07182032
26025	2.07182032
3664	2.06931529
25927	2.06681146
23429	2.06556013
1789	2.0650388
343477	2.06430938
23640	2.06368947
9048	2.06180862
7092	2.06180862
6487	2.06180862
23129	2.06180862
132243	2.06180862
1010	2.06055863
55203	2.05930923
49856	2.05930923
1953	2.05930923
127262	2.05930923
79411	2.05806045
79065	2.05806045
645843	2.05806045
55139	2.05806045
51364	2.05806045
141	2.05806045
11334	2.05806045
57824	2.05681177
79626	2.05306802
79005	2.05306802
619569	2.05306802
55752	2.05306802
55341	2.05306802
4719	2.05306802
388695	2.05306802
26798	2.05306802
4015	2.05182087
3570	2.05182087
132203	2.05182087
153201	2.05057437
80006	2.04932803
51274	2.04932803
10915	2.04932803
8507	2.04808187
57113	2.04808187
127428	2.04683636
115827	2.04683636
11140	2.04662317
8647	2.04559104
51058	2.04559104
2890	2.04559104
114625	2.04559104
5768	2.04310195
200058	2.04310195
83872	2.04185772
57448	2.04185772
255119	2.04185772
94031	2.04061417
23518	2.04061417
5067	2.03937085
2049	2.03937085
2191	2.03812823
79828	2.03688538
10130	2.03440183
5601	2.0331602
5733	2.03191931
4014	2.03067869
79772	2.02943835
56997	2.02943835
2312	2.02819877
126626	2.02819877
54918	2.02448134
26272	2.02448134
1000	2.02328283
9781	2.02324297
79961	2.02200493
30820	2.02076767
10983	2.02076767
148304	2.0195303
23120	2.01829372
10402	2.01705704
114836	2.01582116
4878	2.01458565
54112	2.01088092
84284	2.00964694
2820	2.00964694
23550	2.00964694
51406	2.0084129
10048	2.0084129
5781	2.00813615
85397	2.00717971
51421	2.00717971
2042	2.00717971
57556	2.0059465
5145	2.00225025
7444	2.00101875
55120	2.00101875
131890	2.00101875
29110	1.98811728
51317	1.92108892
489	1.88624054
80714	1.87860119
84446	1.85430825
64231	1.83923638
3275	1.81674218
7184	1.78418976
6204	1.77004075
8328	1.76887453
57153	1.76729262
5463	1.76549613
11309	1.75145441
3798	1.74509788
9899	1.7305125
114882	1.72974543
56919	1.72518933
83983	1.71238434
1488	1.70182133
25833	1.69912386
85014	1.6857183
7128	1.64747536
57647	1.64704502
122953	1.63784814
161582	1.63368094
2534	1.62420145
23308	1.62049075
3855	1.61906374
7486	1.60391476
63929	1.59667027
283234	1.57945538
3805	1.56903458
3811	1.54594064
6124	1.54540974
2064	1.52694726
25895	1.51890266
57649	1.51792476
5579	1.50195657
317	1.49457848
54927	1.49277848
3763	1.4836261
397	1.48215663
51807	1.48106977
6857	1.47706759
1594	1.4653672
1558	1.4653672
51296	1.46309179
573	1.46207482
5971	1.45941883
10454	1.44910413
5893	1.44179165
9051	1.41537234
3109	1.40824258
84441	1.40708399
6916	1.40022397
9354	1.39883029
8907	1.39865934
51175	1.39732869
7284	1.38342929
6362	1.33877474
1585	1.33662307
1584	1.33662307
4842	1.33142233
11258	1.33093965
51327	1.33005309
29785	1.31930852
4794	1.31629989
22944	1.30300689
7153	1.30168772
4940	1.29877961
2099	1.28617811
10521	1.27405691
286	1.26702917
51528	1.26576662
3663	1.24869573
4076	1.24787962
29119	1.24624467
6710	1.21171653
800	1.19762686
23508	1.19333971
84901	1.1650058
10938	1.16431459
6005	1.14980376
5604	1.14803469
4704	1.14495492
7189	1.12133527
11165	1.11943257
55832	1.11829675
83696	1.11700666
65057	1.1094805
4733	1.10678324
1956	1.0959022
55666	1.09243283
56895	1.08091211
84080	1.07972002
8844	1.0705601
6468	1.06697083
8301	1.05672703
55636	1.05530334
58491	1.05300546
51013	1.05260718
57553	1.04934025
55011	1.04502964
7052	1.04419208
56993	1.03427482
813	1.02064145
669	1.01945424
2904	1.01701725
54715	0.99096793
4363	0.98850312
10240	0.98390996
9277	0.97098993
51761	0.97098993
51124	0.96820617
5885	0.96747719
2962	0.9527843
148014	0.94869274
1021	0.94603175
7074	0.94569233
57512	0.93725405
1737	0.92400903
3988	0.91777134
80019	0.90667576
81890	0.89860134
25980	0.89860134
596	0.89613026
4143	0.88891089
1523	0.88054484
1368	0.87893867
641	0.86946264
22858	0.86385214
57511	0.85546999
5306	0.85349756
6238	0.83146977
7329	0.82785887
6734	0.82651292
23410	0.81686091
9611	0.81526679
79784	0.81526679
408	0.81214477
4899	0.81027615
7332	0.8102352
10001	0.80985814
728689	0.805562
10302	0.805562
8099	0.80401379
639	0.80323827
6811	0.79955709
115426	0.7972219
4773	0.79287589
60493	0.78960531
84991	0.7839005
5896	0.7839005
22863	0.77698921
5796	0.76870441
80028	0.76672636
6850	0.76586676
154664	0.764723
22870	0.76344073
1455	0.76260197
4088	0.76004571
23552	0.75973058
79892	0.75818889
143425	0.75520605
57646	0.75478971
9734	0.75360644
1024	0.75136316
55824	0.75117779
58472	0.75095736
10133	0.74620539
1431	0.74474023
11034	0.74474023
25959	0.73932837
23344	0.73932837
10291	0.73570007
81624	0.73456727
4799	0.73450989
9441	0.72981507
9991	0.72730666
4926	0.72673446
9520	0.72655825
9645	0.72474182
7185	0.72272676
2113	0.7218163
1017	0.72144723
64786	0.71724449
9026	0.7146648
55140	0.7143575
440093	0.71335679
8945	0.71289277
80124	0.71229141
5447	0.71229141
112399	0.71009909
5578	0.70554799
5830	0.70437235
90865	0.69108321
9296	0.68276817
254394	0.68006659
26524	0.67231381
241	0.66135979
56937	0.65711606
9761	0.64655691
84166	0.63590491
9482	0.6345436
135138	0.63006806
10053	0.62714738
4594	0.62562591
22919	0.58383002
3433	0.58233329
2078	0.56560553
9126	0.54494533
55148	0.53667444
1644	0.52186471
3383	0.45844373
5252	0.44149267
5890	0.42353267
25842	0.40548999
23466	0.37809448
8454	0.37248802
1616	0.36974079
117159	0.17738333
9994	0.
9978	0.
9966	0.
9961	0.
9956	0.
9951	0.
9933	0.
9929	0.
9924	0.
9914	0.
9912	0.
9904	0.
9896	0.
989	0.
9889	0.
9886	0.
9882	0.
9846	0.
9844	0.
9841	0.
9833	0.
9811	0.
9771	0.
9762	0.
9760	0.
9745	0.
9744	0.
9742	0.
974	0.
9732	0.
9705	0.
9702	0.
9692	0.
969	0.
9663	0.
9650	0.
9649	0.
9639	0.
9638	0.
9630	0.
9622	0.
9620	0.
9619	0.
9615	0.
9601	0.
9586	0.
958	0.
957	0.
9567	0.
9550	0.
9498	0.
9496	0.
9487	0.
9474	0.
9465	0.
946	0.
9444	0.
9442	0.
9415	0.
94103	0.
94039	0.
94025	0.
9402	0.
9380	0.
9369	0.
93663	0.
93517	0.
93210	0.
930	0.
92979	0.
92949	0.
9294	0.
92912	0.
9278	0.
9271	0.
9265	0.
92421	0.
9241	0.
9236	0.
92359	0.
923	0.
92293	0.
92285	0.
9215	0.
92126	0.
9201	0.
91947	0.
9194	0.
9183	0.
9177	0.
91750	0.
91749	0.
9172	0.
9170	0.
917	0.
9169	0.
91661	0.
9162	0.
91607	0.
9159	0.
91523	0.
91452	0.
9145	0.
9143	0.
9135	0.
91133	0.
9108	0.
9098	0.
90850	0.
9071	0.
90627	0.
90594	0.
90523	0.
9021	0.
9020	0.
90135	0.
9013	0.
9001	0.
89944	0.
89887	0.
89874	0.
89858	0.
89838	0.
89766	0.
8938	0.
8935	0.
8910	0.
8898	0.
8876	0.
8838	0.
8831	0.
8829	0.
8796	0.
8792	0.
8780	0.
8755	0.
8744	0.
8739	0.
8724	0.
8705	0.
8701	0.
87	0.
8663	0.
8662	0.
8661	0.
8651	0.
8645	0.
8635	0.
8621	0.
861	0.
8581	0.
8562	0.
8557	0.
85508	0.
8550	0.
85477	0.
85458	0.
85449	0.
85442	0.
85441	0.
85437	0.
85413	0.
8538	0.
85378	0.
8534	0.
8529	0.
8528	0.
8522	0.
8512	0.
85019	0.
84986	0.
84985	0.
84971	0.
84969	0.
84961	0.
84960	0.
84941	0.
84939	0.
84930	0.
84914	0.
84881	0.
84872	0.
84787	0.
84775	0.
84747	0.
84691	0.
84678	0.
84665	0.
84660	0.
84659	0.
84650	0.
84624	0.
84623	0.
84622	0.
84612	0.
8455	0.
84530	0.
84503	0.
8448	0.
84467	0.
84461	0.
84457	0.
84433	0.
8439	0.
84332	0.
84302	0.
84300	0.
84299	0.
84293	0.
84290	0.
84287	0.
84267	0.
84256	0.
84253	0.
84231	0.
84216	0.
84206	0.
84182	0.
84159	0.
84152	0.
84101	0.
8408	0.
84073	0.
84064	0.
84056	0.
84034	0.
84000	0.
83992	0.
83988	0.
83985	0.
8398	0.
83938	0.
83889	0.
83874	0.
83862	0.
83861	0.
83860	0.
83856	0.
83698	0.
83648	0.
83643	0.
83548	0.
83543	0.
83448	0.
8313	0.
8303	0.
8224	0.
8204	0.
81846	0.
81796	0.
81706	0.
81704	0.
8170	0.
81698	0.
81623	0.
81619	0.
81578	0.
81550	0.
81539	0.
81491	0.
81035	0.
80975	0.
80833	0.
80832	0.
80831	0.
80790	0.
80761	0.
80757	0.
80726	0.
80380	0.
8038	0.
80350	0.
80332	0.
80313	0.
80233	0.
80224	0.
80223	0.
80195	0.
80129	0.
80114	0.
80036	0.
80031	0.
80018	0.
80017	0.
80005	0.
79992	0.
79986	0.
79981	0.
79977	0.
79974	0.
79958	0.
79943	0.
7994	0.
79937	0.
79935	0.
79899	0.
79890	0.
79882	0.
79874	0.
79872	0.
79866	0.
79838	0.
79837	0.
79834	0.
79811	0.
7979	0.
79783	0.
79752	0.
79747	0.
79741	0.
79731	0.
79726	0.
79720	0.
79705	0.
79698	0.
79676	0.
79659	0.
79652	0.
79632	0.
79624	0.
79607	0.
79414	0.
79365	0.
79230	0.
7923	0.
7922	0.
79187	0.
79168	0.
79086	0.
79075	0.
79068	0.
79018	0.
78996	0.
786	0.
783	0.
781	0.
775	0.
7705	0.
7704	0.
7699	0.
7694	0.
7692	0.
7673	0.
767	0.
7637	0.
7629	0.
7620	0.
7574	0.
757	0.
753	0.
7485	0.
746	0.
745	0.
744	0.
7434	0.
7421	0.
7410	0.
7356	0.
7326	0.
730051	0.
729156	0.
728747	0.
7287	0.
728464	0.
728215	0.
728190	0.
728130	0.
728118	0.
7221	0.
7156	0.
7142	0.
7103	0.
7087	0.
7080	0.
706	0.
7038	0.
7022	0.
7010	0.
7005	0.
6943	0.
6938	0.
6934	0.
692106	0.
692087	0.
6899	0.
6876	0.
6867	0.
6821	0.
6818	0.
677850	0.
677849	0.
677848	0.
6778	0.
6777	0.
677	0.
6751	0.
6729	0.
6714	0.
6677	0.
6660	0.
664701	0.
6638	0.
6614	0.
6605	0.
66004	0.
65998	0.
6590	0.
6585	0.
6570	0.
6557	0.
6554	0.
6543	0.
653639	0.
65217	0.
6517	0.
65095	0.
65084	0.
65012	0.
6490	0.
649	0.
64863	0.
64849	0.
6482	0.
64798	0.
64782	0.
64762	0.
64753	0.
647087	0.
64699	0.
646982	0.
646643	0.
646480	0.
64641	0.
645520	0.
6450	0.
64478	0.
644672	0.
6446	0.
64446	0.
64425	0.
64410	0.
6441	0.
644076	0.
64405	0.
6430	0.
643	0.
642852	0.
64184	0.
641517	0.
641451	0.
64131	0.
64096	0.
64094	0.
64093	0.
64077	0.
64072	0.
64067	0.
640	0.
63982	0.
63977	0.
6397	0.
63916	0.
63905	0.
63898	0.
63894	0.
6386	0.
6383	0.
638	0.
6366	0.
6363	0.
6334	0.
6329	0.
631	0.
6293	0.
6263	0.
6261	0.
6257	0.
6251	0.
623	0.
6196	0.
619279	0.
619208	0.
6185	0.
6128	0.
611	0.
6101	0.
6098	0.
6095	0.
606724	0.
606293	0.
60626	0.
60495	0.
6049	0.
60468	0.
6046	0.
6037	0.
6036	0.
6001	0.
5998	0.
5983	0.
595101	0.
595100	0.
595099	0.
595098	0.
595097	0.
59339	0.
59338	0.
5932	0.
5923	0.
5914	0.
5898	0.
5869	0.
5866	0.
5863	0.
58533	0.
58531	0.
58495	0.
58494	0.
58493	0.
58492	0.
58490	0.
5820	0.
5818	0.
5817	0.
581	0.
5802	0.
5801	0.
5799	0.
5797	0.
5791	0.
5789	0.
57864	0.
57862	0.
57834	0.
578	0.
57798	0.
57794	0.
5774	0.
57727	0.
57713	0.
57711	0.
5771	0.
57706	0.
57705	0.
577	0.
57699	0.
57698	0.
57689	0.
57687	0.
57673	0.
57658	0.
57644	0.
57623	0.
57614	0.
57605	0.
57589	0.
57585	0.
57580	0.
57573	0.
57572	0.
57565	0.
5756	0.
57542	0.
57541	0.
57538	0.
57532	0.
57521	0.
57505	0.
57497	0.
57478	0.
57476	0.
57468	0.
57464	0.
57460	0.
57419	0.
574028	0.
574016	0.
57381	0.
57348	0.
5732	0.
5729	0.
57226	0.
57224	0.
57221	0.
572	0.
57194	0.
5719	0.
57180	0.
57178	0.
57157	0.
57156	0.
57154	0.
57130	0.
57109	0.
57106	0.
57101	0.
57099	0.
57094	0.
57053	0.
57030	0.
57020	0.
57001	0.
5699	0.
56971	0.
56946	0.
56935	0.
56934	0.
56899	0.
56889	0.
5687	0.
56834	0.
5681	0.
56704	0.
56659	0.
56649	0.
5654	0.
5651	0.
56479	0.
56478	0.
5636	0.
56341	0.
5630	0.
56270	0.
56260	0.
56244	0.
56243	0.
5620	0.
5619	0.
56169	0.
5592	0.
55911	0.
55902	0.
5588	0.
55876	0.
55848	0.
5583	0.
55809	0.
55800	0.
55790	0.
55784	0.
55756	0.
55755	0.
55747	0.
55742	0.
55734	0.
55727	0.
55703	0.
55691	0.
55684	0.
55643	0.
55633	0.
55620	0.
55617	0.
55612	0.
55576	0.
55572	0.
55561	0.
55536	0.
5553	0.
55500	0.
55425	0.
554236	0.
55421	0.
5537	0.
55350	0.
55331	0.
55304	0.
55301	0.
55298	0.
552900	0.
55281	0.
55259	0.
55253	0.
55239	0.
55226	0.
55208	0.
55206	0.
55205	0.
552	0.
55196	0.
55174	0.
55166	0.
55118	0.
55106	0.
55102	0.
55069	0.
55065	0.
55055	0.
55035	0.
55030	0.
5502	0.
55012	0.
55005	0.
55004	0.
54972	0.
54947	0.
54914	0.
54902	0.
54878	0.
54875	0.
548593	0.
54852	0.
54851	0.
54843	0.
54836	0.
548321	0.
54815	0.
54778	0.
54768	0.
54764	0.
54714	0.
5469	0.
5467	0.
54629	0.
54584	0.
54566	0.
54550	0.
54549	0.
54537	0.
54517	0.
54504	0.
54498	0.
54477	0.
54468	0.
54467	0.
54331	0.
54207	0.
5420	0.
54148	0.
5409	0.
54084	0.
54014	0.
53942	0.
5368	0.
53630	0.
5336	0.
53347	0.
53345	0.
5331	0.
5318	0.
5314	0.
5305	0.
5294	0.
5288	0.
5241	0.
5218	0.
5209	0.
5189	0.
51816	0.
51755	0.
51741	0.
51733	0.
51657	0.
51643	0.
51622	0.
51621	0.
51605	0.
51596	0.
51573	0.
51561	0.
5155	0.
51537	0.
51535	0.
5153	0.
51527	0.
51513	0.
51510	0.
5150	0.
5149	0.
51479	0.
5143	0.
51429	0.
51422	0.
51393	0.
5139	0.
5138	0.
51371	0.
5137	0.
51352	0.
51350	0.
51310	0.
51305	0.
51291	0.
51276	0.
51275	0.
51272	0.
51266	0.
5126	0.
51225	0.
51201	0.
51150	0.
51134	0.
51119	0.
51092	0.
51087	0.
51079	0.
51071	0.
51061	0.
51059	0.
51050	0.
51030	0.
5101	0.
51004	0.
509	0.
50863	0.
50862	0.
50855	0.
50808	0.
50807	0.
5079	0.
50632	0.
50624	0.
50515	0.
50508	0.
50507	0.
5045	0.
5036	0.
5018	0.
5003	0.
4988	0.
4987	0.
49855	0.
4978	0.
497258	0.
4948	0.
493901	0.
4938	0.
4927	0.
4923	0.
4915	0.
4882	0.
487	0.
4815	0.
4784	0.
4782	0.
4781	0.
4772	0.
4745	0.
474354	0.
4741	0.
4734	0.
4702	0.
4665	0.
4645	0.
4640	0.
4602	0.
4601	0.
4593	0.
445815	0.
441666	0.
441631	0.
441425	0.
441394	0.
441151	0.
440508	0.
440354	0.
440350	0.
440279	0.
440163	0.
440145	0.
4337	0.
4313	0.
4295	0.
4294	0.
4293	0.
4289	0.
4282	0.
4256	0.
4253	0.
4234	0.
4223	0.
4216	0.
420	0.
4191	0.
417	0.
415056	0.
414926	0.
4091	0.
406	0.
404636	0.
4041	0.
404037	0.
4035	0.
4033	0.
4023	0.
401548	0.
401541	0.
401498	0.
401494	0.
401491	0.
401474	0.
401285	0.
401253	0.
400830	0.
400591	0.
4004	0.
400223	0.
400	0.
40	0.
399979	0.
399959	0.
399717	0.
399694	0.
3996	0.
3995	0.
3992	0.
3991	0.
3990	0.
3983	0.
3931	0.
392979	0.
3927	0.
3910	0.
390927	0.
3908	0.
390688	0.
390439	0.
390261	0.
390077	0.
390037	0.
389799	0.
3895	0.
389432	0.
389400	0.
389396	0.
389384	0.
388815	0.
388566	0.
388561	0.
388512	0.
388503	0.
388381	0.
388341	0.
388325	0.
388284	0.
388242	0.
388228	0.
388011	0.
387837	0.
387700	0.
387590	0.
387104	0.
386685	0.
3854	0.
3852	0.
3845	0.
3839	0.
3837	0.
3834	0.
3833	0.
3817	0.
3809	0.
3786	0.
3784	0.
3783	0.
3778	0.
375940	0.
375748	0.
375704	0.
375616	0.
374900	0.
374899	0.
374887	0.
374868	0.
3747	0.
374355	0.
374291	0.
3741	0.
3736	0.
3710	0.
3709	0.
3705	0.
3698	0.
3688	0.
3669	0.
364	0.
3607	0.
3605	0.
3590	0.
3574	0.
3560	0.
3559	0.
354	0.
3508	0.
349136	0.
349114	0.
3487	0.
3484	0.
348013	0.
3479	0.
347734	0.
347731	0.
347168	0.
346389	0.
3460	0.
345930	0.
3459	0.
342909	0.
342184	0.
341019	0.
340719	0.
340481	0.
340441	0.
340351	0.
340273	0.
339324	0.
339047	0.
338661	0.
338645	0.
3386	0.
338567	0.
3385	0.
3382	0.
3359	0.
3356	0.
3276	0.
3268	0.
326342	0.
320	0.
3174	0.
3169	0.
3163	0.
3128	0.
3127	0.
3123	0.
3120	0.
3118	0.
3117	0.
3116	0.
3112	0.
3111	0.
311	0.
3098	0.
3097	0.
3084	0.
30815	0.
30811	0.
3062	0.
3048	0.
3026	0.
30010	0.
29988	0.
29965	0.
29951	0.
29924	0.
29887	0.
29886	0.
29883	0.
29850	0.
29799	0.
2977	0.
2974	0.
2972	0.
2941	0.
2937	0.
2918	0.
2915	0.
29123	0.
2911	0.
29091	0.
29090	0.
29066	0.
29028	0.
29015	0.
28996	0.
2898	0.
2894	0.
2893	0.
288	0.
286887	0.
286319	0.
286205	0.
286135	0.
286128	0.
286046	0.
285987	0.
285847	0.
285761	0.
2853	0.
284805	0.
2847	0.
284459	0.
284434	0.
284417	0.
284349	0.
284348	0.
284339	0.
284297	0.
284276	0.
284217	0.
283999	0.
283927	0.
283899	0.
283869	0.
283867	0.
283777	0.
283748	0.
283663	0.
283643	0.
283635	0.
283601	0.
283537	0.
283514	0.
283464	0.
283461	0.
283455	0.
283385	0.
283316	0.
283149	0.
282974	0.
2800	0.
2793	0.
2788	0.
2776	0.
2768	0.
2765	0.
2746	0.
27445	0.
2738	0.
27343	0.
27342	0.
27340	0.
27324	0.
2731	0.
273	0.
27294	0.
27290	0.
27241	0.
272	0.
27181	0.
27180	0.
27164	0.
27154	0.
27153	0.
27143	0.
27141	0.
27111	0.
27102	0.
27091	0.
27087	0.
27067	0.
27040	0.
27036	0.
27019	0.
2692	0.
2688	0.
2686	0.
26807	0.
26800	0.
26788	0.
26740	0.
2671	0.
266727	0.
266722	0.
26636	0.
26509	0.
26503	0.
2649	0.
26468	0.
26297	0.
26267	0.
26266	0.
26263	0.
26259	0.
26258	0.
2625	0.
26230	0.
2621	0.
26207	0.
26206	0.
26205	0.
2620	0.
26093	0.
26074	0.
26053	0.
26047	0.
26037	0.
26035	0.
26034	0.
26033	0.
26031	0.
26017	0.
26011	0.
25987	0.
25970	0.
25966	0.
25943	0.
25923	0.
2592	0.
25914	0.
25911	0.
25906	0.
25891	0.
25861	0.
25850	0.
25841	0.
25837	0.
2583	0.
25824	0.
25817	0.
25809	0.
25803	0.
25794	0.
25793	0.
25777	0.
25776	0.
25769	0.
257019	0.
2570	0.
256979	0.
256764	0.
256691	0.
256536	0.
2562	0.
255967	0.
255926	0.
255783	0.
255394	0.
255193	0.
254956	0.
254778	0.
254427	0.
254272	0.
254013	0.
253970	0.
253935	0.
253769	0.
253714	0.
252983	0.
2526	0.
246778	0.
246213	0.
246	0.
245915	0.
245911	0.
242	0.
2395	0.
23787	0.
23774	0.
23768	0.
23767	0.
23762	0.
23729	0.
23705	0.
23678	0.
23650	0.
23627	0.
23590	0.
23562	0.
23556	0.
23547	0.
23544	0.
23543	0.
23541	0.
23534	0.
2352	0.
23516	0.
23510	0.
23504	0.
23503	0.
23467	0.
23457	0.
23452	0.
23413	0.
23387	0.
23384	0.
23383	0.
23382	0.
23365	0.
23362	0.
23359	0.
23348	0.
23345	0.
23328	0.
23316	0.
23306	0.
23287	0.
23283	0.
23281	0.
23263	0.
23255	0.
23245	0.
23236	0.
23230	0.
23223	0.
2322	0.
23213	0.
23212	0.
23195	0.
23189	0.
23187	0.
2318	0.
23170	0.
23151	0.
23143	0.
23140	0.
2314	0.
23130	0.
2313	0.
23108	0.
23094	0.
23086	0.
23081	0.
23080	0.
2308	0.
23075	0.
23072	0.
23071	0.
2304	0.
23034	0.
23030	0.
23026	0.
23025	0.
23002	0.
22999	0.
22941	0.
22929	0.
22894	0.
22891	0.
22888	0.
22882	0.
22881	0.
22876	0.
22862	0.
22856	0.
22852	0.
22839	0.
22835	0.
22822	0.
22806	0.
22801	0.
2280	0.
22798	0.
2263	0.
2259	0.
2242	0.
2237	0.
223082	0.
223075	0.
222967	0.
222659	0.
222521	0.
2220	0.
221981	0.
221935	0.
221895	0.
2218	0.
221504	0.
221496	0.
221477	0.
221472	0.
221468	0.
221458	0.
221409	0.
221074	0.
221002	0.
220965	0.
220929	0.
220388	0.
220164	0.
220108	0.
220107	0.
220081	0.
220074	0.
219956	0.
219927	0.
219902	0.
219790	0.
219699	0.
219681	0.
219621	0.
2167	0.
216	0.
2139	0.
2138	0.
2131	0.
2120	0.
2103	0.
2081	0.
208	0.
207	0.
2065	0.
2040	0.
2036	0.
203259	0.
203228	0.
203197	0.
203074	0.
203	0.
202500	0.
2022	0.
2020	0.
201456	0.
201266	0.
201176	0.
201158	0.
199800	0.
1993	0.
198437	0.
196528	0.
196527	0.
196403	0.
196394	0.
196385	0.
196051	0.
1954	0.
192134	0.
1910	0.
1908	0.
1827	0.
1826	0.
1825	0.
1811	0.
1804	0.
1780	0.
1769	0.
1740	0.
1717	0.
170692	0.
170691	0.
169792	0.
169436	0.
169044	0.
1690	0.
164714	0.
164656	0.
164592	0.
163255	0.
163115	0.
1630	0.
162282	0.
1620	0.
161931	0.
161835	0.
161424	0.
161357	0.
161176	0.
1607	0.
160492	0.
160364	0.
160140	0.
160065	0.
159963	0.
159371	0.
1591	0.
158471	0.
158405	0.
158326	0.
158219	0.
158158	0.
158135	0.
158067	0.
158046	0.
158038	0.
157848	0.
157	0.
155435	0.
155054	0.
154214	0.
154089	0.
154043	0.
1506	0.
150379	0.
150223	0.
150221	0.
150165	0.
150082	0.
149951	0.
149840	0.
1497	0.
148113	0.
147991	0.
147929	0.
147923	0.
147841	0.
147804	0.
147727	0.
147495	0.
147372	0.
147166	0.
147015	0.
1469	0.
146894	0.
146857	0.
146664	0.
146395	0.
1463	0.
146227	0.
146206	0.
146167	0.
145957	0.
145837	0.
145508	0.
145483	0.
145482	0.
145376	0.
145282	0.
145200	0.
144165	0.
144108	0.
143888	0.
143689	0.
143686	0.
143684	0.
143502	0.
143501	0.
143458	0.
143241	0.
143187	0.
143	0.
1411	0.
140881	0.
140809	0.
140803	0.
140775	0.
140733	0.
140710	0.
140685	0.
140612	0.
140578	0.
138804	0.
138803	0.
138716	0.
1387	0.
138639	0.
138255	0.
138199	0.
137970	0.
137902	0.
137872	0.
137868	0.
136895	0.
136371	0.
136306	0.
136288	0.
136227	0.
136	0.
135	0.
133	0.
1305	0.
1303	0.
1302	0.
1297	0.
129049	0.
128553	0.
1282	0.
1278	0.
1271	0.
1268	0.
126792	0.
126541	0.
126231	0.
126129	0.
125950	0.
125931	0.
125704	0.
125336	0.
125206	0.
125170	0.
125150	0.
125144	0.
125058	0.
124976	0.
124961	0.
124936	0.
124842	0.
124626	0.
124540	0.
124056	0.
123624	0.
123606	0.
123591	0.
1235	0.
123041	0.
122945	0.
122786	0.
122664	0.
122651	0.
122481	0.
121551	0.
121512	0.
121506	0.
121256	0.
121214	0.
120939	0.
1209	0.
120892	0.
1201	0.
119765	0.
119559	0.
119548	0.
119467	0.
118663	0.
118472	0.
118430	0.
117531	0.
117289	0.
117286	0.
117283	0.
116988	0.
116985	0.
116969	0.
116835	0.
116534	0.
116512	0.
116447	0.
116328	0.
116154	0.
116028	0.
115825	0.
115817	0.
115584	0.
115557	0.
114822	0.
114792	0.
114788	0.
114780	0.
114614	0.
114609	0.
114569	0.
114299	0.
114134	0.
113622	0.
113178	0.
113146	0.
113091	0.
1129	0.
112849	0.
112812	0.
11274	0.
11273	0.
11264	0.
11260	0.
11245	0.
112401	0.
1124	0.
11226	0.
11214	0.
11197	0.
11196	0.
11185	0.
11181	0.
11179	0.
11177	0.
11144	0.
1114	0.
11122	0.
1112	0.
11116	0.
11112	0.
11101	0.
11098	0.
11093	0.
1106	0.
11055	0.
11030	0.
11025	0.
11015	0.
10990	0.
10973	0.
10961	0.
10956	0.
10948	0.
10910	0.
10880	0.
10876	0.
1087	0.
10868	0.
10850	0.
10846	0.
10844	0.
10842	0.
10810	0.
10749	0.
10730	0.
10718	0.
10677	0.
10659	0.
10610	0.
10607	0.
10579	0.
10540	0.
10529	0.
10527	0.
10507	0.
105	0.
10499	0.
10484	0.
1048	0.
10478	0.
10476	0.
10471	0.
10466	0.
10464	0.
10423	0.
10418	0.
10411	0.
10406	0.
10400	0.
104	0.
10395	0.
10371	0.
10365	0.
10363	0.
10345	0.
10332	0.
10320	0.
1032	0.
10317	0.
10313	0.
10287	0.
1028	0.
10276	0.
10260	0.
10257	0.
10244	0.
10237	0.
10208	0.
10202	0.
10198	0.
10196	0.
1015	0.
10138	0.
10126	0.
10125	0.
1012	0.
10106	0.
10102	0.
10090	0.
1009	0.
10086	0.
10082	0.
10068	0.
10055	0.
10043	0.
10023	0.
10019	0.
100131193	0.
100128927	0.
100128782	0.
100126781	0.
100125288	0.
100124539	0.
10006	0.
100036519	0.
10	0.
