100048912	31.33441901
4507	29.64397414
1029	27.93792677
1030	26.90529177
4018	12.51144928
79800	11.42144613
221692	11.21968269
65065	10.75448733
130026	10.38404995
55759	10.35163999
6943	10.33348202
84722	9.53910216
1952	9.53910216
1282	9.12531358
8882	9.09582563
84811	9.09582563
6597	9.03386522
1284	8.87330871
51530	8.65364703
11173	8.38615818
8613	7.84466396
2335	7.83332069
686	7.73282827
26061	7.73282827
1024	7.54714878
22808	7.47625353
3459	7.43139356
4869	7.23746682
154089	7.20551195
1143	7.06348626
5781	7.02590119
28	6.9625735
136991	6.89304586
6311	6.88941029
347736	6.86646109
217	6.86646109
4633	6.78251606
4023	6.61978876
23294	6.60032078
84439	6.57348874
5340	6.53271364
1909	6.47002796
6581	6.34294415
51802	6.3419886
23293	6.28399666
8315	6.25026368
10858	6.20830935
64241	6.18845554
64240	6.18845554
116519	6.08990945
2983	6.0879464
79940	6.04769199
283450	6.03385827
10906	6.03385827
1586	6.00394928
9564	6.00101168
6678	5.94758921
7010	5.86252067
6836	5.86012091
169436	5.86012091
54805	5.83268267
80724	5.82102305
5008	5.7557301
23316	5.74472749
558	5.72736882
3621	5.69349266
3382	5.68431849
6687	5.66958623
80350	5.64589156
6927	5.64589156
26960	5.5687931
57787	5.56023355
3635	5.49214413
253559	5.49079748
57608	5.4867824
2982	5.46344156
4833	5.45481798
1286	5.45398002
65264	5.44733178
1026	5.4396908
11100	5.40560745
80018	5.38510278
1071	5.37870395
1119	5.36796888
7422	5.36451625
6484	5.35654732
351	5.35212138
11267	5.3400838
6720	5.31422709
10743	5.2873503
55785	5.28399666
169792	5.27245874
57412	5.27164622
119032	5.27164622
9509	5.23660997
1350	5.23062267
3993	5.22548303
29123	5.22257318
54886	5.21715625
9252	5.19825111
10019	5.19722627
90324	5.18442225
56479	5.18243463
8638	5.15926677
64897	5.15926677
54715	5.15117895
3988	5.1214782
1158	5.11549648
10498	5.1145828
57053	5.09073723
2099	5.08428835
7145	5.07863433
5071	5.045855
6137	4.9788107
10919	4.97313921
388389	4.96657624
2670	4.96657624
80736	4.95860731
4758	4.95860731
64757	4.95822921
57178	4.95467702
2272	4.95295079
23026	4.95078198
89894	4.92811799
22978	4.92811799
54838	4.91721463
6582	4.90987415
9815	4.90657831
257194	4.89619628
6954	4.86646109
54509	4.86636146
83450	4.86327943
146691	4.86327943
10642	4.8569852
26084	4.85078089
3949	4.84466396
2695	4.83268267
84260	4.81815641
7181	4.81661895
84129	4.80972953
148206	4.79860288
7040	4.79588002
9570	4.7878124
649	4.78515615
26330	4.78252449
8379	4.77989191
5878	4.77064382
1615	4.76700389
7075	4.7594862
51715	4.75862855
5328	4.75696195
414236	4.75696195
7037	4.75202673
7629	4.74472749
10961	4.74232143
4811	4.74126452
54014	4.73356246
3990	4.73126327
25902	4.7235382
2492	4.71896663
7915	4.70991648
2012	4.69680394
1655	4.69470344
124491	4.68824614
10428	4.68824614
79876	4.68802231
2321	4.68353795
40	4.67668323
2042	4.66989133
1398	4.66786142
9376	4.66673149
6097	4.65364703
339398	4.65364703
55204	4.63638802
84072	4.63078414
5045	4.62525165
606500	4.62342304
55062	4.61978876
254251	4.61439373
150864	4.61439373
344758	4.59687948
54887	4.59006688
392979	4.59006688
11182	4.58335949
11094	4.58335949
56252	4.58004425
22931	4.57772324
339047	4.57675413
54507	4.56859206
55967	4.56224944
11093	4.56066731
57537	4.5559552
54435	4.54821356
26469	4.54477718
4486	4.53461715
10293	4.52776204
8887	4.51712642
56954	4.50887423
3716	4.50184664
50484	4.50168945
8766	4.49622088
1793	4.48945499
1520	4.48148606
79012	4.47625353
7295	4.47495519
3685	4.47145711
1139	4.46641549
57404	4.46292244
26095	4.4556045
2139	4.44855
2200	4.44382413
196051	4.44034198
91647	4.43062609
79018	4.43062609
51196	4.43062609
388394	4.4202164
1373	4.41744057
1290	4.41433694
64151	4.4134127
83850	4.41109844
25758	4.40671393
9644	4.40450378
383	4.40427398
2648	4.40380052
2903	4.40230481
5890	4.39685563
8543	4.39066545
151888	4.36859092
32	4.36755089
2882	4.36051351
11155	4.34775366
56899	4.34076111
400043	4.33441901
57466	4.32975415
4803	4.3257433
170690	4.32353612
1145	4.32049119
3570	4.31515464
6542	4.31271081
170691	4.30744819
727677	4.30451832
8563	4.3036379
1956	4.30045019
286144	4.29242982
345062	4.29218791
1592	4.29016972
63826	4.2873503
1993	4.28399666
10413	4.28367674
25992	4.27736608
1825	4.27736608
51170	4.27615614
6580	4.27316474
51244	4.26680273
55705	4.26520017
25802	4.26042766
647946	4.25806092
144455	4.25806092
54820	4.25649024
4629	4.25649024
3690	4.24842128
84293	4.24488773
716	4.24488773
2677	4.23882419
9015	4.23284413
8645	4.2313619
126402	4.22694531
283571	4.21896306
83657	4.21681131
9559	4.21408602
81565	4.21324858
4144	4.20830935
10180	4.20760831
57703	4.20431841
5789	4.20204036
5581	4.20065945
4193	4.19799084
80739	4.19430196
5536	4.19178903
343263	4.19111413
5184	4.18976748
1278	4.18569128
58472	4.17848647
6631	4.16589526
5819	4.1655793
8841	4.16415272
10622	4.16115091
400073	4.1580152
54876	4.15676722
10181	4.15242734
80333	4.15181088
79991	4.14996674
51534	4.14935376
55243	4.14874165
1380	4.14448084
949	4.1414628
57616	4.1408617
80380	4.13906338
55848	4.13906338
771	4.13786862
144717	4.13371266
8673	4.1266794
10791	4.1266794
54897	4.11861534
89866	4.11690664
160760	4.11294562
144715	4.11294562
144100	4.1079054
10599	4.10182352
57403	4.10076769
10893	4.09528445
516	4.09366496
3107	4.08990945
3106	4.08990945
6598	4.08852044
5602	4.08110335
6251	4.08039898
84329	4.07987667
51168	4.07987667
401546	4.06854213
10073	4.06361944
144348	4.06298389
6938	4.06224713
79648	4.06008467
54842	4.0540393
222235	4.05354773
4330	4.05158703
5501	4.0507131
53981	4.04740525
1463	4.04720756
10	4.04383157
9778	4.03058409
28232	4.03011836
7917	4.02969519
29993	4.02826041
154075	4.02502801
440387	4.02319166
1504	4.02319166
64771	4.01592297
4088	4.01278077
145837	4.01188716
501	4.00890563
9612	4.00832653
149998	4.00492162
2066	4.00291583
23180	4.00086946
3178	3.99963822
10524	3.99591628
57492	3.99488447
83732	3.98547946
255809	3.98547946
1785	3.98547946
11018	3.98547946
114793	3.98464024
2114	3.98226563
481	3.98005332
29922	3.98005332
55741	3.97798426
64778	3.97674754
122786	3.97387548
23317	3.96940028
2029	3.96940028
64902	3.96532837
54828	3.96177736
22944	3.96105373
80023	3.95900231
2122	3.95781841
23149	3.95272513
1819	3.94423954
649853	3.94157398
10255	3.94157398
84444	3.94005811
55274	3.93933198
340198	3.93854752
285830	3.93854752
23092	3.93704217
149345	3.92922354
10395	3.92885471
23105	3.92811799
6369	3.92118082
5027	3.91973437
1876	3.9173827
10152	3.91470942
9425	3.91319373
27303	3.91257354
26275	3.90941455
81619	3.90517962
6584	3.90418446
85379	3.90239567
1761	3.89962945
4214	3.89928491
27030	3.89448982
10284	3.89274594
6857	3.89138565
57705	3.89003666
9353	3.88873749
8624	3.88806572
3091	3.88415823
51071	3.88109151
266722	3.88041423
2121	3.87778412
1400	3.87778412
3628	3.87634287
2967	3.874405
339896	3.8728952
6583	3.87168907
10752	3.87031011
89796	3.86201327
160762	3.85792354
252969	3.8569852
87	3.85688801
25852	3.85263289
8125	3.8517059
5087	3.84903254
121665	3.84893675
3554	3.84771166
10753	3.84649001
84166	3.84496777
2242	3.84436037
8027	3.84410806
9933	3.84405698
10466	3.84405698
5873	3.84107172
84970	3.83654045
2762	3.83654045
26258	3.83594471
3014	3.83477538
51560	3.83239458
51301	3.82448819
10690	3.82304102
1600	3.81694852
84302	3.81530857
118980	3.81067
5175	3.81050969
7837	3.80565997
29113	3.804931
170679	3.804931
1041	3.804931
79783	3.80134291
2959	3.80112217
715	3.79560867
88455	3.79479564
401409	3.79379882
4025	3.7883456
5336	3.78718548
84077	3.78304279
64478	3.78067749
79899	3.78015361
8495	3.77884668
55313	3.77728353
23359	3.77365791
10868	3.77308417
25817	3.76853041
64754	3.76725794
5021	3.76624264
389383	3.7652297
9388	3.76503409
2863	3.76170293
4325	3.76120144
256691	3.75995023
9159	3.75920123
6876	3.75920123
51092	3.75920123
51255	3.75820457
129303	3.75820457
6095	3.75621808
9901	3.75604662
26063	3.75473416
83758	3.75227217
51279	3.75227217
283314	3.75227217
130733	3.75153628
23304	3.7483501
81567	3.74763249
654	3.74763249
871	3.74690441
1794	3.74496884
100131897	3.74496884
5618	3.7418469
858	3.74040612
857	3.74040612
1814	3.73518218
4862	3.73494621
284076	3.73235902
26959	3.73212458
3359	3.72924558
4166	3.72584215
89838	3.72330847
161725	3.72330847
23240	3.72307887
9630	3.7198771
54462	3.71919407
83795	3.71828503
221458	3.71828503
63925	3.71108039
78992	3.70929776
6291	3.70899498
55747	3.70752241
100132929	3.70752241
146395	3.70202076
4216	3.70078616
83891	3.69918721
23022	3.69875291
345275	3.69531531
3818	3.6951543
5159	3.69333351
6753	3.69122223
114904	3.69122223
11077	3.68973163
100113384	3.68973163
133383	3.68824614
5961	3.68782264
10451	3.68402965
1823	3.68047755
83479	3.67964597
80036	3.67778071
83483	3.67646719
55133	3.67530609
84315	3.67182434
6014	3.67014909
55260	3.66958623
341	3.66938333
23499	3.66635124
22807	3.66114525
11122	3.66114525
79693	3.65896137
149175	3.65896137
6793	3.65856548
83539	3.65482238
147429	3.65482238
221895	3.65364703
35	3.65226234
2232	3.65187788
1292	3.64714286
81027	3.64687566
5064	3.64608377
25837	3.64378669
353	3.64345675
55691	3.6411138
283514	3.63889808
83992	3.638839
22796	3.63770606
23389	3.63681782
79091	3.63657607
23137	3.63638802
26032	3.63152716
729440	3.63059859
51741	3.63041311
55843	3.63004239
27031	3.62930191
65125	3.62525165
57794	3.62470226
6340	3.62305824
54822	3.62269375
81553	3.62015082
10529	3.61564659
57572	3.61421504
25959	3.61421504
7840	3.6129663
10234	3.61047953
7484	3.60924147
1824	3.60871195
9037	3.6083593
10201	3.60380871
9525	3.60313033
80833	3.60258146
130367	3.59861521
7772	3.59825492
80868	3.59465364
80867	3.59465364
3136	3.59465364
6647	3.59209946
9869	3.58939146
11062	3.58939146
54982	3.58737148
5742	3.58352592
9033	3.58319313
2167	3.58298247
8622	3.58219628
3084	3.58203036
55603	3.57935102
23770	3.57300104
128553	3.56799331
374308	3.56687048
7430	3.56671031
29956	3.56415563
2108	3.5617972
1513	3.56011222
9374	3.55830486
80863	3.55830486
30834	3.55675558
5893	3.55284197
23546	3.55253187
7436	3.55144682
6546	3.55067591
10291	3.54915347
6009	3.54827967
2160	3.54714066
147372	3.54181556
338799	3.54166437
144404	3.54166437
7088	3.53514379
65055	3.53461715
5125	3.53417118
55168	3.53150498
2555	3.53120974
645840	3.53032523
121256	3.52914868
417	3.52782885
55082	3.5259295
1378	3.52389328
9215	3.51999306
8416	3.51984927
1780	3.51855737
10972	3.51766084
65059	3.51612755
7104	3.5140193
1436	3.51349152
783	3.51286162
23037	3.51159031
79612	3.51032271
57167	3.50933935
302	3.5043909
768211	3.50127603
10818	3.50051157
4352	3.49947591
831	3.49716336
51752	3.49716336
148281	3.49702694
6048	3.49661785
200909	3.49574917
51652	3.49268396
2222	3.49106647
6289	3.49099307
221981	3.49093195
165	3.4899224
284297	3.4876722
9938	3.48651604
23468	3.4860189
23414	3.4832003
1805	3.48135448
7275	3.48082854
114805	3.48056581
1588	3.4798717
6000	3.47886192
9051	3.47677396
79637	3.47456645
51750	3.47443694
4628	3.47314401
27185	3.46917735
1523	3.46890445
54662	3.46873965
64866	3.46813805
7798	3.4643262
51735	3.46418903
84190	3.46344156
29080	3.46344156
353174	3.46306316
84624	3.46293686
55201	3.46293686
83787	3.46142627
5172	3.46017144
23076	3.45879531
55612	3.45555986
3660	3.45493441
9577	3.45321065
10400	3.45087407
152065	3.44842803
10160	3.44830608
80864	3.44611697
342184	3.44611697
10554	3.44611697
378465	3.44466367
64077	3.44442193
26039	3.44432226
152485	3.43913731
7709	3.43884676
79627	3.43877932
3356	3.43592602
6431	3.43474266
64072	3.4346245
1508	3.43403418
9734	3.42308304
1493	3.41993332
117583	3.41941712
80854	3.41791515
8556	3.41619111
114792	3.41273815
373509	3.41250339
5092	3.41006918
256471	3.40974932
50617	3.40682474
10933	3.40582852
11140	3.40307319
4016	3.40186635
153090	3.40055362
57282	3.39989874
57153	3.39815721
91860	3.39631445
23266	3.39577395
9121	3.39512623
3172	3.39501837
57824	3.39383369
93649	3.39352607
8509	3.39233056
23053	3.39233056
399665	3.39200914
54918	3.38976582
10186	3.38732208
26040	3.38700434
56895	3.38573571
8876	3.38552463
58504	3.38531366
64651	3.38510278
53335	3.38436553
4685	3.38268507
22844	3.3819519
4199	3.38174266
2538	3.38120734
7844	3.37927989
386617	3.37809704
6444	3.37788964
132	3.37633729
9013	3.376234
161931	3.376234
123872	3.376234
202459	3.37551164
56006	3.37468755
55818	3.37448177
50650	3.37448177
55568	3.37283905
1105	3.37008096
49855	3.36865771
10285	3.36794783
11214	3.36421476
79600	3.36411431
57453	3.36291073
63877	3.36171046
94086	3.36161059
79132	3.36161059
51082	3.36111158
8850	3.3608913
83696	3.35971737
57524	3.35663981
22982	3.35320431
7770	3.35289044
5654	3.3528127
387715	3.3528127
10241	3.35271485
728723	3.35251923
202333	3.35242145
3843	3.35076253
64772	3.34978965
146713	3.34978965
54928	3.34409358
6941	3.34332695
5460	3.34332695
10236	3.34315425
83694	3.34227505
1743	3.34227505
800	3.34160434
10171	3.34055922
10659	3.33507611
21	3.33180052
27086	3.33135883
23094	3.33105527
84898	3.3309622
23167	3.33031129
8618	3.32956859
3633	3.32808699
10946	3.32808699
5829	3.32748897
253461	3.32734808
55509	3.32513886
4855	3.32477175
23024	3.32389216
253782	3.32175485
996	3.32139058
7099	3.31848741
50863	3.31848741
255738	3.31794522
440396	3.31722335
83988	3.31623274
81603	3.31414678
3659	3.31088245
2822	3.31077996
114132	3.31048887
10915	3.3100699
6310	3.30983363
222484	3.30931154
55346	3.30911317
23216	3.30891851
4170	3.30883007
8872	3.30874542
284900	3.30856485
23760	3.30856485
51290	3.30847648
83893	3.30821148
122618	3.30680085
113146	3.30680085
27034	3.3064822
6262	3.30574589
10253	3.30546045
51111	3.30425572
22941	3.30381841
121601	3.30233484
80740	3.30137757
79136	3.30137757
58530	3.30137757
259215	3.30137757
23564	3.30137757
1192	3.30137757
201191	3.30130831
7223	3.30111686
9148	3.29851836
8554	3.29774184
89848	3.2974833
64411	3.2974833
285613	3.2974833
3680	3.29636476
441027	3.29507771
10631	3.29482076
645993	3.29242982
1607	3.29064522
5799	3.29039088
55809	3.28819277
79853	3.28810845
7916	3.28617358
55937	3.28617358
5142	3.28583795
2917	3.28575409
2289	3.28551479
140733	3.28257916
158326	3.2817475
57699	3.28158136
27020	3.28124927
26036	3.2807516
83959	3.27629811
3704	3.27629811
791115	3.27605202
10146	3.27578143
1347	3.27572413
9100	3.27245874
285834	3.27075419
85461	3.26536016
2559	3.26464067
57451	3.26368319
5968	3.26161588
63935	3.2612987
83938	3.2607442
28996	3.25829702
10333	3.2579036
8874	3.25774633
85363	3.25680392
390077	3.25680392
135946	3.25617678
818	3.25359936
2567	3.25344364
23008	3.25282133
26133	3.25266589
55022	3.25072759
9537	3.24918316
90139	3.24918316
1491	3.24889384
10512	3.2487209
23178	3.24841299
5101	3.24756739
10312	3.24703013
495	3.24664679
10430	3.24664679
162282	3.24611067
7132	3.24572813
6337	3.24572813
388324	3.24450627
23125	3.24450627
375567	3.24443002
4978	3.24427756
1946	3.24382048
51776	3.24366823
317749	3.24346201
5164	3.24328784
3675	3.24328784
92689	3.24048324
56995	3.24003014
389206	3.23920069
1795	3.23844801
50861	3.23807216
51444	3.23709647
127731	3.23709647
23504	3.2367967
23090	3.2367967
7068	3.23673901
9077	3.23491083
3790	3.23158391
55973	3.22951619
85352	3.22892722
1080	3.22825796
4548	3.22805583
93986	3.22581396
9846	3.22333573
84665	3.2224282
220202	3.2224282
10959	3.22239301
5139	3.22163166
9496	3.22148699
63982	3.22033137
9465	3.21953867
10392	3.21953867
1549	3.21852038
65997	3.21774243
152579	3.21774243
121260	3.216025
254428	3.21566805
3705	3.21467016
55799	3.21346152
83447	3.20971484
1488	3.20953901
1434	3.20945192
7849	3.2078185
654433	3.2078185
1123	3.2070754
93233	3.20593042
163071	3.20593042
392138	3.20481541
6405	3.20460667
6908	3.20440338
64080	3.20342567
644815	3.20307892
125206	3.20307892
10750	3.20307892
9370	3.20298849
56952	3.20200917
29766	3.20176382
10226	3.20072839
54453	3.2006086
391109	3.20024603
7201	3.20017717
6725	3.19962665
5753	3.19962665
285386	3.19948912
146664	3.19948912
5156	3.19905603
5373	3.19900814
25880	3.19900814
29106	3.19873353
256586	3.19873353
117532	3.19852769
9399	3.19825338
55729	3.19694723
81890	3.19633808
3609	3.19633808
6579	3.19572423
53345	3.19551981
404037	3.19551981
128866	3.19477109
65217	3.1942953
201501	3.19415945
64216	3.19368433
163882	3.19368433
160335	3.19280334
283385	3.19017104
55852	3.18996921
155435	3.18889439
57556	3.18788916
58499	3.18668594
26047	3.18601892
146310	3.18458987
6397	3.18243463
2977	3.18064097
4774	3.1791252
2549	3.17865929
80818	3.17763575
6920	3.17763575
148898	3.17763575
4908	3.17730899
2823	3.17633019
63893	3.17513232
118472	3.17470374
10844	3.17470374
619207	3.17444407
6301	3.17321276
23705	3.16758235
400954	3.16608828
338645	3.16241156
4099	3.16062789
644168	3.16001944
55205	3.15939212
11098	3.15839029
4143	3.15701653
28316	3.15533647
6898	3.15465386
63976	3.15428198
55506	3.15285938
23051	3.15205736
7273	3.15195192
9170	3.14929251
57130	3.14929251
51291	3.14929251
54477	3.1466669
84978	3.14539036
7103	3.14423863
166863	3.14345236
285440	3.14025921
8801	3.13840586
23028	3.1357263
9785	3.13276829
54957	3.13276829
91754	3.1315907
149111	3.130006
1562	3.1282686
1557	3.1282686
54927	3.12801865
140885	3.12702903
23245	3.12401323
23382	3.12327786
55349	3.12192627
114134	3.12184909
223117	3.12021622
11138	3.12004441
28981	3.11941504
4724	3.11633856
143098	3.1160548
79096	3.11396072
9147	3.11328373
122773	3.11328373
87178	3.11328033
63915	3.11198909
220965	3.11081039
122953	3.11058624
6909	3.1103622
727936	3.11025022
9407	3.10924375
550112	3.10924375
832	3.10890877
183	3.10857406
84569	3.1079054
54535	3.10662667
5380	3.10629371
389517	3.10629371
2970	3.10629371
2969	3.10629371
100093631	3.10629371
53947	3.10618278
25804	3.10028891
85313	3.09886875
340152	3.09886875
53942	3.0970186
6175	3.09658441
10985	3.09658441
23608	3.09636748
166968	3.09631327
127602	3.09609647
6586	3.09604229
4645	3.094366
84258	3.09285747
54984	3.09210516
2760	3.09140776
50515	3.090765
80206	3.09049746
192668	3.09039049
9807	3.08964244
389119	3.08964244
389118	3.08964244
27132	3.08862929
284656	3.08836307
136242	3.08714052
5820	3.08549818
6439	3.08533957
10713	3.08533957
7472	3.08460016
57685	3.08323032
4745	3.08238947
83716	3.07930287
92736	3.07841756
347741	3.07841756
6925	3.07803393
7453	3.07665234
283600	3.07665234
467	3.07496411
92675	3.07437855
79683	3.0739664
442726	3.07355465
79446	3.07345178
80862	3.07196279
3137	3.07196279
6128	3.07180905
375449	3.07145053
25904	3.07007044
3783	3.06996839
6871	3.06740489
9712	3.06615854
112858	3.06525137
1729	3.06464391
3209	3.06183065
5239	3.0605806
79582	3.05903551
63971	3.05739675
11056	3.0566539
8224	3.05645602
64409	3.05443295
729330	3.05418687
4641	3.05418687
57494	3.05399012
79677	3.05384261
348654	3.05384261
2275	3.0531058
10449	3.05113215
343035	3.04924582
57580	3.04905129
9708	3.04890544
8641	3.04890544
56114	3.04890544
56113	3.04890544
56112	3.04890544
56111	3.04890544
56110	3.04890544
56109	3.04890544
56108	3.04890544
56107	3.04890544
56106	3.04890544
56105	3.04890544
56104	3.04890544
56103	3.04890544
56102	3.04890544
56101	3.04890544
56100	3.04890544
56099	3.04890544
56098	3.04890544
56097	3.04890544
5098	3.04890544
26025	3.04890544
55656	3.04740571
84623	3.0465786
1630	3.04633694
25861	3.04575749
283521	3.04315951
23263	3.04248849
860	3.04196198
8464	3.04196198
79026	3.03775241
112942	3.03696812
83478	3.03644827
124221	3.03526908
7289	3.03493948
23544	3.03404611
10199	3.03324834
8658	3.03316855
84154	3.03203104
6868	3.02923484
51225	3.02886337
2793	3.02886337
6334	3.02858498
401720	3.02858498
4353	3.02850362
91526	3.02822233
94120	3.0259952
146845	3.0259952
158219	3.02576472
1439	3.02572953
9287	3.02530413
51000	3.02443034
56961	3.02401706
126259	3.02401706
5137	3.02342078
6654	3.0229908
8925	3.02268803
29880	3.02264227
8128	3.02209357
9478	3.02058822
23067	3.02036059
8633	3.02026957
2074	3.01754218
26509	3.01709588
5520	3.01619336
26999	3.01484308
114784	3.01479814
65117	3.0125572
55596	3.0125572
7936	3.01219971
717	3.01219971
6499	3.01219971
629	3.01219971
11236	3.00936968
79147	3.00735813
29888	3.00735813
23601	3.00665196
130075	3.00665196
152273	3.00634337
3135	3.00594694
31	3.00493547
283867	3.00375109
59277	3.00370728
3556	3.00291956
170506	3.00091298
90580	2.99926233
153768	2.99874237
619351	2.99869907
162466	2.99805006
151126	2.99744519
56262	2.99688428
254295	2.99688428
90525	2.99602276
646982	2.99576463
2308	2.99576463
63891	2.99456208
386724	2.99456208
29925	2.99456208
27123	2.99216691
10901	2.99205995
7091	2.99182582
7318	2.99050661
57223	2.98931851
1877	2.98907837
8110	2.98900708
29126	2.98736307
1009	2.98690986
170712	2.98678346
388969	2.98623615
4728	2.98598377
221	2.98598377
408263	2.98573154
84231	2.98442145
22882	2.98397004
9134	2.97988743
5607	2.97914172
7782	2.97882057
26052	2.97711819
3694	2.9759661
64852	2.97576069
1937	2.97576069
23261	2.97543224
1548	2.97536133
400891	2.97518607
6708	2.97436649
128368	2.97436649
344558	2.97412092
79644	2.97277275
91149	2.97203914
8871	2.97021053
3717	2.96954834
1305	2.96899572
128367	2.96895528
104	2.96713958
84153	2.96617431
9488	2.9657326
6293	2.96533144
6222	2.96533144
57689	2.96389033
442721	2.96388542
3097	2.9633711
7113	2.96313167
4599	2.96313167
80201	2.96058588
990	2.96051645
283927	2.95954901
388228	2.95900231
6585	2.95876527
219621	2.95872577
9277	2.95868628
8705	2.95868628
9439	2.95861559
23626	2.95809436
114609	2.95793665
50488	2.95758201
23503	2.95726702
7726	2.95714896
57604	2.95651983
9801	2.95483355
23163	2.95471045
3141	2.95401239
9839	2.95268618
83901	2.95221908
83900	2.95221908
83899	2.95221908
646813	2.95167475
775	2.9510535
288	2.9507631
2720	2.95039439
51454	2.95000714
51378	2.94989104
55356	2.94915642
51310	2.94782656
10439	2.94676785
2565	2.9458851
84432	2.94554016
22834	2.94423954
387263	2.94294279
339168	2.94271436
57758	2.94149806
55591	2.93843444
6002	2.93835907
3083	2.93835907
10587	2.93765784
10544	2.93741802
9271	2.9356169
63940	2.93509297
5089	2.93509297
177	2.93509297
151258	2.93471913
56288	2.93468176
5550	2.93449154
51077	2.93427094
317762	2.93263153
1902	2.93251998
55625	2.93203691
163782	2.93188838
9532	2.93181414
23649	2.93096124
50514	2.9290022
4155	2.9281382
9870	2.92723558
4122	2.92668498
3146	2.92659951
3250	2.92405178
3240	2.92405178
79772	2.92314119
405	2.9229593
84639	2.92277749
9722	2.9221962
81832	2.92190585
55039	2.92186957
51761	2.92099975
2014	2.92002328
27292	2.91954212
8892	2.919049
10656	2.91886881
285590	2.91714285
1576	2.91694516
3480	2.91607051
8997	2.91517358
7741	2.91517358
7372	2.91517358
387032	2.91517358
222698	2.91517358
256536	2.91481649
993	2.91474511
50940	2.91225407
241	2.91133245
23387	2.91119083
55660	2.91042975
23262	2.90977723
23550	2.90840338
3248	2.90724428
3689	2.90434256
54665	2.90274269
10745	2.90274269
255928	2.90222227
57476	2.90201427
3437	2.90177173
3693	2.9014601
4604	2.90075528
53353	2.90011227
23328	2.89949161
390037	2.8991816
143502	2.8991816
2322	2.89882381
6331	2.89839038
1081	2.89839038
161502	2.89801248
54848	2.89763491
80212	2.89756629
7498	2.89667529
54816	2.89667529
3977	2.89368216
7004	2.89343517
112950	2.89283767
3763	2.89231528
1281	2.89114824
196475	2.89032023
6734	2.88964602
55572	2.88964602
220441	2.88897285
3738	2.887127
1512	2.88695958
23048	2.88585625
64805	2.88578947
116931	2.88578947
9173	2.8857227
8809	2.8857227
55800	2.88412334
11022	2.88183451
2354	2.88127245
2067	2.88127245
57475	2.88117334
253018	2.87942607
283659	2.87939317
23145	2.87686734
163259	2.87520243
54544	2.87292761
254910	2.87292761
64083	2.87174118
390598	2.87021347
158038	2.8696984
285848	2.86815687
79587	2.86777234
64834	2.86738815
58489	2.8671642
5797	2.86502646
85481	2.86353311
7750	2.86286752
154215	2.86245601
161357	2.86220296
64410	2.86198166
81035	2.85993213
6916	2.85975581
80133	2.85933486
221806	2.85811145
54622	2.85795485
9223	2.85776701
401474	2.8562048
25921	2.85586186
219539	2.85586186
10978	2.85586186
23102	2.8555192
4319	2.85517681
9956	2.8544307
366	2.85393401
64839	2.85384094
391059	2.85380993
170680	2.85362387
157753	2.85319004
1501	2.8531281
285987	2.85263289
1750	2.85263289
57644	2.85164417
57214	2.84909013
919	2.84834801
8814	2.84804821
338821	2.84765049
28234	2.84765049
91133	2.84630706
147727	2.84578912
117852	2.84545431
27154	2.84496777
8514	2.84251301
388403	2.84236194
56339	2.84233173
8550	2.84199957
51275	2.84199957
143570	2.84154704
9725	2.8413963
2052	2.8413963
260425	2.84124561
64843	2.84043281
387590	2.83932143
25834	2.83875182
157506	2.8387452
140469	2.83854215
1460	2.83832118
9586	2.83821288
9806	2.83797357
51008	2.83797357
83449	2.83773439
89777	2.83713701
7410	2.83713701
6697	2.83671933
220972	2.83517147
92291	2.83445892
9229	2.8319152
153364	2.83029618
57221	2.82833204
51564	2.82808522
9970	2.82739707
84134	2.82739707
4720	2.82739707
336	2.82739707
2207	2.82739707
8548	2.82719281
346389	2.82663888
9457	2.82599837
1002	2.82588202
2202	2.82514779
4300	2.82512647
51763	2.82486686
11276	2.82379294
6525	2.82327224
7803	2.82240579
401237	2.82234809
777	2.82168507
160518	2.82133954
1109	2.82133954
55328	2.82090802
23164	2.82046383
80820	2.82036205
4542	2.82033333
10892	2.81872823
25803	2.81852801
1124	2.81834808
55616	2.8182993
25777	2.81764242
60678	2.81653085
7732	2.81510992
81888	2.81493972
23334	2.81493972
9444	2.81462786
140628	2.81416568
730101	2.81397651
28978	2.81397651
1118	2.81380675
51684	2.81377846
145783	2.81358051
440026	2.81183114
27152	2.81039741
63943	2.80964028
1388	2.80964028
90871	2.80894042
8735	2.8065971
1258	2.80565219
84182	2.80495872
11185	2.80495872
5504	2.80335411
57512	2.80252646
1012	2.80244379
57821	2.80170039
10560	2.80170039
440279	2.80068373
79144	2.80051909
8817	2.79994333
3568	2.7991495
152330	2.7991495
7111	2.79904012
4664	2.79854825
80745	2.79783875
137868	2.79756618
3756	2.79691269
2953	2.79647758
25774	2.79647758
4921	2.79522906
94025	2.79433559
221656	2.79406521
8711	2.79403818
57048	2.79403818
150350	2.79352494
389084	2.79338998
25791	2.79338998
168667	2.793336
22954	2.79312018
9066	2.79295838
90019	2.7915049
7136	2.7915049
9915	2.78992238
170591	2.78954771
79727	2.78725324
55793	2.78645568
7007	2.78502377
387103	2.784336
10435	2.78362294
84668	2.7792906
56650	2.77861185
3778	2.77842929
284348	2.77824681
56896	2.77642619
9639	2.77611485
29989	2.77582965
2009	2.77500104
9878	2.77487171
79642	2.77448396
90632	2.77409656
5863	2.77319395
10471	2.77319395
26053	2.77247322
129446	2.77154831
79574	2.77029257
1612	2.77026698
81786	2.76996002
1496	2.7692191
221002	2.76827562
84830	2.76733418
7975	2.76593851
202915	2.76593851
11340	2.76578653
442117	2.76447155
9413	2.76373993
25891	2.76366431
4928	2.76216744
729020	2.76152734
5793	2.76142704
90134	2.76087578
284110	2.76025019
4046	2.75970042
4282	2.75937588
151742	2.75937588
80759	2.75892692
100129128	2.75892692
51162	2.75885214
50700	2.75885214
10555	2.75885214
2741	2.75785628
4245	2.75775682
3753	2.75765738
64084	2.75701159
4601	2.75641632
9922	2.75599517
221421	2.75594565
55714	2.75552496
5081	2.75517881
5583	2.75452742
7678	2.75342757
10130	2.75340295
390072	2.75296012
10346	2.75296012
8671	2.75232127
10123	2.75214943
83943	2.75212489
54674	2.75212489
90355	2.75205127
9628	2.75170788
765	2.75124228
339942	2.75077718
9172	2.75041034
6160	2.74958
5241	2.74938485
22854	2.74933608
55258	2.7493117
9699	2.74892174
441108	2.74865384
23113	2.74794836
10591	2.74794836
4897	2.74738966
123624	2.74675895
80031	2.74646816
1889	2.74542776
2737	2.74523447
154091	2.74518616
9759	2.74460687
55024	2.74371532
8808	2.74337845
729993	2.74148244
30820	2.74121909
4947	2.74031058
23060	2.74031058
10507	2.74028669
4340	2.7400002
115361	2.73942779
23002	2.73873713
57613	2.73712195
4121	2.73610367
8878	2.7346868
4249	2.73332153
57691	2.73327453
84215	2.73275785
388011	2.7319137
8726	2.7310478
441046	2.72981046
3912	2.72911645
10782	2.72892547
51148	2.72873939
3189	2.72575493
26011	2.72455043
5587	2.72409003
23213	2.7222533
9352	2.72207005
541471	2.72200136
2103	2.72165803
254225	2.72072099
8500	2.72024183
80059	2.72017342
9369	2.71883023
64081	2.71860298
6555	2.71851211
2894	2.7176725
57521	2.71683451
2740	2.71638221
9567	2.71613365
79758	2.7160433
392360	2.71584008
143662	2.71554671
64407	2.71543392
166824	2.71392545
658	2.71332169
989	2.71231022
27129	2.70847575
1188	2.70847575
1187	2.70847575
55680	2.7078769
2550	2.7078769
9512	2.70758885
10855	2.70665955
311	2.70597491
201266	2.70590871
1804	2.70588664
57615	2.70542356
165904	2.70480688
54858	2.70383959
81569	2.70291826
136895	2.70267729
80830	2.70197702
55823	2.70191143
3145	2.70191143
1798	2.70191143
1891	2.70039634
9732	2.70012241
7704	2.70003533
320	2.69940452
375940	2.69920893
79054	2.69857932
57047	2.6983841
390142	2.69719304
283209	2.69680394
9358	2.69609151
54664	2.69606994
200150	2.6957465
25865	2.69538024
6263	2.69193171
23479	2.69179156
3757	2.69135023
348093	2.69036983
84310	2.68968912
222545	2.68956161
7249	2.68932793
391112	2.68850043
29799	2.68809787
8859	2.68767452
1797	2.68767452
23318	2.68750529
10825	2.68642803
7447	2.6839877
9982	2.6838199
7425	2.6836941
375607	2.6836941
23236	2.68329596
8467	2.68327502
51699	2.68306563
29902	2.68306563
9118	2.68233356
84108	2.68233356
2191	2.68189491
79731	2.68108145
221481	2.68095643
5420	2.68062324
219438	2.67979138
219437	2.67979138
1174	2.67979138
29775	2.67945908
9378	2.67894037
149469	2.67778071
5228	2.67738795
55553	2.67728465
6832	2.67711943
57575	2.67633546
9632	2.67540891
170384	2.67540891
90332	2.67483339
125704	2.67477177
9891	2.6742176
54497	2.67376658
84628	2.67354124
81621	2.67323415
111	2.67188554
27241	2.67145731
6829	2.67143693
8038	2.67037842
144165	2.6686132
113179	2.66851197
113178	2.66851197
9515	2.66806683
9874	2.66766255
9027	2.66709719
200420	2.66709719
93145	2.66695597
56243	2.66655273
54877	2.66647212
55083	2.66560657
23376	2.6649234
55247	2.66328017
1524	2.66322017
123591	2.66304021
1834	2.66282037
494470	2.66274046
64699	2.66266056
53347	2.66266056
7263	2.66206178
4357	2.66206178
1310	2.66174277
151188	2.66164313
55769	2.66160328
1394	2.66124478
5314	2.66086669
148641	2.66044919
130399	2.65878317
30844	2.65854569
118487	2.6579328
56267	2.65763655
509	2.6567096
29970	2.65572565
2671	2.65572565
124056	2.65572565
10607	2.65572565
54682	2.65535233
51422	2.65515598
55728	2.65454785
56987	2.65358834
22891	2.65311915
718	2.65253337
9582	2.65185097
79998	2.65185097
113419	2.65185097
4948	2.65093627
10345	2.64940314
81615	2.64793331
343406	2.64762451
200162	2.64741233
407738	2.64737376
85411	2.64735448
54438	2.64735448
3708	2.64691124
1740	2.64669941
4224	2.646353
54596	2.64619913
22824	2.6455266
5104	2.64502767
12	2.64502767
7416	2.64461808
2104	2.64426122
7148	2.64397414
7594	2.64336235
8170	2.64317134
118427	2.64311406
26003	2.64240815
199786	2.64109479
2937	2.64099977
2635	2.64044908
23254	2.6397096
9023	2.63902812
25771	2.63899029
166647	2.63757408
861	2.63695241
221937	2.63642562
23362	2.63505522
7074	2.63456818
23161	2.63374519
400940	2.63247636
150622	2.63247636
4660	2.63234595
137682	2.63219697
287	2.63186194
57541	2.63130412
4594	2.63088289
671	2.63078414
728215	2.6294129
221322	2.62791689
6416	2.62788002
29927	2.62773697
11044	2.62773256
391194	2.62760357
26686	2.62741936
6494	2.62723524
5970	2.62723524
161145	2.62587514
8647	2.62492194
7809	2.62451929
57497	2.62437296
63923	2.62426325
26058	2.62273018
440093	2.62225676
2131	2.62174749
90637	2.61975257
83698	2.61969829
135152	2.6191378
54623	2.6187721
57593	2.61836155
9751	2.61832548
6249	2.61825335
126668	2.61783882
196385	2.61719078
10788	2.61711883
4026	2.61690307
97	2.61677726
5129	2.616418
255239	2.61578496
2150	2.61575414
219578	2.61460825
83541	2.61400072
283093	2.61314447
54566	2.61262797
8470	2.61259238
3066	2.61159682
5818	2.61131279
285025	2.61078074
631	2.61074529
182	2.61021394
9957	2.61005466
79680	2.60978932
54584	2.60978932
57118	2.60802454
348808	2.60761965
54970	2.60746132
9665	2.60737338
1908	2.60732097
192134	2.60610906
9887	2.60605646
5286	2.60558334
60312	2.60519822
5641	2.60512824
4312	2.60511074
23112	2.60504077
2895	2.60463866
10207	2.60369602
27244	2.60364371
26164	2.60353911
55534	2.60275542
23383	2.60270322
23194	2.60244234
50809	2.60243758
5795	2.60242495
7534	2.60162591
108	2.60124428
9863	2.60086299
10733	2.6007071
7107	2.60051665
56605	2.60051665
3290	2.60018788
79696	2.59999765
1808	2.59953109
245972	2.59920307
26974	2.59878907
4059	2.59872015
439996	2.59863393
85414	2.59858223
90011	2.59849607
11072	2.59844438
8527	2.5974807
6295	2.5974807
339883	2.59514919
2590	2.59247313
23786	2.59233722
5791	2.5921504
22900	2.59209946
9735	2.5918279
27198	2.5918279
3672	2.59131918
57089	2.59057413
122042	2.59037116
84071	2.58929024
6991	2.5892059
55780	2.5892059
643414	2.58905414
9362	2.58853182
90668	2.58853182
159686	2.58826248
8502	2.58819517
29087	2.58789241
112936	2.58789241
5924	2.58774111
23510	2.58745546
2890	2.58634825
55752	2.58631474
114786	2.58629799
2230	2.58623098
132851	2.58586264
284111	2.58554477
9162	2.58547788
79573	2.58541101
54436	2.58439238
5376	2.58349263
5780	2.58272765
56163	2.58247849
5746	2.58198059
221336	2.58053993
25890	2.58049033
83874	2.57897222
3632	2.578824
440040	2.57880753
6833	2.5786429
3767	2.5786429
9587	2.57805075
114781	2.57750865
6877	2.5773281
6196	2.57701642
10579	2.57698363
5530	2.57593547
222255	2.57500409
375057	2.57381417
3560	2.57357007
5688	2.57319605
1033	2.57298479
10175	2.57298479
257019	2.57288732
5969	2.57202729
80317	2.57170319
64288	2.57170319
223082	2.57097484
83741	2.57079699
55449	2.57061921
117	2.57029616
26059	2.57011858
51306	2.56984429
401190	2.56969914
84525	2.56958629
8480	2.5694976
221477	2.56890977
80731	2.56889367
404093	2.56884539
4135	2.5688293
84332	2.56858798
143241	2.56858798
80017	2.56820216
5017	2.56780062
23151	2.56751174
200008	2.56712687
57016	2.56667829
441282	2.56667829
23233	2.56621417
54796	2.56535127
445328	2.56531934
100128553	2.56531934
64641	2.56477695
4751	2.56288391
55761	2.56194839
64806	2.56092006
4624	2.56092006
116173	2.56092006
10278	2.56092006
5245	2.56014647
404744	2.56014647
54676	2.55997299
80714	2.55970503
144097	2.55899652
124872	2.55767704
22871	2.55698749
1838	2.55695617
3294	2.55637721
57586	2.55505007
124540	2.55472281
84251	2.55358711
10397	2.55304365
9437	2.55240789
26191	2.55229944
570	2.55205165
54534	2.55205165
23348	2.55189686
11030	2.55109281
128710	2.55087659
9746	2.55012066
51184	2.54941221
10094	2.54941221
64067	2.54938144
55607	2.54836705
488	2.54827495
57602	2.54807547
8321	2.54764613
79823	2.5474163
2561	2.5474163
8825	2.54730909
79833	2.54724784
440044	2.54637593
401505	2.54539902
26267	2.54539902
9928	2.54529231
1906	2.54405246
393046	2.54310281
51692	2.54208784
285148	2.54208784
57205	2.54186093
327657	2.54107523
145264	2.54107523
257068	2.54106014
84159	2.54086394
9926	2.54071308
55089	2.54032109
387748	2.53968863
9242	2.53911718
4004	2.53904205
84986	2.53827643
84419	2.53818645
92017	2.53761698
64135	2.53758703
340273	2.53736246
80341	2.53712304
128859	2.53712304
84958	2.53600255
84065	2.53600255
2560	2.53582354
9211	2.53543594
23127	2.53485518
864	2.53347343
768096	2.53344376
221883	2.53335477
6297	2.53305827
114795	2.53292492
3752	2.53253989
23308	2.5323623
9859	2.53185953
8853	2.53150498
100130742	2.53137209
342035	2.53118023
84826	2.53059039
55339	2.53059039
3207	2.52979538
3206	2.52979538
57561	2.52939843
94030	2.52920743
1809	2.52884036
117531	2.52869362
79370	2.52859093
2120	2.52859093
8291	2.52746295
57558	2.52718506
283219	2.52718506
131566	2.52625034
25801	2.52579831
3394	2.52522625
5141	2.52485202
81671	2.52347269
4783	2.52322632
83667	2.52316837
7029	2.52306698
374500	2.52299457
64220	2.52214107
5244	2.52177992
338321	2.52107294
389432	2.52104237
201134	2.51993554
29896	2.51961932
11075	2.51947566
965	2.51943258
10885	2.51937513
155465	2.51835675
27253	2.51815623
3838	2.51786992
100124539	2.51779838
84570	2.51766962
118461	2.51729788
23150	2.51711213
728939	2.51692646
728932	2.51692646
728855	2.51692646
653598	2.51692646
607	2.51692646
200030	2.51692646
143425	2.51644123
2980	2.51629862
22887	2.51629862
9770	2.51552932
59269	2.51501722
4734	2.51457672
27044	2.51430696
81533	2.51298896
5257	2.51298896
421	2.51296066
1312	2.51296066
341208	2.51270604
90199	2.51204191
89797	2.51166084
10806	2.51120964
57628	2.51087155
9920	2.51063223
1179	2.51046337
65249	2.5104071
55567	2.50976051
55679	2.50960604
83990	2.50914294
1008	2.50905879
8396	2.50880645
5691	2.50880645
390445	2.50831621
64849	2.5074631
286103	2.50612389
286101	2.50612389
2037	2.50605425
30010	2.50590109
8829	2.50445566
10718	2.5035824
411	2.50330554
55704	2.5032917
56160	2.50304269
81846	2.50203426
80274	2.50175839
729582	2.50146891
219541	2.50118778
345079	2.50075293
81853	2.49948909
4117	2.49948909
414767	2.49876267
55585	2.4982984
283677	2.49758654
84678	2.49725888
9482	2.49713607
11102	2.49706786
140453	2.49698602
91522	2.49669971
109	2.49641126
84641	2.49637272
2168	2.49603237
7511	2.49546118
64764	2.49482288
2628	2.49471433
23132	2.49463293
313	2.49441594
11281	2.49334617
1758	2.49235998
57037	2.49107993
9989	2.49071681
4008	2.49063616
23007	2.49063616
652968	2.48953542
729096	2.48921378
729092	2.48921378
79902	2.48883884
126669	2.48871839
132954	2.48846421
10874	2.48846421
1016	2.48846421
1420	2.48798303
1419	2.48798303
79034	2.48766254
55146	2.48766254
222967	2.48766254
23265	2.48760915
23286	2.48739564
753	2.48727559
57626	2.48648942
57094	2.48643617
440081	2.486343
5288	2.48595723
22821	2.48526635
219348	2.48519998
8131	2.48508053
4350	2.48508053
157724	2.48473566
2005	2.48403348
285382	2.48351751
342527	2.48346463
284252	2.48323994
116985	2.48310782
10809	2.48310782
3352	2.48304177
84905	2.48302857
2788	2.48294933
84944	2.4820128
81573	2.48196009
51808	2.48170985
653399	2.48168351
23523	2.48168351
92749	2.48032948
29945	2.48011953
343930	2.47997524
57325	2.47908435
140947	2.47827366
9868	2.47763402
5371	2.47729501
54901	2.4769823
4481	2.47681302
7743	2.4768
27348	2.47643561
7143	2.47598056
51075	2.47560388
1500	2.47560388
273	2.47557791
119395	2.47435926
132671	2.47410041
5926	2.47402279
51633	2.47353149
92609	2.47226701
27039	2.47215107
25926	2.47145608
83439	2.4713275
64224	2.47076219
348801	2.46999251
8976	2.46942894
26	2.46861051
3586	2.46775536
388503	2.46751316
79987	2.46711828
5212	2.46708009
8398	2.46664745
8975	2.46622794
721	2.46531406
3326	2.46335319
2030	2.46335319
9601	2.46320175
146712	2.46310082
124935	2.46305036
9535	2.46230681
55095	2.46230681
51586	2.46143621
79017	2.4608235
25942	2.4608235
10900	2.4598583
22987	2.45967053
80008	2.45917019
4482	2.45909518
10043	2.45908269
636	2.4590077
2013	2.45889524
131034	2.45885777
7407	2.45853309
57819	2.45853309
483	2.45799665
6450	2.45756051
10298	2.45733637
55905	2.45732393
144108	2.45721191
9814	2.45685115
9786	2.45627953
162073	2.45614295
2022	2.45598159
176	2.45536154
83656	2.45534915
774	2.45515093
3927	2.45473
83548	2.45407467
1870	2.45387703
58189	2.45196701
114801	2.45191783
10257	2.45185636
140690	2.4518072
10357	2.4518072
1556	2.45132811
441601	2.45087407
1604	2.44991848
63892	2.44953927
5991	2.4492337
255403	2.44913596
152687	2.44913596
25769	2.44889172
79912	2.4485744
115827	2.44847681
9668	2.44768472
168850	2.44758733
55578	2.44736828
285755	2.44727096
725	2.44722231
5208	2.44722231
5099	2.4468333
5275	2.44571683
9943	2.44546239
23258	2.44515967
9436	2.44499024
58477	2.44469995
5937	2.44434943
475	2.44428902
55159	2.44367337
122258	2.44338396
220382	2.44156745
219447	2.44094365
93408	2.44068001
8178	2.44060813
83660	2.4405722
91948	2.44041652
3184	2.44030878
60468	2.44023697
6443	2.43980633
339977	2.43980633
10513	2.43891055
8092	2.43885089
80067	2.43873161
9705	2.43831438
3784	2.43799279
220081	2.43798089
79789	2.43733844
23380	2.43689879
51760	2.4367563
2241	2.43625794
259232	2.43574831
93974	2.43506185
643376	2.43505002
26230	2.43501455
54536	2.43461268
5190	2.43430563
4201	2.43430563
27232	2.43430563
2562	2.43398699
283092	2.43223279
55016	2.43219754
9135	2.43191567
27434	2.43181001
54112	2.43161051
148170	2.43161051
54531	2.43135247
23034	2.4313289
54537	2.4312704
51228	2.43019318
84928	2.4301581
221078	2.42991261
645528	2.42979576
6096	2.42948041
5095	2.4292003
403	2.42869887
114876	2.42862895
729617	2.42848915
5316	2.4282446
64773	2.42798855
64601	2.42798855
65265	2.42776754
377	2.42769777
10351	2.42743042
54845	2.42622359
54834	2.42603822
991	2.42548259
59341	2.42486991
84833	2.42467357
22984	2.42467357
51251	2.42454658
6847	2.42451195
57620	2.42364811
283507	2.42323263
57690	2.42322112
22849	2.42280702
158035	2.42277253
54476	2.4221407
127062	2.42193412
3020	2.42177351
2475	2.42175057
64321	2.42081111
115825	2.42058228
5947	2.42041074
9733	2.4202164
338811	2.41964534
7485	2.41959969
154141	2.41959969
883	2.41958827
349114	2.41947417
9228	2.41923464
64150	2.41896105
1735	2.41896105
91351	2.41866486
125963	2.41807309
11069	2.41784569
7151	2.41770932
2329	2.41770932
126526	2.4175957
3134	2.41718693
63977	2.4165405
7077	2.41599688
8440	2.41590635
1359	2.41538612
2820	2.41527311
4124	2.41511495
2262	2.41485524
80110	2.4147988
4123	2.41473108
285759	2.41397562
8644	2.41336769
83592	2.41336769
1646	2.41336769
7941	2.41325521
10483	2.41277185
1843	2.41200857
338567	2.41197493
9942	2.41191886
55370	2.41187402
8578	2.41162744
83547	2.41162744
10594	2.41162744
30062	2.41156021
149840	2.4113474
285419	2.41130261
7226	2.41111231
5596	2.41041898
7799	2.41030726
692076	2.40986065
342618	2.40986065
767558	2.4089688
165679	2.40889085
10969	2.40877952
164284	2.40823441
387718	2.40813436
3796	2.4068469
5144	2.40672501
9312	2.40671393
341640	2.40656993
79172	2.40648134
1363	2.40570692
51066	2.40507734
220004	2.40494491
65009	2.40391997
6619	2.40371087
11168	2.40371087
7307	2.4034139
159963	2.40246935
25901	2.40244741
374378	2.40168014
2898	2.39956078
5138	2.39877683
63898	2.39846147
51296	2.39840713
941	2.39759718
387680	2.3971048
285782	2.39703978
221409	2.39615223
3048	2.39605492
3046	2.39605492
282763	2.39605492
6718	2.39592522
669	2.39584958
8788	2.39566593
390113	2.39561193
390883	2.39546076
125962	2.39546076
4437	2.39523412
51106	2.39479195
55539	2.3946303
399694	2.39450102
9462	2.3941457
55296	2.39308147
10460	2.39301706
283761	2.39237344
9261	2.39231985
81704	2.39159165
286133	2.39117456
441394	2.39101424
5311	2.39072583
1117	2.39024556
29940	2.38962733
387694	2.38957408
51490	2.38952083
2021	2.38952083
23129	2.3893079
10268	2.38921212
55333	2.38827669
2775	2.38824484
9584	2.38820237
15	2.38820237
6318	2.38768247
6317	2.38768247
9990	2.38698317
4134	2.38679265
100271715	2.3864753
83890	2.38586241
317671	2.38586241
8559	2.38546133
56971	2.38527147
388551	2.38527147
8204	2.38521623
51816	2.38489201
92126	2.38488148
221061	2.38487094
147658	2.38367155
54518	2.38349298
84133	2.38294721
25770	2.38294721
83876	2.38287379
51305	2.38240213
22986	2.3823288
5578	2.38228691
149465	2.38227644
85358	2.38116774
83986	2.38109463
23761	2.38107374
6469	2.38087535
51115	2.38080228
667	2.37973899
5592	2.37958284
81318	2.37824228
5651	2.37822153
57172	2.37772379
3914	2.37772379
79718	2.37728874
4919	2.37686447
220929	2.37686447
390916	2.37657496
8446	2.37579012
79944	2.37525394
27109	2.37525394
57224	2.3750273
4285	2.37451263
6801	2.37377258
81620	2.37368017
2588	2.37368017
940	2.37356724
29119	2.37331069
11320	2.3731671
9372	2.37281855
6217	2.37198933
5965	2.37198933
125228	2.37116168
80167	2.37058021
6259	2.37019299
92346	2.37011151
5279	2.37011151
2669	2.37011151
653	2.36997915
55718	2.36953144
100190986	2.36953144
8672	2.36847506
1861	2.36845477
9678	2.36839391
79811	2.36837362
6856	2.36775535
197259	2.36668307
3605	2.36544213
56172	2.36539176
5567	2.3651702
10905	2.36466708
7706	2.36451625
2036	2.36435074
149647	2.36405406
3434	2.36358232
445815	2.36317122
11217	2.36317122
171024	2.36281058
10578	2.36270044
1129	2.36247025
2802	2.36165054
23141	2.36165054
939	2.36138097
678655	2.36138097
55080	2.36138097
390284	2.36138097
5478	2.36067291
1767	2.36062309
79661	2.36015507
81550	2.35971737
165721	2.35966766
5510	2.35956826
1733	2.3591808
55081	2.35917087
25980	2.35865481
50937	2.35811955
221150	2.35752559
91319	2.35718937
53826	2.35712018
486	2.35712018
10077	2.35670528
64781	2.35534481
10846	2.35485294
550631	2.35465634
200312	2.35465634
140609	2.35405728
57488	2.3539984
51	2.35319452
79750	2.35286163
10420	2.35268551
283987	2.35264638
8512	2.35256813
6441	2.35256813
6992	2.35205008
57460	2.35095737
6769	2.35013963
168975	2.35013963
79754	2.34973134
83941	2.34903231
23469	2.34804393
163	2.34767629
402117	2.34736693
1807	2.34736693
5569	2.34735727
2259	2.347222
201176	2.3470578
115098	2.34695158
55966	2.34670064
6666	2.34633413
89944	2.34629556
27087	2.34629556
9498	2.34587161
1107	2.34557316
51390	2.34544807
9375	2.34452541
25862	2.3444582
55090	2.3441032
54504	2.34353764
29994	2.34353764
1375	2.34297285
1120	2.34297285
100144603	2.34297285
57540	2.34267638
221662	2.34254256
11342	2.34243745
4773	2.3423228
375061	2.34175005
56624	2.34157837
677769	2.34025489
79628	2.34013132
23589	2.33961839
5586	2.33917245
51430	2.33907763
23639	2.33900179
9402	2.33874592
113828	2.33874592
89870	2.33854701
10107	2.33854701
553158	2.3385186
23779	2.3385186
6651	2.33829141
2618	2.33829141
286319	2.33802649
49861	2.33784682
5573	2.33779956
11285	2.33631792
339788	2.335913
157769	2.33571538
55166	2.33545204
2069	2.33541443
9038	2.33538623
9744	2.33505732
84461	2.33505732
58492	2.33494461
5049	2.33441901
11164	2.33430646
2169	2.33414707
7918	2.33342586
57827	2.33342586
166785	2.33320132
10144	2.33305168
9727	2.33301428
146167	2.3327806
84316	2.33206166
124637	2.33206166
6638	2.33091567
5754	2.33042281
4212	2.33015336
256130	2.3299862
55693	2.32967064
51503	2.32967064
114880	2.32966136
646643	2.32947584
166614	2.32945729
92162	2.32937384
23135	2.32937384
136227	2.32925333
11055	2.32906798
5169	2.32904945
23078	2.32865125
92196	2.32858646
8161	2.32835515
27115	2.32786518
92304	2.32706209
57472	2.32706209
388789	2.32686846
11174	2.32617763
54749	2.3253409
55604	2.32504705
55711	2.32500116
8821	2.32472588
9414	2.32456997
9960	2.32430413
6887	2.32395603
3096	2.32295909
622	2.32288601
8402	2.32274902
5216	2.32274902
26001	2.32274902
2027	2.32274902
23040	2.3227125
8100	2.32239305
116984	2.32211942
5579	2.32210118
8395	2.32109029
5157	2.32046309
89910	2.3203087
83892	2.3203087
480	2.32021791
1806	2.32009083
390144	2.31988214
8796	2.31975516
27147	2.31931103
27350	2.31925668
200316	2.31925668
140564	2.31925668
51655	2.31819816
80323	2.31807167
10699	2.31764731
100124536	2.31676379
51778	2.31570234
149986	2.31545085
80069	2.31540596
401288	2.31540596
6575	2.31491243
144501	2.31485863
150185	2.31484966
56950	2.31483173
341418	2.31422244
4627	2.31376604
64801	2.31349779
10100	2.31331905
4311	2.31271188
54602	2.3124532
133015	2.31210556
10243	2.31153568
361	2.31122434
2891	2.31083326
55561	2.3102473
147040	2.3102473
9310	2.30997235
219436	2.30993689
4033	2.30983051
8708	2.30920164
57419	2.30919279
5649	2.30845881
10246	2.30786721
9474	2.3076555
55808	2.30730286
6660	2.30688888
5173	2.30659845
2746	2.30613241
84888	2.30562298
24147	2.30557909
149563	2.30552643
80070	2.30478984
115111	2.30477232
4306	2.30467596
151963	2.30458838
8792	2.30369604
340168	2.30365235
83940	2.30342521
23753	2.30297128
56651	2.30282299
7728	2.30266602
7705	2.3026573
8911	2.30229999
166012	2.30150798
89927	2.30107343
64693	2.3008129
9980	2.30079554
10079	2.30078686
57134	2.30022296
145508	2.29985898
55109	2.29973772
254827	2.29921843
55753	2.29856155
9953	2.29839748
79068	2.29757808
817	2.29740577
8497	2.29722492
10476	2.29657105
694	2.29655385
57522	2.2958924
2918	2.2958924
79675	2.2955063
9180	2.29514626
91056	2.29498347
152189	2.29446128
3827	2.29376029
943	2.29374321
5359	2.29270241
2861	2.29202127
150082	2.29150262
8522	2.29101853
135941	2.29067915
6035	2.2906113
57535	2.28997577
91181	2.2899165
6559	2.28990803
80168	2.28923126
388799	2.28902843
196549	2.28896929
5079	2.28891016
94241	2.28811688
5218	2.28800729
59345	2.28799043
5048	2.28754392
27143	2.28740922
2674	2.28595539
51300	2.28572055
22826	2.28532663
2533	2.28445625
4363	2.28436429
89822	2.28408018
22921	2.28377219
23054	2.28372948
646424	2.28328733
9441	2.2832471
54502	2.28321229
5069	2.2830956
6234	2.28272903
4701	2.28272903
256949	2.28272903
79269	2.28166442
2731	2.28145679
222256	2.28124927
10576	2.28070187
219793	2.28040358
825	2.28022139
283455	2.27929507
27067	2.27912986
841	2.27820587
387036	2.27787634
100133205	2.27787634
10085	2.27742366
9140	2.27698788
1176	2.27698788
55351	2.27651149
3684	2.27580608
9415	2.27565039
3995	2.27565039
93273	2.27556847
60685	2.2750609
56913	2.27490548
146433	2.27481552
54972	2.27457028
57614	2.27427617
23239	2.27406388
10217	2.27370486
3156	2.27363146
26037	2.27359884
387700	2.27284116
24138	2.27284116
10954	2.27267839
158135	2.27260516
285780	2.27258075
196410	2.27244248
11011	2.27141898
51701	2.27134597
64919	2.27030077
59338	2.27021986
10551	2.27000954
9450	2.26973466
7637	2.26961345
133522	2.26937113
657	2.26889495
10673	2.26794416
83648	2.26775907
116154	2.26698741
360023	2.26697938
4153	2.26665826
7267	2.26600071
2117	2.26579243
441168	2.26555223
114827	2.26523216
6614	2.26494016
4211	2.26389904
54543	2.26377087
202181	2.2630938
8491	2.26301421
51194	2.26274373
4137	2.2626483
57191	2.26264035
388567	2.26264035
203	2.26246547
59351	2.26199679
201164	2.26184597
201163	2.26184597
8165	2.26140176
728464	2.26057798
4259	2.26049886
223	2.26049886
585	2.26049095
7696	2.26035647
4133	2.26024575
91584	2.26020621
7124	2.26012715
4049	2.26012715
57194	2.26010344
114299	2.25994537
2346	2.25973208
56034	2.259661
933	2.25961948
92579	2.25950309
124801	2.25950309
285888	2.25884052
1368	2.25862776
131669	2.25849386
84441	2.25844661
27173	2.25799799
200186	2.25799799
80332	2.25795079
64096	2.25795079
10841	2.25785641
283025	2.25719634
1605	2.25717279
80342	2.25670195
80727	2.25652159
155185	2.25652159
64324	2.25649024
54606	2.25630997
7042	2.25602797
51018	2.25602797
163351	2.25599664
440695	2.25522213
133584	2.2552065
85315	2.25515179
388135	2.25513616
57536	2.25486272
26788	2.25482368
391189	2.25465971
25893	2.25465971
84224	2.25461288
390064	2.25457385
390063	2.25457385
26154	2.25374734
138428	2.2536809
128611	2.25348256
3769	2.25314015
23235	2.2530857
10840	2.2530857
81622	2.25224648
547	2.25206021
375318	2.25206021
399979	2.25205245
326624	2.25146313
146722	2.25146313
57480	2.25145538
637	2.25134691
57553	2.25134691
10242	2.25130043
3456	2.25091329
8927	2.25089782
327	2.25089782
56660	2.25036416
4436	2.25036416
53358	2.24889804
8089	2.24829759
4069	2.24829759
79133	2.24822067
25937	2.24739079
284018	2.24712219
1006	2.2470915
57761	2.24703781
116150	2.24665445
5283	2.24637099
100124692	2.24629441
846	2.24573578
222068	2.24568225
9674	2.24540706
3567	2.24526953
9254	2.24507859
149134	2.24506332
55915	2.24431567
2804	2.24410229
54212	2.24393471
51143	2.24387378
10563	2.24362257
18	2.24352364
285641	2.24278623
29105	2.24230037
5458	2.24227003
10891	2.24211832
152405	2.24165594
152404	2.24165594
30009	2.24154989
9750	2.24125459
54849	2.24087631
10381	2.24087631
64711	2.24015092
64131	2.23964538
5532	2.23936645
54825	2.23929863
8607	2.23890699
119587	2.2383653
9325	2.23816985
460	2.23807216
284836	2.23780175
23108	2.23764409
91	2.23742646
284996	2.23692408
5068	2.2366394
23281	2.23660196
79607	2.23620526
9244	2.23555485
25789	2.23555485
54827	2.23549509
55184	2.23494272
10621	2.23494272
1608	2.23489796
96626	2.23485321
7851	2.23485321
729540	2.23485321
652919	2.23485321
80176	2.23483084
100129066	2.23455498
164714	2.23302977
7011	2.23263632
10038	2.23263632
64579	2.23221357
1232	2.23213944
441631	2.23209497
7456	2.23185048
7409	2.23150989
352961	2.23127313
10866	2.23127313
25966	2.23048975
90799	2.22935414
11232	2.22935414
9672	2.22845661
23418	2.22833904
57188	2.2281554
100132510	2.22813337
348840	2.2278177
9764	2.22737762
167	2.22732631
8790	2.22712111
51086	2.22712111
127255	2.22712111
23230	2.22693798
10391	2.2266671
64094	2.22611852
9448	2.22585545
100131439	2.22454247
6953	2.22452791
445577	2.22390202
56833	2.22365482
343413	2.22365482
4160	2.22332787
7762	2.22331334
144347	2.22286329
7298	2.22206595
494514	2.22206595
27098	2.22206595
23759	2.22197182
55143	2.22183427
54955	2.22183427
7003	2.22147252
5083	2.22146529
129685	2.22141467
51099	2.2212773
149297	2.22116166
219595	2.22098825
23657	2.2203458
5689	2.22031695
4600	2.22026646
79473	2.22007178
196872	2.21896306
80304	2.21863962
388931	2.21863962
5914	2.21859651
93664	2.21854622
1356	2.21830924
9658	2.21823745
122402	2.21775677
93109	2.21760622
51385	2.21754171
2905	2.21747005
92737	2.21714055
80006	2.2168614
373	2.2168614
1638	2.21648231
1948	2.21628218
8455	2.21603214
10939	2.21521159
119765	2.21464169
143187	2.21420764
58476	2.21369588
25780	2.21363195
57713	2.21312796
57568	2.21278047
2961	2.21273794
665	2.21269542
222389	2.21268124
84168	2.21195189
80196	2.21167605
57326	2.21161948
10654	2.21161948
388646	2.21155586
2634	2.21155586
5800	2.21108958
23013	2.21107546
4689	2.21106133
145645	2.21054621
11095	2.21022193
3200	2.20910992
3199	2.20910992
3198	2.20910992
6891	2.2088991
23075	2.20877968
64682	2.20842162
390442	2.20833742
26118	2.20823218
54511	2.20797972
57125	2.20714624
1327	2.20695736
10328	2.20695736
50807	2.20623755
28231	2.20565837
100127888	2.20565837
51144	2.20563048
9788	2.20548407
10166	2.20545619
166348	2.20500337
2580	2.20459275
27133	2.20441888
9789	2.20405745
6091	2.20357832
81849	2.20329387
23566	2.20329387
23025	2.20327307
5151	2.20326613
3433	2.20324533
3679	2.20312052
254427	2.20309279
64105	2.2028918
23398	2.2028918
677820	2.20280866
199	2.20280866
256144	2.20264242
25807	2.2021441
129080	2.2021441
9692	2.20176382
55012	2.20176382
120237	2.20149437
23081	2.20132174
80790	2.20109396
10121	2.20063877
23335	2.20048025
80704	2.20045958
81572	2.20012897
57583	2.19972294
56897	2.19951662
54997	2.19948912
9060	2.199441
51312	2.19809573
10402	2.19792444
84640	2.19769844
105	2.19756153
23302	2.19657703
27091	2.19622889
9542	2.1961129
3915	2.19577195
7652	2.1956629
10350	2.195513
171546	2.19528144
26010	2.19502279
83937	2.19446516
64225	2.19387432
54072	2.19358937
56981	2.19323006
8492	2.19312842
677809	2.19312842
100093630	2.19312842
390882	2.19244468
960	2.1919917
79784	2.19190386
3799	2.19140421
5519	2.19112762
94239	2.19055477
26112	2.1903191
6696	2.19024507
3692	2.19002975
128876	2.19002975
11027	2.18892794
19	2.18885414
57459	2.18884743
118663	2.18868645
56911	2.18865963
5801	2.18818379
6261	2.18772185
9790	2.18753453
154150	2.18729382
729614	2.18718688
29904	2.18708664
9043	2.18697975
5728	2.18687289
100144748	2.18687289
10588	2.18682614
3760	2.18669262
55777	2.18614558
7380	2.1859123
160777	2.18555928
55733	2.18549936
84188	2.18450195
9026	2.18440233
7204	2.18436249
79847	2.18428282
10124	2.18403063
124565	2.18373218
3131	2.18346706
7579	2.18344055
80155	2.1829373
4438	2.18267267
540	2.18199857
1459	2.18184671
56977	2.18178731
56886	2.18151677
9054	2.18125959
8904	2.18125959
147949	2.18075886
84881	2.18046923
11280	2.18029159
84902	2.18017321
10714	2.17970657
57706	2.17947672
5526	2.17938481
23130	2.17938481
285501	2.17874857
83894	2.17830965
23085	2.17825072
167153	2.1781918
3643	2.17761614
83595	2.17732859
54888	2.17697595
9278	2.17685847
6892	2.17685847
11278	2.17631063
8728	2.17626501
9001	2.17612166
53820	2.17500255
5918	2.17447003
55622	2.17432727
23284	2.17412619
2034	2.17408728
8685	2.17400947
9830	2.1734976
23406	2.17319335
169044	2.17259195
91695	2.17249503
253190	2.17249503
123346	2.17213984
124975	2.17192041
10514	2.17192041
2557	2.1718817
3249	2.17130789
100128675	2.17130789
7027	2.17122414
496	2.17122414
10218	2.17119193
654502	2.16954607
57554	2.1689497
65061	2.1686102
2004	2.1678425
11031	2.16758051
9088	2.16742723
79412	2.16742723
124222	2.16742723
6854	2.16717187
348938	2.16714634
58498	2.16706977
2645	2.16706977
3786	2.16694218
154664	2.16684013
140606	2.16611375
55692	2.1659228
2528	2.16583372
2525	2.16583372
25927	2.16549028
646405	2.1650201
4217	2.16467731
266629	2.16457579
3269	2.16415729
137902	2.1636379
55065	2.16317604
23131	2.16305591
389161	2.1626894
338	2.16261361
9760	2.16159802
677776	2.16156022
54801	2.16156022
10670	2.16156022
283651	2.16133977
5724	2.16101875
514	2.16025178
51012	2.16025178
7525	2.15998178
114991	2.15974958
59344	2.15958649
284306	2.15908506
117194	2.15860298
5229	2.15852165
9219	2.15832775
6094	2.15832775
256364	2.15832775
26018	2.15808394
115286	2.15808394
157310	2.15787774
10630	2.1577778
9552	2.15709135
29844	2.15677968
26121	2.15677968
25998	2.15651183
64283	2.15611347
84280	2.15598284
4159	2.15595796
2845	2.1558025
6423	2.15561603
27300	2.15557253
5465	2.15554768
51063	2.15465386
255022	2.15465386
253430	2.1541519
114984	2.1539909
55180	2.15394756
1657	2.15304467
143686	2.15263096
204801	2.15237799
91523	2.15226081
347902	2.15226081
140707	2.15225464
728358	2.15170001
142827	2.15166306
84650	2.15145374
284371	2.15113994
57707	2.15099235
29920	2.15059287
81285	2.15001582
140578	2.14921903
143458	2.14761761
5425	2.14754441
79834	2.14752001
23210	2.1472639
155006	2.1472639
124512	2.1472639
729233	2.14725171
29125	2.14698966
56244	2.14582761
57724	2.14577293
9124	2.14568788
84803	2.14500813
51363	2.144996
9842	2.1449293
201175	2.1449293
4197	2.14434761
5136	2.14429311
63934	2.14385741
374383	2.14312617
90768	2.14307183
11170	2.14307183
763	2.1425107
132204	2.1424263
155051	2.14216112
253769	2.14193224
9267	2.14182988
130749	2.14160117
9951	2.14156507
11113	2.14135454
56967	2.14109002
2703	2.14069955
83464	2.14064551
26115	2.14060349
90780	2.14026743
10396	2.14024944
80119	2.1397938
654341	2.13959611
414060	2.13959611
1479	2.13891385
78986	2.13878829
286183	2.1377374
11322	2.13761218
57179	2.13701638
375484	2.13701638
4715	2.13693303
2949	2.13692113
4149	2.13668309
2342	2.13668309
9315	2.13614798
80741	2.13596382
58496	2.13596382
57731	2.13589849
8549	2.13577973
51230	2.13570256
84458	2.1356254
26148	2.1356254
6510	2.1349138
9826	2.13423294
149499	2.13423294
94134	2.1341383
440567	2.13406142
283871	2.13397864
283870	2.13397864
84059	2.13385449
64396	2.13374221
257629	2.13357087
114	2.13355906
10960	2.13344094
10636	2.13344094
286046	2.1331989
10098	2.13296879
55540	2.13290981
51174	2.13289212
23347	2.13272702
54550	2.13267396
56944	2.13265038
204851	2.13265038
2035	2.1322262
56884	2.13192598
319100	2.13189068
23043	2.13091503
55802	2.13053946
246213	2.13034593
10526	2.13032834
26207	2.12951416
4163	2.12922751
202374	2.12917488
22884	2.12871903
6905	2.12793118
84709	2.12791952
23555	2.12790786
8648	2.12733104
55608	2.12698182
57795	2.12690038
83852	2.1268713
54097	2.12681895
85236	2.1267201
85235	2.1267201
8294	2.1267201
245936	2.12670265
245935	2.12670265
221527	2.12659801
51537	2.1259881
23541	2.1259881
646480	2.12591265
339669	2.12562256
9873	2.12555297
10406	2.12537904
2736	2.12517042
55788	2.1251067
60490	2.12473033
1769	2.12459723
6256	2.1243832
9381	2.12426177
56980	2.12421551
64098	2.12405946
29780	2.12405946
26035	2.12394967
162	2.12371286
56951	2.1227093
207107	2.12262865
503834	2.12208181
8706	2.12200703
3899	2.12151842
2859	2.12125996
56955	2.12072057
51131	2.11995854
339855	2.11995854
127833	2.11952369
11060	2.11940289
64116	2.11862676
29988	2.11825596
9635	2.11812483
5923	2.1176007
10090	2.11703172
7850	2.11701466
84464	2.11683843
197358	2.11683843
59349	2.11629883
51094	2.11629883
3000	2.11625909
9791	2.11623639
8082	2.11599808
344807	2.11599808
342125	2.1159924
10691	2.1159527
54798	2.11580525
7957	2.11562384
11136	2.11539153
114926	2.11517066
6326	2.11474624
7364	2.11396637
2900	2.11356568
57661	2.1122702
84337	2.11200595
54	2.11200595
23173	2.11191603
219409	2.11191041
120406	2.11175871
8710	2.1113825
28960	2.11089447
6861	2.11088326
5794	2.11088326
352909	2.11088326
79741	2.11066468
90362	2.10956221
150379	2.10919907
55107	2.10899249
5796	2.10886971
25977	2.10827861
84467	2.10820617
6370	2.10820617
54557	2.1080112
51010	2.10729892
158234	2.10729892
5774	2.1067988
27340	2.10651565
284366	2.10612732
11202	2.10612732
9781	2.10595546
150165	2.10586678
57569	2.10529635
54806	2.10526314
100131814	2.10526314
28982	2.1040639
8891	2.10404734
7162	2.10383217
5076	2.10321483
25924	2.10278541
84000	2.1027744
23201	2.10271938
285375	2.10257636
84900	2.10237291
79794	2.10237291
219681	2.10219153
54868	2.10216955
4650	2.1019608
120	2.1012474
5558	2.10113227
80235	2.10103909
84951	2.10090758
91828	2.10067753
440585	2.10051875
11157	2.10042023
3122	2.09999903
143282	2.09988423
1997	2.09966565
130813	2.09920698
84617	2.09916878
57418	2.09905965
22877	2.09816041
2218	2.09798622
283601	2.09762175
781	2.09748583
55773	2.09720869
22868	2.09698602
254240	2.09640002
8626	2.09544674
7783	2.09514386
200159	2.09486821
60494	2.09473315
57002	2.09468454
338872	2.0943606
221178	2.0943606
64285	2.09432822
153201	2.09427966
7173	2.09425807
64097	2.09374579
84125	2.09348718
3112	2.0934064
79048	2.09337947
1164	2.09337947
390148	2.09280369
128372	2.09223941
171425	2.0921159
10365	2.09210516
55272	2.0920998
1421	2.0919978
140803	2.09178315
83605	2.09175632
283050	2.0914024
3732	2.09123626
27128	2.09116661
10082	2.0910809
64399	2.09072218
4884	2.09067937
51227	2.09041723
129880	2.09041723
84807	2.09039049
333	2.09039049
4707	2.08993082
346525	2.08980263
54714	2.08925823
51759	2.08866125
80254	2.08862929
4057	2.08813956
58512	2.08800126
51108	2.08754411
10261	2.08754411
958	2.0875388
339745	2.08746974
9749	2.08741131
84946	2.08741131
2974	2.0873582
441204	2.08723608
8419	2.08717768
9811	2.08704499
119548	2.08700254
57509	2.08689112
768097	2.08663126
1620	2.08617026
23327	2.08544001
117248	2.08542944
25820	2.08534486
80243	2.0849433
55176	2.08455795
55225	2.08446826
6527	2.08440496
9912	2.08438386
55790	2.08438386
256764	2.08436277
10279	2.08406225
64968	2.08394631
1352	2.08386202
4967	2.08336184
5784	2.08324084
5362	2.08289904
646486	2.08288327
26534	2.08259953
6514	2.08258903
2317	2.08240523
170394	2.08215328
2081	2.08202736
7006	2.08175991
26031	2.08173894
84276	2.08163411
6988	2.08163411
387	2.08163411
275	2.08163411
5663	2.08144547
131890	2.08143499
84066	2.08140356
51501	2.08047215
8364	2.08004896
8347	2.08004896
3010	2.08004896
29887	2.07937585
102	2.07925074
57186	2.07875585
389384	2.07824592
54532	2.07811593
401152	2.07811593
10873	2.07799637
57510	2.07777294
7593	2.07725379
65996	2.07725379
79097	2.07694259
146852	2.07691667
10541	2.07661608
81470	2.07651247
5066	2.0761604
57670	2.07607243
84767	2.07602586
22895	2.07596378
83856	2.07584999
3782	2.07564317
201931	2.07500265
4858	2.07496652
57448	2.07420755
388336	2.07377077
23291	2.07366784
140862	2.07360095
5427	2.07349292
85476	2.07315357
56925	2.07315357
93663	2.07229609
8842	2.07182955
4883	2.07143517
56938	2.07107185
57446	2.07043804
168507	2.07015721
9575	2.06980515
80005	2.06965727
55074	2.06951963
4009	2.06937694
2864	2.06934127
443	2.0693158
23331	2.06903569
84680	2.06902551
26525	2.06872016
7490	2.06857773
84164	2.0678206
354	2.06764294
10213	2.06688237
2626	2.0666494
245973	2.06644691
9730	2.06619394
3381	2.06618383
148789	2.06615348
9218	2.06606751
57119	2.06586024
140870	2.06586024
22901	2.06573896
55588	2.06573777
8499	2.06553185
57562	2.06477497
1264	2.06445243
148418	2.064256
114822	2.06394895
23023	2.06366222
152118	2.06359183
5338	2.06344605
64328	2.06343097
145567	2.06334051
91703	2.06313454
347853	2.06313454
6564	2.06272791
593	2.06247208
374907	2.06247208
145781	2.06234171
4940	2.0622164
4939	2.0622164
4547	2.06201096
823	2.06189075
64798	2.06183065
84700	2.06144025
2047	2.06057061
90864	2.06036595
3483	2.06036595
197342	2.06036595
10101	2.06036595
266727	2.06031106
602	2.06017136
1103	2.06005664
116449	2.05997187
23064	2.05977746
129401	2.05836933
50613	2.05771409
390066	2.05771409
374354	2.05709451
11328	2.0564214
54979	2.05618409
11145	2.05618409
5939	2.05601112
11176	2.05601112
89766	2.05586293
54852	2.05581848
403253	2.0558086
127540	2.05579872
3960	2.05576416
3191	2.05576416
3090	2.05570984
84708	2.0555107
344905	2.05549265
8818	2.0552953
138429	2.0552953
54084	2.05524598
386680	2.05524598
386674	2.05524598
387990	2.05481217
27004	2.05426068
64430	2.05374429
8567	2.05371972
10062	2.05371972
144193	2.05370497
120935	2.05370497
58986	2.05318434
100134368	2.05318434
10215	2.05315489
55614	2.05290463
9463	2.05288991
23539	2.05288991
170392	2.05257608
63926	2.05248786
64223	2.05229187
26240	2.05226737
55744	2.05195889
6812	2.05172889
10129	2.0516604
256380	2.05139634
8508	2.05134257
10137	2.05120573
79863	2.05093706
55615	2.05074665
386685	2.05043436
57696	2.05029293
1967	2.05029293
8462	2.04952805
11132	2.04952318
85013	2.0488617
253260	2.04855076
50615	2.04840509
4040	2.04834198
9686	2.04824005
5243	2.04799261
221935	2.04775985
374470	2.04775016
387097	2.04774046
3385	2.04740611
125950	2.04740611
64284	2.04671883
9914	2.04659794
1395	2.04658827
84504	2.04641909
4052	2.04620166
644414	2.04603263
3839	2.04587814
65981	2.04509208
57643	2.04501018
1738	2.04442769
51097	2.04392766
56478	2.04375471
11153	2.0437451
57140	2.04362504
133022	2.04333702
2897	2.04285263
54812	2.0421438
3157	2.04200025
91646	2.04197633
400242	2.0415269
23405	2.0415269
2874	2.04150779
1984	2.04150779
6446	2.04131191
2044	2.04118297
2821	2.0410302
57576	2.0407439
8740	2.0405293
140823	2.04044349
284612	2.03994326
127002	2.03994326
6119	2.03973857
8459	2.03959107
10725	2.03933899
28513	2.03915835
51608	2.03912033
23353	2.03912033
79971	2.03902054
389400	2.03874506
6044	2.03844603
574040	2.03844603
54977	2.03844603
3921	2.03844603
285045	2.03819462
160728	2.03811875
283856	2.03795283
23426	2.03713367
149466	2.03702015
128218	2.03702015
58524	2.03700123
26122	2.03667504
643160	2.0359479
85449	2.03584412
7052	2.03579224
9862	2.03557174
256435	2.03511837
8605	2.03506187
63874	2.03428573
4050	2.03372213
55571	2.03349221
55253	2.03289216
692205	2.03278911
51585	2.03237247
58497	2.03225083
149428	2.03225083
84256	2.03170388
9697	2.03160579
145258	2.03156842
25816	2.03148903
337979	2.03139565
337968	2.03139565
337967	2.03139565
79669	2.03087309
64149	2.03060273
162494	2.03060273
7873	2.03037445
84630	2.03019466
81608	2.03002992
440799	2.03001596
23250	2.02987637
491	2.02963917
221303	2.02942999
79807	2.02941605
3077	2.02938816
55315	2.02934634
92949	2.02896549
4635	2.02883088
26019	2.02862672
4322	2.02850149
4323	2.02831603
122704	2.02831603
4923	2.0279083
54914	2.02776938
5054	2.0276768
1406	2.02742229
30811	2.02719568
160897	2.02693221
646603	2.02629501
10655	2.02598598
5327	2.02587534
10564	2.02564492
29094	2.0254791
400165	2.02545147
53918	2.02541923
25941	2.02517065
10988	2.02480723
55174	2.02478884
55304	2.02477045
64900	2.02474286
10867	2.02450386
26289	2.02432469
84433	2.02397575
80256	2.02392068
80099	2.02389774
10363	2.02383809
7589	2.02334287
7586	2.02334287
3985	2.02332912
54708	2.02260567
1961	2.02140411
89782	2.02139955
84223	2.02139955
255967	2.02116237
7024	2.02111678
727897	2.01961934
54472	2.01961934
4586	2.01961934
57507	2.01959208
133482	2.01952848
4320	2.01925146
7982	2.01911529
51155	2.01904268
30833	2.01904268
23369	2.01903815
23527	2.01902907
9247	2.01885215
7551	2.01869796
6652	2.01866623
3140	2.01839429
9768	2.01833086
10944	2.01754785
118881	2.01702813
8496	2.01680236
23143	2.01522073
23114	2.01521624
114884	2.01498241
644186	2.01459149
23507	2.01445677
384	2.014358
10490	2.014358
170622	2.0139497
10008	2.01380622
2149	2.01333125
323	2.01309397
3557	2.01308502
282770	2.01285681
55959	2.01260637
57514	2.01242757
305	2.01239629
9379	2.01224885
391123	2.01211486
284677	2.01211486
25790	2.01211486
10404	2.01191841
57468	2.01188716
473	2.01179344
1440	2.01118251
100113390	2.01118251
10518	2.01087068
5145	2.01071931
7565	2.01029217
389799	2.01027439
8934	2.01025215
29091	2.0100921
4085	2.00970111
118611	2.00949687
387755	2.00943917
54429	2.00929273
339967	2.0088803
79906	2.00835313
100129534	2.00835313
92797	2.00756579
64167	2.00747741
2045	2.00730513
54815	2.00658582
375316	2.006577
4931	2.00622881
2734	2.00566085
79870	2.0054629
9516	2.0054541
10018	2.00540133
64405	2.00494864
27445	2.00493986
60489	2.00441306
164668	2.00441306
29928	2.00435603
29	2.00435603
154743	2.00388691
5787	2.00388252
6320	2.00358465
8313	2.00316885
340120	2.00301576
57139	2.00297203
26136	2.00218565
282974	2.0021551
6480	2.00187585
58527	2.0013484
96459	2.00132227
85391	2.00130484
85390	2.00130484
85389	2.00130484
3312	2.00130484
150094	2.00075633
8451	2.00052581
56649	2.00051277
2043	2.00014334
54991	0.
