6934	67.30980392
54901	23.33510345
3087	14.95860731
3832	11.8580377
3416	11.74472749
221895	11.3151975
10644	10.69897
169026	10.67778071
79068	10.32790214
100048912	10.19382003
5468	10.13716604
6927	8.8537385
3122	8.53560779
4544	8.31875876
7466	7.88605665
3123	7.83001408
3127	7.69163363
6833	7.65159993
6928	7.63395492
2945	7.50863831
311	7.40496814
57178	7.32790214
341	7.16340598
351	7.16104951
8091	7.11350927
204010	7.11350927
717	6.96319715
629	6.96319715
3767	6.92104982
56479	6.90985351
6854	6.88605665
5522	6.88605665
3784	6.85387196
10984	6.85387196
3694	6.82390874
7079	6.79588002
7323	6.54828312
199	6.5263281
3106	6.48866567
84105	6.47201582
287	6.42071951
10576	6.40954344
5937	6.37675071
9902	6.37061658
22925	6.32621675
728723	6.31875876
6586	6.31875876
116985	6.30980392
3109	6.27674187
967	6.18173604
1021	6.15596115
1607	6.15490196
286	6.13667714
157848	6.13667714
79618	6.13492032
7157	5.98012377
7940	5.96371388
8638	5.95860731
64897	5.95860731
5629	5.95860731
5092	5.93219868
3107	5.90634249
10919	5.89514906
63892	5.85387196
7412	5.81054467
4277	5.73356732
440387	5.71345548
1504	5.71345548
4439	5.66013954
29091	5.63827216
54894	5.62031633
6745	5.56863624
3108	5.56340674
3119	5.55842031
7088	5.55662741
7103	5.55284197
7916	5.53044888
10659	5.52895357
7148	5.46852108
59338	5.45593196
5917	5.45593196
10809	5.45593196
10107	5.4097552
55346	5.38466356
4507	5.36653154
222256	5.36653154
111	5.36653154
1030	5.36653154
80864	5.35730994
374383	5.35654732
1029	5.34844998
7936	5.30103
54832	5.30103
94241	5.28399666
137682	5.28399666
51654	5.27893521
4795	5.26760624
113	5.24828524
108	5.24695078
55671	5.2465815
8187	5.24412514
9055	5.24221532
57154	5.23310553
9374	5.2101605
219348	5.18045606
1028	5.17606438
5460	5.1695534
56898	5.16749109
133308	5.16749109
1460	5.15764152
718	5.15513246
54469	5.13667714
57542	5.12435208
26207	5.11350927
894	5.10595909
89857	5.10220177
3303	5.0841022
5868	5.06660776
9340	5.05931909
26047	5.04693375
6622	5.03887927
677820	5.02227639
54805	5.01772877
51098	5.
10110	5.
11309	4.99556336
5693	4.99510292
23457	4.98360024
93664	4.97405697
90627	4.96245442
440193	4.95860731
4276	4.95860731
5745	4.95198746
27303	4.94164179
29127	4.9344105
54622	4.92081875
408	4.9179501
3320	4.911494
6048	4.89400697
54927	4.89110494
943	4.88605665
83992	4.88605665
55024	4.88605665
3786	4.88605665
259197	4.87142223
3678	4.86411993
9816	4.85387196
4605	4.85387196
27097	4.85387196
222255	4.85387196
9873	4.79588002
6941	4.79588002
54535	4.79588002
4855	4.79588002
8850	4.78394115
55294	4.77600516
50854	4.76955108
493856	4.76955108
26801	4.76955108
26797	4.76955108
26018	4.76955108
115286	4.76955108
84164	4.76600113
2180	4.76554436
5567	4.74561192
92689	4.74472749
352961	4.74472749
23051	4.74472749
4312	4.7433592
55133	4.74130314
283927	4.73917723
29121	4.72844038
55280	4.7212464
84327	4.70922182
5521	4.69881719
23043	4.68026209
3128	4.67778071
6095	4.67052393
1173	4.66778861
80736	4.65757732
150159	4.65757732
4790	4.64865534
7104	4.64711621
158038	4.64178862
84952	4.63827216
80863	4.63827216
5125	4.63827216
57605	4.63707708
9370	4.6258988
8665	4.62339426
2103	4.62196626
1871	4.6199765
677800	4.61978876
1388	4.60205999
4065	4.6002191
23424	4.59916088
80824	4.58502665
80008	4.58502665
5161	4.58502665
118426	4.58502665
55016	4.57722261
80333	4.56863624
10395	4.56057326
10060	4.56020425
6631	4.55535889
5335	4.55284197
2869	4.54797146
4925	4.54797043
3817	4.53605543
22882	4.51836879
6239	4.51601268
253018	4.50863831
80740	4.49485002
80739	4.49485002
7150	4.49485002
283267	4.49485002
23564	4.49485002
1192	4.49485002
26276	4.48148606
1062	4.47432332
2167	4.46900502
5089	4.46852108
221527	4.46852108
177	4.46852108
10554	4.46852108
6263	4.46233985
5646	4.46033472
3376	4.45943046
389400	4.4436975
721	4.44142545
5654	4.43224985
5568	4.4302455
57794	4.4226561
23762	4.40850082
84894	4.39093399
10868	4.38810877
7917	4.38721614
57827	4.38721614
55937	4.38721614
55313	4.38721614
26040	4.381743
80339	4.37675071
25813	4.37675071
1147	4.37675071
3759	4.37490717
9369	4.36653154
64771	4.36653154
23479	4.35928468
9903	4.35810296
861	4.35654732
10428	4.35654732
9564	4.33724217
145741	4.33724217
5602	4.33291033
51327	4.33211361
1026	4.32959814
5923	4.32790214
54465	4.32790214
4306	4.32472182
6129	4.32112345
57222	4.31875876
3275	4.31414094
6503	4.31014784
5478	4.30957626
10057	4.30483362
2042	4.3026267
9622	4.2940033
821	4.29386204
9079	4.29325181
158297	4.29242982
4758	4.27572413
1769	4.27572413
3371	4.2691826
91057	4.26760624
51144	4.26760624
63940	4.25574984
238	4.24532217
60685	4.24491421
3117	4.24117538
84310	4.23657201
56916	4.23517981
58	4.23448316
23276	4.23361127
57626	4.23052413
23294	4.22914799
1996	4.2219937
9218	4.22184875
55366	4.22184875
5479	4.21356795
84464	4.21289418
100128675	4.20760831
22938	4.19727534
23557	4.18937899
121665	4.18708664
594	4.17477958
11173	4.1739252
10866	4.1739252
10642	4.16841208
65055	4.16749109
51318	4.16749109
401474	4.16115091
83637	4.15853613
151651	4.15752284
7049	4.15490196
387103	4.1426675
26577	4.13772642
200845	4.13137031
10665	4.13076828
284217	4.11918641
55466	4.11468206
643036	4.1079054
152273	4.1079054
126969	4.10529997
28992	4.10237291
23769	4.10237291
7325	4.10073505
6160	4.09143989
116984	4.08937174
9252	4.08810278
833	4.08618615
23054	4.08344107
7919	4.07629494
267	4.07577236
65264	4.07386356
830	4.072026
11076	4.07058107
57706	4.06048075
6774	4.05996492
80741	4.05551733
7918	4.05551733
58496	4.05551733
4126	4.05551733
3790	4.05551733
55656	4.04575749
8777	4.04391355
54715	4.04141239
7374	4.04095861
32	4.04095861
7273	4.03640111
2852	4.03151705
1610	4.03151705
10363	4.03151705
23327	4.03086718
9108	4.02227639
5733	4.02227639
5239	4.02227639
1740	4.01772877
55183	4.01322827
23177	4.00436481
8897	4.
79770	4.
56172	4.
4163	4.
388125	4.
2695	4.
22978	4.
150280	4.
3608	3.99858858
373509	3.99118361
4436	3.99065868
2740	3.98950762
7074	3.98863899
2492	3.98820669
5957	3.98402235
2104	3.98301765
26015	3.98091786
8050	3.97786509
9521	3.97728195
5597	3.96372281
3735	3.96347845
9742	3.95860731
91869	3.95860731
91433	3.95860731
79652	3.95860731
56244	3.95860731
343477	3.95860731
285834	3.95860731
23094	3.95860731
170954	3.95860731
118663	3.95860731
11270	3.95860731
3685	3.95242976
3676	3.9511798
3797	3.94846271
11155	3.93397777
1000	3.93333091
6508	3.93318966
2122	3.93190185
5579	3.92168363
2762	3.92081875
23066	3.92081875
222389	3.92081875
5594	3.91942916
64210	3.91410514
2317	3.90776373
2308	3.88609301
80854	3.88605665
6882	3.88605665
646762	3.88605665
645545	3.88605665
64478	3.88605665
57497	3.88605665
56155	3.88605665
55898	3.88605665
54887	3.88605665
23286	3.88605665
1592	3.88605665
7188	3.8820335
4193	3.88010245
23413	3.87475947
29966	3.86970281
53371	3.86608054
30818	3.86147933
23365	3.86128294
9960	3.85957089
950	3.85520105
9734	3.85488383
64768	3.85387196
57819	3.85387196
5592	3.85387196
3305	3.85387196
25937	3.8483144
10989	3.84782978
94240	3.84550174
2533	3.84533072
135644	3.83793401
2597	3.83474682
26330	3.8347428
222643	3.82931396
54822	3.82860646
6769	3.82390874
64900	3.82390874
404550	3.82390874
3953	3.82390874
144165	3.82390874
123624	3.82390874
117583	3.82390874
10584	3.82390874
10223	3.82390874
79834	3.81722425
4745	3.81382412
4591	3.81175543
134526	3.80405881
965	3.79588002
81567	3.79588002
81037	3.79588002
80007	3.79588002
728489	3.79588002
64170	3.79588002
51350	3.79588002
4724	3.79588002
401541	3.79588002
26086	3.79588002
144402	3.79588002
56899	3.79272509
11069	3.79069315
55758	3.78485176
2494	3.78280931
716	3.78240496
9656	3.78083211
3699	3.77576401
84525	3.76955108
692233	3.76955108
60495	3.76955108
56918	3.76955108
54838	3.76955108
51271	3.76955108
401250	3.76955108
347240	3.76955108
27350	3.76955108
200316	3.76955108
196528	3.76955108
1586	3.76955108
140564	3.76955108
977	3.7691013
7106	3.7691013
26993	3.76849724
374454	3.76493729
8743	3.7531745
1291	3.75303577
57685	3.75059794
10635	3.747424
678	3.74472749
54984	3.74472749
54801	3.74472749
257415	3.74472749
169044	3.74472749
143188	3.74472749
1408	3.74472749
114879	3.74472749
3172	3.73767491
6616	3.73683293
288	3.73069943
7779	3.72396945
79966	3.7212464
7957	3.7212464
2131	3.7212464
170680	3.7212464
170679	3.7212464
23456	3.72041155
51465	3.71863553
7447	3.7067861
10661	3.70639411
54567	3.70282578
29957	3.70004465
6000	3.69908126
9508	3.69897
85465	3.69897
63915	3.69897
55954	3.69897
51059	3.69897
401494	3.69897
29796	3.69897
137392	3.69897
84959	3.68829238
4296	3.68660305
27349	3.68374918
83478	3.68046765
8468	3.67778071
5380	3.67778071
389517	3.67778071
339500	3.67778071
2970	3.67778071
2775	3.67778071
23314	3.67778071
2259	3.67778071
122786	3.67778071
100093631	3.67778071
64147	3.67376166
2627	3.67347576
948	3.66875859
84993	3.65895945
9046	3.65757732
388403	3.65757732
10743	3.65757732
1012	3.65757732
119	3.65550911
4938	3.64961617
727	3.64682297
473	3.6465259
4600	3.64515592
10241	3.64433829
55074	3.63827216
4685	3.63827216
3062	3.63827216
23231	3.63827216
11267	3.63827216
10249	3.63827216
5747	3.62424686
6096	3.61978876
6049	3.61978876
55915	3.61978876
51074	3.61978876
375449	3.61978876
285782	3.61978876
2729	3.61978876
10613	3.61978876
10451	3.61685201
6301	3.60848901
51520	3.60788481
886	3.60205999
7410	3.60205999
64764	3.60205999
5671	3.60205999
5669	3.60205999
440533	3.60205999
221937	3.60205999
6092	3.5965671
403	3.59435677
9223	3.58836147
5655	3.58720795
43849	3.58720795
11012	3.58720795
64327	3.58502665
53353	3.58502665
55958	3.58172074
284131	3.56863624
56894	3.56803156
2617	3.56786184
22915	3.56517592
10867	3.56385181
4791	3.56225943
2903	3.56097553
2331	3.56024192
79901	3.55284197
647946	3.55284197
5738	3.55284197
286204	3.55284197
90139	3.55271544
6206	3.55058527
9358	3.55049066
137964	3.54575517
80778	3.537602
79827	3.537602
5787	3.537602
55222	3.537602
29887	3.537602
27106	3.537602
254102	3.537602
151056	3.537602
114900	3.537602
10089	3.537602
26262	3.53652868
8541	3.52622972
9228	3.52287875
646486	3.52287875
5046	3.52287875
3995	3.52287875
389549	3.52287875
25830	3.52287875
202018	3.52287875
11122	3.52287875
10645	3.52287875
1002	3.52287875
3622	3.51943243
83733	3.51693309
3710	3.51153895
9037	3.50863831
8694	3.50863831
83482	3.50863831
64848	3.50863831
55568	3.50863831
4853	3.50863831
4482	3.50863831
419	3.50863831
3297	3.50863831
286133	3.50863831
23091	3.50863831
2078	3.50863831
162333	3.50863831
123	3.50863831
3145	3.50682728
154064	3.50181999
2615	3.49594763
57674	3.49485002
51684	3.49485002
5025	3.49485002
4197	3.49485002
2186	3.49485002
9450	3.4829532
55735	3.48155031
9690	3.48148606
84281	3.48148606
7124	3.48148606
7010	3.48148606
64106	3.48148606
516	3.48148606
4049	3.48148606
375061	3.48148606
115827	3.48148606
5218	3.47456861
3747	3.46852108
10079	3.46852108
1025	3.46797147
4313	3.46539072
1031	3.46433318
6626	3.46173362
1379	3.46030384
381	3.45801002
692199	3.45593196
54768	3.45593196
534	3.45593196
5003	3.45593196
5002	3.45593196
375056	3.45593196
284119	3.45593196
169792	3.45593196
6718	3.45521763
23284	3.4550947
51011	3.45287212
58512	3.45162315
6499	3.4436975
2914	3.4436975
23395	3.4436975
87	3.4366711
3433	3.43327125
60468	3.43179828
55083	3.43072361
6710	3.42803055
84498	3.42760321
4800	3.42521495
80114	3.4202164
140803	3.4202164
5552	3.41660344
23362	3.4129726
10139	3.41023724
91156	3.40893539
5800	3.40893539
200879	3.40893539
133619	3.40893539
2099	3.40656579
6271	3.40611279
2066	3.3995593
80013	3.39794001
27032	3.39794001
148113	3.39794001
124535	3.39794001
10846	3.39760005
6310	3.39025595
80790	3.38721614
595	3.38203823
8647	3.37798887
9914	3.37675071
9912	3.37675071
9442	3.37675071
728939	3.37675071
728932	3.37675071
728855	3.37675071
653598	3.37675071
607	3.37675071
55239	3.37675071
5101	3.37675071
3613	3.37675071
2899	3.37675071
200030	3.37675071
11051	3.37675071
10018	3.37675071
6167	3.37285329
5000	3.37039736
137868	3.36653154
5795	3.36443958
11345	3.36398302
94081	3.36380503
55534	3.36247652
2271	3.36247347
79820	3.35888316
80168	3.35654732
80023	3.35654732
6540	3.35654732
6444	3.35654732
56243	3.35654732
3777	3.35654732
8295	3.35622112
114792	3.35283872
65263	3.35212435
9406	3.34678749
81492	3.34678749
5866	3.34678749
58497	3.34678749
55793	3.34678749
5071	3.34678749
3756	3.34678749
23348	3.34678749
23194	3.34678749
719	3.34557023
3486	3.34554307
23114	3.34511649
2648	3.34269154
1003	3.3424256
55553	3.33726594
57528	3.33724217
55833	3.33724217
36	3.33724217
29942	3.33724217
27161	3.33724217
149699	3.33724217
10964	3.33186707
9134	3.32790214
8972	3.32790214
753	3.32790214
636	3.32790214
57116	3.32790214
53616	3.32790214
4676	3.32790214
148979	3.32790214
1075	3.32272435
83940	3.31875876
79987	3.31875876
4715	3.31875876
390	3.31875876
388512	3.31119435
23087	3.31117408
9267	3.30980392
91614	3.30980392
84221	3.30980392
4137	3.30980392
363	3.30980392
22955	3.30980392
126526	3.30980392
100130148	3.30980392
100129066	3.30980392
6342	3.30665949
2773	3.3065265
90987	3.30103
4319	3.30103
157627	3.30103
51741	3.29945349
6132	3.29618064
5087	3.29586192
5530	3.29557376
11281	3.29534918
9687	3.29242982
6196	3.29242982
55206	3.29242982
22987	3.29242982
221120	3.29242982
145497	3.28790023
3434	3.28696018
5894	3.28475597
80059	3.28399666
5322	3.28399666
22937	3.28399666
1838	3.28399666
155184	3.28399666
145165	3.28399666
131034	3.28399666
10301	3.28399666
84803	3.28251374
84060	3.27572413
29953	3.27572413
23092	3.27572413
915	3.27379674
122961	3.27362617
129607	3.27258186
2353	3.27220024
89845	3.26811388
4958	3.2676647
9411	3.26760624
7704	3.26760624
64409	3.26760624
54926	3.26760624
374868	3.26760624
152579	3.26759983
5156	3.26123914
10133	3.26118026
84766	3.25963731
5980	3.25963731
23072	3.25709655
7027	3.25665034
54331	3.25548661
79932	3.25181197
51204	3.25181197
4803	3.25181197
154007	3.25181197
1266	3.25181197
10198	3.25181197
23081	3.24802765
9025	3.24761825
6137	3.24578593
3055	3.24439913
8190	3.24412514
54536	3.24412514
53916	3.24412514
4703	3.24412514
440279	3.24412514
403253	3.24412514
200172	3.24412514
1503	3.24412514
114795	3.24412514
112398	3.24412514
57534	3.24351947
3708	3.24332995
8661	3.24076133
5689	3.23657201
196475	3.23657201
8618	3.23636208
55351	3.22979625
7112	3.22958832
7553	3.22914799
6827	3.22914799
6620	3.22914799
340385	3.22914799
253314	3.22914799
1804	3.22914799
222642	3.22756354
135892	3.22491083
10948	3.22442738
3437	3.22410638
90390	3.22192502
9990	3.22184875
8859	3.22184875
7867	3.22184875
6397	3.22184875
54606	3.22184875
5121	3.22184875
4621	3.22184875
3697	3.22184875
3269	3.22184875
2922	3.22184875
222068	3.22184875
1797	3.22184875
84824	3.2204933
81532	3.21467016
776	3.21467016
55747	3.21467016
4634	3.21467016
389170	3.21467016
3635	3.21467016
22997	3.21467016
22796	3.21467016
2074	3.21467016
112464	3.21467016
5139	3.20760831
23136	3.20760831
107	3.20694964
84749	3.20065945
83851	3.20065945
650662	3.20065945
606293	3.20065945
5789	3.20065945
145508	3.20065945
121642	3.20065945
811	3.19390351
9542	3.19382003
9478	3.19382003
6445	3.19382003
4122	3.19382003
286046	3.19382003
2570	3.19382003
166348	3.19382003
11085	3.19382003
9794	3.18900974
26137	3.18745465
51460	3.18708664
25897	3.18708664
200734	3.18708664
57761	3.18611958
55729	3.18532456
83875	3.18045606
5918	3.18045606
5805	3.18045606
57798	3.18045606
441204	3.18045606
4131	3.18045606
201501	3.18045606
253558	3.17777838
7113	3.1775155
3673	3.17451165
92241	3.1739252
399959	3.1739252
27086	3.1739252
2009	3.1739252
114805	3.1739252
1314	3.17163572
8464	3.16785104
54875	3.16749109
4010	3.16749109
11124	3.16749109
92	3.16570281
7405	3.16342494
9354	3.16334383
1794	3.16298718
80149	3.16115091
64769	3.16115091
131544	3.16115091
161394	3.15825293
23426	3.15791062
57515	3.15632276
115426	3.15523645
6514	3.15490196
4045	3.15490196
3426	3.15490196
320	3.15490196
11154	3.15490196
11138	3.15490196
84159	3.15119375
9110	3.14874165
8911	3.14874165
7038	3.14874165
4055	3.14874165
1602	3.14874165
124359	3.14874165
100113385	3.14874165
5162	3.14745479
3709	3.14687388
7709	3.14537731
5026	3.14379026
9033	3.1426675
81501	3.1426675
64094	3.1426675
56934	3.1426675
55799	3.1426675
5514	3.1426675
54859	3.1426675
282991	3.1426675
23	3.1426675
317772	3.13854596
9469	3.13667714
387742	3.13667714
11031	3.13667714
2235	3.134817
673	3.13076828
6645	3.13076828
27183	3.13076828
157695	3.13076828
55246	3.12493874
5138	3.12493874
5027	3.12493874
9858	3.11918641
8701	3.11918641
114800	3.11918641
11245	3.11918641
10973	3.11918641
5797	3.11771352
148581	3.11681447
5495	3.11602022
5142	3.11350927
491	3.11350927
56267	3.11299698
3293	3.11255518
3026	3.10967342
10616	3.10817643
9175	3.1079054
57451	3.1079054
259266	3.10592387
5105	3.10476594
30820	3.1010676
4233	3.09869439
5970	3.09756344
23048	3.09719254
9415	3.09691001
89838	3.09691001
3992	3.09691001
23181	3.09691001
6925	3.09323026
2898	3.09151498
151903	3.09151498
51619	3.09046151
3183	3.08883069
9398	3.08618615
93594	3.08618615
79646	3.08618615
55135	3.08618615
3104	3.08618615
2262	3.08618615
144423	3.08618615
11107	3.08363735
6277	3.08247552
9900	3.08092191
8650	3.08092191
64755	3.08092191
51027	3.08092191
23189	3.08092191
136371	3.08092191
1005	3.08092191
2639	3.07985656
58504	3.07840766
55008	3.0770952
9378	3.07572071
10827	3.07456724
3490	3.0740469
6195	3.07210767
83737	3.07209304
885	3.07058107
80335	3.07058107
54602	3.07058107
4978	3.07058107
10082	3.07058107
4988	3.07044932
29119	3.07037663
818	3.06550155
8001	3.06550155
55762	3.06550155
388558	3.06550155
1258	3.06550155
6280	3.06416565
84966	3.06048075
8395	3.06048075
57733	3.06048075
64151	3.05981153
10452	3.05965754
29841	3.05551733
26275	3.05551733
10951	3.05436793
4023	3.0519298
9201	3.05060999
50515	3.05060999
203068	3.05060999
1962	3.05060999
2549	3.04739156
84720	3.04575749
80256	3.04575749
80031	3.04575749
653645	3.04575749
5991	3.04575749
55700	3.04575749
54834	3.04575749
54796	3.04575749
30968	3.04575749
26034	3.04575749
10885	3.04575749
10352	3.04575749
677776	3.04095861
6383	3.04095861
4967	3.04095861
4215	3.04095861
10670	3.04095861
8925	3.03621217
6284	3.03621217
286359	3.03621217
26097	3.03621217
115701	3.03621217
5880	3.035629
9775	3.03151705
64067	3.03151705
54103	3.03151705
389705	3.03151705
22843	3.03151705
5965	3.02773387
91584	3.02687215
8170	3.02687215
55203	3.02687215
55057	3.02687215
23143	3.02687215
11098	3.02687215
54716	3.02227639
255426	3.02227639
23145	3.02227639
154215	3.02227639
11074	3.0218782
7169	3.02097191
4654	3.01855538
84456	3.01772877
79022	3.01772877
392979	3.01772877
256144	3.01772877
1280	3.01772877
9901	3.01706522
241	3.01551697
8999	3.01322827
83861	3.01322827
57584	3.01322827
28232	3.01322827
158219	3.01322827
4908	3.00877392
211	3.00877392
340273	3.00627424
8738	3.00436481
399909	3.00436481
118813	3.00159904
59339	3.
57493	3.
55343	3.
550112	3.
54769	3.
5414	3.
4286	3.
374659	3.
321	3.
2798	3.
27241	3.
23169	3.
201266	3.
157506	3.
132204	3.
114787	3.
10184	3.
3627	2.99709587
2647	2.99408985
317671	2.99286223
60528	2.99105664
3167	2.98111628
10592	2.97848663
8522	2.97170297
55355	2.96975386
79813	2.95961927
89874	2.95877858
9698	2.95860731
91574	2.95860731
91544	2.95860731
8992	2.95860731
89795	2.95860731
8894	2.95860731
8798	2.95860731
8789	2.95860731
8763	2.95860731
84795	2.95860731
84289	2.95860731
79856	2.95860731
79729	2.95860731
727677	2.95860731
692234	2.95860731
57687	2.95860731
57509	2.95860731
57412	2.95860731
57102	2.95860731
56203	2.95860731
55733	2.95860731
55324	2.95860731
55194	2.95860731
54494	2.95860731
53944	2.95860731
5189	2.95860731
51479	2.95860731
479	2.95860731
467	2.95860731
442308	2.95860731
4166	2.95860731
401237	2.95860731
3628	2.95860731
3558	2.95860731
3482	2.95860731
339829	2.95860731
28991	2.95860731
27314	2.95860731
26122	2.95860731
254428	2.95860731
2475	2.95860731
23105	2.95860731
22913	2.95860731
22901	2.95860731
22876	2.95860731
2272	2.95860731
2203	2.95860731
200373	2.95860731
1690	2.95860731
160897	2.95860731
152816	2.95860731
149840	2.95860731
131965	2.95860731
124491	2.95860731
10220	2.95860731
10179	2.95860731
54914	2.95157354
6285	2.94892147
3241	2.94235043
347731	2.94030576
80714	2.93969286
2512	2.93920793
8644	2.93569253
1452	2.93520037
58525	2.93458626
142891	2.92963374
2040	2.92677659
85406	2.92368908
6840	2.92119897
9667	2.92081875
9557	2.92081875
92017	2.92081875
90634	2.92081875
90407	2.92081875
79956	2.92081875
728411	2.92081875
7130	2.92081875
7092	2.92081875
6913	2.92081875
677841	2.92081875
3606	2.92081875
338811	2.92081875
3084	2.92081875
28513	2.92081875
280664	2.92081875
25930	2.92081875
259239	2.92081875
25900	2.92081875
255967	2.92081875
2313	2.92081875
2139	2.92081875
1762	2.92081875
126208	2.92081875
117	2.92081875
11005	2.92081875
10658	2.92081875
10620	2.92081875
10238	2.92081875
7270	2.92039115
8771	2.92032756
25	2.91981166
1843	2.91873796
57332	2.91632616
55825	2.91397384
8667	2.91307044
79953	2.9110207
1850	2.90615486
974	2.90053947
64754	2.89734054
6512	2.89046206
4255	2.8900855
92335	2.88987925
115677	2.8878475
994	2.88605665
9896	2.88605665
9215	2.88605665
9180	2.88605665
89866	2.88605665
8546	2.88605665
84722	2.88605665
84465	2.88605665
83860	2.88605665
81704	2.88605665
8099	2.88605665
79853	2.88605665
79772	2.88605665
6875	2.88605665
5911	2.88605665
58500	2.88605665
58489	2.88605665
57689	2.88605665
55691	2.88605665
5553	2.88605665
55317	2.88605665
53942	2.88605665
5108	2.88605665
4969	2.88605665
440023	2.88605665
4172	2.88605665
307	2.88605665
29015	2.88605665
284083	2.88605665
2832	2.88605665
26960	2.88605665
2567	2.88605665
24	2.88605665
23499	2.88605665
23218	2.88605665
2267	2.88605665
220992	2.88605665
1952	2.88605665
167555	2.88605665
157983	2.88605665
1295	2.88605665
128553	2.88605665
10954	2.88605665
10368	2.88605665
8189	2.88345257
31	2.877153
596	2.87183813
51514	2.86977276
9169	2.85387196
9044	2.85387196
8408	2.85387196
832	2.85387196
80351	2.85387196
79858	2.85387196
7123	2.85387196
646600	2.85387196
63898	2.85387196
5819	2.85387196
57690	2.85387196
57591	2.85387196
57589	2.85387196
57537	2.85387196
57001	2.85387196
54039	2.85387196
53918	2.85387196
5318	2.85387196
51196	2.85387196
493	2.85387196
4878	2.85387196
440087	2.85387196
420	2.85387196
406	2.85387196
40	2.85387196
3782	2.85387196
3672	2.85387196
338321	2.85387196
29881	2.85387196
29780	2.85387196
29072	2.85387196
28990	2.85387196
283455	2.85387196
2645	2.85387196
23506	2.85387196
23389	2.85387196
23024	2.85387196
2184	2.85387196
151230	2.85387196
145173	2.85387196
144608	2.85387196
124152	2.85387196
1185	2.85387196
10443	2.85387196
4001	2.8487373
92014	2.84770166
3205	2.84715892
1112	2.84704648
54453	2.83991082
4214	2.83881685
387522	2.83531991
10327	2.83167075
134	2.82741874
1600	2.82430478
9908	2.82390874
9639	2.82390874
8615	2.82390874
84181	2.82390874
84176	2.82390874
80195	2.82390874
729171	2.82390874
649853	2.82390874
64359	2.82390874
6294	2.82390874
59343	2.82390874
5913	2.82390874
5889	2.82390874
583	2.82390874
57590	2.82390874
57338	2.82390874
55617	2.82390874
55105	2.82390874
50859	2.82390874
4920	2.82390874
4143	2.82390874
392255	2.82390874
353299	2.82390874
3257	2.82390874
3175	2.82390874
2395	2.82390874
23788	2.82390874
23635	2.82390874
23338	2.82390874
2237	2.82390874
2019	2.82390874
159963	2.82390874
1490	2.82390874
143458	2.82390874
1369	2.82390874
10617	2.82390874
10255	2.82390874
9612	2.81965967
7335	2.81078252
6507	2.80915712
6935	2.80820417
10262	2.80459235
6738	2.80046186
3720	2.79702635
9420	2.79588002
92749	2.79588002
8664	2.79588002
85315	2.79588002
80762	2.79588002
7840	2.79588002
6691	2.79588002
64221	2.79588002
64062	2.79588002
5995	2.79588002
57580	2.79588002
56999	2.79588002
56288	2.79588002
5627	2.79588002
55037	2.79588002
54207	2.79588002
54097	2.79588002
51760	2.79588002
3480	2.79588002
338645	2.79588002
2946	2.79588002
2944	2.79588002
28997	2.79588002
2767	2.79588002
26103	2.79588002
253461	2.79588002
23648	2.79588002
23246	2.79588002
22853	2.79588002
222584	2.79588002
171586	2.79588002
157657	2.79588002
1496	2.79588002
148811	2.79588002
140771	2.79588002
1395	2.79588002
126767	2.79588002
121601	2.79588002
119765	2.79588002
10144	2.79588002
10007	2.79588002
95681	2.79111859
9184	2.78741754
4689	2.78233307
4704	2.78089177
1476	2.78020728
112885	2.7712444
8443	2.77060945
92949	2.76955108
9202	2.76955108
89978	2.76955108
83700	2.76955108
79887	2.76955108
79841	2.76955108
79582	2.76955108
646480	2.76955108
57666	2.76955108
56154	2.76955108
55076	2.76955108
54212	2.76955108
5375	2.76955108
401145	2.76955108
3990	2.76955108
30811	2.76955108
2998	2.76955108
29117	2.76955108
283807	2.76955108
23245	2.76955108
23161	2.76955108
22986	2.76955108
22895	2.76955108
22849	2.76955108
219970	2.76955108
2070	2.76955108
170690	2.76955108
150084	2.76955108
132320	2.76955108
132141	2.76955108
127943	2.76955108
114	2.76955108
10903	2.76955108
100129583	2.76955108
84303	2.76780096
54518	2.7664458
5588	2.76563905
4212	2.75956581
56833	2.75854622
91752	2.74472749
8715	2.74472749
83938	2.74472749
8292	2.74472749
80774	2.74472749
80176	2.74472749
79054	2.74472749
775	2.74472749
732253	2.74472749
729920	2.74472749
64342	2.74472749
641451	2.74472749
5890	2.74472749
5858	2.74472749
57172	2.74472749
57105	2.74472749
57003	2.74472749
55966	2.74472749
55179	2.74472749
55035	2.74472749
5426	2.74472749
5264	2.74472749
51473	2.74472749
439996	2.74472749
3988	2.74472749
3914	2.74472749
389125	2.74472749
3842	2.74472749
375346	2.74472749
3110	2.74472749
283417	2.74472749
283365	2.74472749
26031	2.74472749
2328	2.74472749
163782	2.74472749
158135	2.74472749
140578	2.74472749
129446	2.74472749
1284	2.74472749
1282	2.74472749
11236	2.74472749
7037	2.74022609
84458	2.73760891
5959	2.73611206
5321	2.73571839
4067	2.73344119
3014	2.72889331
79004	2.72358257
949	2.7212464
9256	2.7212464
89869	2.7212464
85301	2.7212464
84942	2.7212464
8449	2.7212464
81033	2.7212464
80817	2.7212464
79698	2.7212464
79625	2.7212464
79370	2.7212464
7223	2.7212464
6489	2.7212464
64236	2.7212464
57544	2.7212464
55089	2.7212464
54581	2.7212464
54520	2.7212464
4661	2.7212464
4291	2.7212464
4121	2.7212464
29102	2.7212464
29087	2.7212464
29066	2.7212464
27145	2.7212464
27034	2.7212464
254251	2.7212464
245915	2.7212464
23705	2.7212464
221545	2.7212464
2120	2.7212464
2067	2.7212464
145845	2.7212464
143503	2.7212464
143425	2.7212464
134864	2.7212464
130340	2.7212464
129881	2.7212464
112936	2.7212464
10966	2.7212464
105	2.7212464
10270	2.7212464
10174	2.7212464
11019	2.71705113
196403	2.71141285
26228	2.70606519
4211	2.70027466
9522	2.69897
8633	2.69897
79747	2.69897
7052	2.69897
7018	2.69897
5999	2.69897
57602	2.69897
57582	2.69897
5690	2.69897
55677	2.69897
54908	2.69897
54845	2.69897
51002	2.69897
48	2.69897
4648	2.69897
390321	2.69897
378807	2.69897
3419	2.69897
2895	2.69897
283601	2.69897
259232	2.69897
23205	2.69897
23154	2.69897
229	2.69897
22885	2.69897
134265	2.69897
127733	2.69897
119764	2.69897
11325	2.69897
10256	2.69897
57107	2.6981677
10758	2.6966501
3655	2.69280517
9402	2.68532043
91137	2.68255039
115992	2.68218254
10203	2.6809516
23385	2.68009962
84897	2.67912876
9686	2.67778071
9568	2.67778071
9414	2.67778071
85364	2.67778071
84708	2.67778071
84665	2.67778071
8048	2.67778071
80036	2.67778071
6695	2.67778071
60686	2.67778071
57224	2.67778071
55810	2.67778071
55769	2.67778071
55068	2.67778071
54503	2.67778071
51778	2.67778071
4781	2.67778071
4779	2.67778071
399814	2.67778071
377047	2.67778071
375940	2.67778071
374443	2.67778071
3360	2.67778071
29916	2.67778071
29122	2.67778071
285852	2.67778071
2651	2.67778071
23545	2.67778071
144245	2.67778071
128209	2.67778071
118980	2.67778071
10963	2.67778071
10171	2.67778071
51296	2.67688259
23085	2.67593364
23328	2.67588258
9101	2.66377845
28989	2.66257401
7942	2.66172172
57678	2.66114859
1840	2.65896889
9628	2.65757732
9096	2.65757732
90576	2.65757732
8631	2.65757732
84162	2.65757732
8379	2.65757732
83690	2.65757732
79783	2.65757732
79632	2.65757732
79170	2.65757732
706	2.65757732
6482	2.65757732
63976	2.65757732
602	2.65757732
56957	2.65757732
55608	2.65757732
55163	2.65757732
55084	2.65757732
54094	2.65757732
390113	2.65757732
3557	2.65757732
343	2.65757732
342357	2.65757732
2983	2.65757732
26013	2.65757732
259173	2.65757732
255104	2.65757732
23587	2.65757732
23399	2.65757732
23250	2.65757732
23170	2.65757732
23064	2.65757732
2295	2.65757732
220107	2.65757732
1630	2.65757732
144203	2.65757732
1366	2.65757732
127623	2.65757732
124912	2.65757732
10752	2.65757732
10516	2.65757732
10404	2.65757732
10397	2.65757732
100124534	2.65757732
10714	2.64447788
55103	2.64429319
7134	2.63867028
9811	2.63827216
8997	2.63827216
8913	2.63827216
8813	2.63827216
8508	2.63827216
84081	2.63827216
80975	2.63827216
7135	2.63827216
6919	2.63827216
55777	2.63827216
55759	2.63827216
54345	2.63827216
4774	2.63827216
375612	2.63827216
3705	2.63827216
27255	2.63827216
267012	2.63827216
23185	2.63827216
219578	2.63827216
144100	2.63827216
143098	2.63827216
138724	2.63827216
131873	2.63827216
130026	2.63827216
116931	2.63827216
116379	2.63827216
112744	2.63827216
23321	2.63573456
2889	2.62996318
116135	2.62668664
8835	2.62432084
64759	2.62090647
7275	2.62009503
5069	2.61993058
9745	2.61978876
9423	2.61978876
84251	2.61978876
79946	2.61978876
79847	2.61978876
79750	2.61978876
746	2.61978876
745	2.61978876
6870	2.61978876
6385	2.61978876
5662	2.61978876
54741	2.61978876
51026	2.61978876
4771	2.61978876
3852	2.61978876
339501	2.61978876
2974	2.61978876
285051	2.61978876
2565	2.61978876
2346	2.61978876
23052	2.61978876
152940	2.61978876
148206	2.61978876
146198	2.61978876
1285	2.61978876
1272	2.61978876
11317	2.61978876
10533	2.61978876
89849	2.60873245
5887	2.60557681
9343	2.60424805
4681	2.60228841
917	2.60205999
8994	2.60205999
8658	2.60205999
85476	2.60205999
81576	2.60205999
79862	2.60205999
6002	2.60205999
5927	2.60205999
5861	2.60205999
57458	2.60205999
5742	2.60205999
57410	2.60205999
56925	2.60205999
55756	2.60205999
54815	2.60205999
5016	2.60205999
4678	2.60205999
4353	2.60205999
4025	2.60205999
391002	2.60205999
3773	2.60205999
343068	2.60205999
3083	2.60205999
285386	2.60205999
285220	2.60205999
284406	2.60205999
266553	2.60205999
23016	2.60205999
22996	2.60205999
22854	2.60205999
2060	2.60205999
201625	2.60205999
196051	2.60205999
166336	2.60205999
140733	2.60205999
116987	2.60205999
114880	2.60205999
860	2.58989792
9353	2.58967745
10278	2.58867824
221656	2.58769288
9559	2.58502665
8729	2.58502665
83595	2.58502665
83544	2.58502665
79583	2.58502665
64847	2.58502665
58498	2.58502665
58478	2.58502665
56884	2.58502665
55193	2.58502665
55129	2.58502665
55039	2.58502665
54937	2.58502665
338917	2.58502665
29995	2.58502665
285735	2.58502665
26059	2.58502665
25938	2.58502665
25825	2.58502665
23563	2.58502665
23333	2.58502665
2327	2.58502665
23139	2.58502665
221357	2.58502665
205860	2.58502665
202333	2.58502665
1501	2.58502665
135656	2.58502665
133746	2.58502665
118924	2.58502665
79784	2.58220589
445815	2.58052863
10579	2.56875516
91748	2.56863624
8642	2.56863624
8568	2.56863624
8439	2.56863624
8437	2.56863624
6832	2.56863624
6579	2.56863624
65065	2.56863624
645104	2.56863624
641	2.56863624
57482	2.56863624
57115	2.56863624
54101	2.56863624
50808	2.56863624
3976	2.56863624
388595	2.56863624
348235	2.56863624
347689	2.56863624
339488	2.56863624
29113	2.56863624
285382	2.56863624
285195	2.56863624
284723	2.56863624
26994	2.56863624
23207	2.56863624
222234	2.56863624
200894	2.56863624
1761	2.56863624
160777	2.56863624
144348	2.56863624
132949	2.56863624
126433	2.56863624
113510	2.56863624
1041	2.56863624
100124533	2.56863624
23266	2.56423917
84675	2.56310629
208	2.55500236
9472	2.55284197
9381	2.55284197
928	2.55284197
89846	2.55284197
80254	2.55284197
79628	2.55284197
79176	2.55284197
7564	2.55284197
728299	2.55284197
7003	2.55284197
661	2.55284197
65122	2.55284197
642987	2.55284197
6262	2.55284197
54829	2.55284197
51455	2.55284197
51422	2.55284197
51232	2.55284197
400451	2.55284197
3508	2.55284197
347732	2.55284197
343069	2.55284197
283431	2.55284197
2741	2.55284197
23310	2.55284197
222967	2.55284197
2115	2.55284197
203076	2.55284197
161514	2.55284197
1359	2.55284197
126626	2.55284197
113444	2.55284197
11260	2.55284197
10915	2.55284197
10568	2.55284197
100188949	2.55284197
5129	2.55045541
1523	2.55018493
114784	2.5453028
9958	2.537602
9103	2.537602
8821	2.537602
8537	2.537602
8521	2.537602
8459	2.537602
83943	2.537602
83643	2.537602
81035	2.537602
80862	2.537602
79954	2.537602
780776	2.537602
7584	2.537602
6926	2.537602
63924	2.537602
63899	2.537602
622	2.537602
58494	2.537602
5826	2.537602
57205	2.537602
56704	2.537602
55831	2.537602
55034	2.537602
51650	2.537602
5078	2.537602
4881	2.537602
4682	2.537602
415117	2.537602
387521	2.537602
29999	2.537602
29	2.537602
284578	2.537602
284546	2.537602
253559	2.537602
2519	2.537602
23613	2.537602
200895	2.537602
170371	2.537602
157285	2.537602
130576	2.537602
10723	2.537602
10699	2.537602
10194	2.537602
54941	2.5338256
65125	2.53242569
9604	2.5272037
2185	2.52657135
10114	2.52653537
79890	2.52435288
9808	2.52287875
8888	2.52287875
8846	2.52287875
8503	2.52287875
8491	2.52287875
84904	2.52287875
84320	2.52287875
81892	2.52287875
768	2.52287875
7425	2.52287875
677828	2.52287875
64793	2.52287875
4047	2.52287875
388468	2.52287875
375607	2.52287875
349633	2.52287875
343263	2.52287875
341567	2.52287875
2917	2.52287875
2890	2.52287875
285780	2.52287875
134391	2.52287875
1174	2.52287875
114044	2.52287875
10844	2.52287875
10695	2.52287875
489	2.51908373
6509	2.51885099
79102	2.51682604
9501	2.50863831
91694	2.50863831
8572	2.50863831
84142	2.50863831
6546	2.50863831
64434	2.50863831
57381	2.50863831
54905	2.50863831
51023	2.50863831
50863	2.50863831
3700	2.50863831
353238	2.50863831
353189	2.50863831
340357	2.50863831
29090	2.50863831
257019	2.50863831
24139	2.50863831
23040	2.50863831
219931	2.50863831
2049	2.50863831
168667	2.50863831
151242	2.50863831
134359	2.50863831
115019	2.50863831
10655	2.50863831
10393	2.50863831
10162	2.50863831
100128977	2.50863831
6478	2.50153744
8549	2.50138446
153020	2.49669784
8761	2.49490276
9066	2.49485002
90321	2.49485002
8671	2.49485002
8563	2.49485002
84319	2.49485002
8029	2.49485002
730811	2.49485002
65012	2.49485002
6456	2.49485002
60481	2.49485002
57696	2.49485002
55790	2.49485002
55277	2.49485002
54386	2.49485002
5214	2.49485002
50613	2.49485002
495	2.49485002
4811	2.49485002
440699	2.49485002
400794	2.49485002
390928	2.49485002
389320	2.49485002
3683	2.49485002
342184	2.49485002
3131	2.49485002
3048	2.49485002
3046	2.49485002
2967	2.49485002
282763	2.49485002
2583	2.49485002
23360	2.49485002
23086	2.49485002
22999	2.49485002
222537	2.49485002
222235	2.49485002
1967	2.49485002
171425	2.49485002
145773	2.49485002
115557	2.49485002
115548	2.49485002
1138	2.49485002
1136	2.49485002
11259	2.49485002
10430	2.49485002
10234	2.49485002
10231	2.49485002
10128	2.49485002
10000	2.49485002
1316	2.49447798
4627	2.48784356
9886	2.48148606
9875	2.48148606
9788	2.48148606
9632	2.48148606
9162	2.48148606
85461	2.48148606
84978	2.48148606
8480	2.48148606
81318	2.48148606
80852	2.48148606
7541	2.48148606
729096	2.48148606
729092	2.48148606
64762	2.48148606
64405	2.48148606
640	2.48148606
6396	2.48148606
55544	2.48148606
51808	2.48148606
51738	2.48148606
5144	2.48148606
284837	2.48148606
26230	2.48148606
170384	2.48148606
11188	2.48148606
100126793	2.48148606
1984	2.4813707
55743	2.4739955
5336	2.4703898
9915	2.46852108
9238	2.46852108
8942	2.46852108
8740	2.46852108
84899	2.46852108
81698	2.46852108
79676	2.46852108
79132	2.46852108
677796	2.46852108
677795	2.46852108
654319	2.46852108
6497	2.46852108
5910	2.46852108
57818	2.46852108
57472	2.46852108
57380	2.46852108
57282	2.46852108
54507	2.46852108
5288	2.46852108
51329	2.46852108
5024	2.46852108
3915	2.46852108
376693	2.46852108
3760	2.46852108
338773	2.46852108
2959	2.46852108
2849	2.46852108
2822	2.46852108
26281	2.46852108
23504	2.46852108
23303	2.46852108
151449	2.46852108
1465	2.46852108
1310	2.46852108
10394	2.46852108
266747	2.46732931
2161	2.46334976
5978	2.46011481
4929	2.45790074
210	2.45789716
3977	2.45664529
9702	2.45593196
9119	2.45593196
79613	2.45593196
79149	2.45593196
677798	2.45593196
64388	2.45593196
64005	2.45593196
5672	2.45593196
56204	2.45593196
5116	2.45593196
51087	2.45593196
4547	2.45593196
394263	2.45593196
285958	2.45593196
27333	2.45593196
2548	2.45593196
23536	2.45593196
2138	2.45593196
143684	2.45593196
2934	2.45175936
5829	2.4511498
2175	2.45094675
9863	2.4436975
9655	2.4436975
9172	2.4436975
7705	2.4436975
7629	2.4436975
7117	2.4436975
692225	2.4436975
64778	2.4436975
64426	2.4436975
57669	2.4436975
57610	2.4436975
57143	2.4436975
55779	2.4436975
54876	2.4436975
5257	2.4436975
445347	2.4436975
4160	2.4436975
4036	2.4436975
3768	2.4436975
374393	2.4436975
348645	2.4436975
3298	2.4436975
284	2.4436975
23418	2.4436975
219557	2.4436975
201895	2.4436975
169834	2.4436975
152185	2.4436975
151258	2.4436975
128061	2.4436975
10960	2.4436975
10908	2.4436975
10636	2.4436975
1015	2.4436975
64283	2.44187561
9749	2.43756636
9563	2.43179828
8814	2.43179828
84900	2.43179828
8224	2.43179828
79866	2.43179828
781	2.43179828
6638	2.43179828
6376	2.43179828
6251	2.43179828
5799	2.43179828
55843	2.43179828
55328	2.43179828
54847	2.43179828
54842	2.43179828
54517	2.43179828
51761	2.43179828
51151	2.43179828
388507	2.43179828
387486	2.43179828
3787	2.43179828
340198	2.43179828
338328	2.43179828
2894	2.43179828
285830	2.43179828
24149	2.43179828
23600	2.43179828
23316	2.43179828
2326	2.43179828
202	2.43179828
1911	2.43179828
1760	2.43179828
152789	2.43179828
149708	2.43179828
147912	2.43179828
1390	2.43179828
1368	2.43179828
11190	2.43179828
10044	2.42928714
5979	2.42742205
780	2.42464997
150379	2.42086196
9570	2.4202164
90313	2.4202164
8796	2.4202164
8621	2.4202164
84632	2.4202164
8451	2.4202164
83605	2.4202164
6660	2.4202164
57037	2.4202164
56052	2.4202164
55268	2.4202164
54969	2.4202164
5328	2.4202164
5211	2.4202164
414236	2.4202164
405	2.4202164
4008	2.4202164
4004	2.4202164
3779	2.4202164
3775	2.4202164
3748	2.4202164
27094	2.4202164
25817	2.4202164
23034	2.4202164
196483	2.4202164
163702	2.4202164
1612	2.4202164
158381	2.4202164
154743	2.4202164
146713	2.4202164
130162	2.4202164
129685	2.4202164
116236	2.4202164
55854	2.41099945
93474	2.40893539
9129	2.40893539
8801	2.40893539
84318	2.40893539
81168	2.40893539
80264	2.40893539
80206	2.40893539
79919	2.40893539
6642	2.40893539
65084	2.40893539
64097	2.40893539
6373	2.40893539
57535	2.40893539
56987	2.40893539
55783	2.40893539
54839	2.40893539
51340	2.40893539
51234	2.40893539
51126	2.40893539
5051	2.40893539
390152	2.40893539
387119	2.40893539
3763	2.40893539
3270	2.40893539
317649	2.40893539
2982	2.40893539
286148	2.40893539
26112	2.40893539
25976	2.40893539
25959	2.40893539
259230	2.40893539
23127	2.40893539
22921	2.40893539
147841	2.40893539
138151	2.40893539
123745	2.40893539
11185	2.40893539
9956	2.39794001
9764	2.39794001
9241	2.39794001
85449	2.39794001
84953	2.39794001
84296	2.39794001
84128	2.39794001
81793	2.39794001
80155	2.39794001
79740	2.39794001
6862	2.39794001
6538	2.39794001
57614	2.39794001
57554	2.39794001
57406	2.39794001
55063	2.39794001
54726	2.39794001
5137	2.39794001
51010	2.39794001
50940	2.39794001
4327	2.39794001
4053	2.39794001
374786	2.39794001
349152	2.39794001
338872	2.39794001
3281	2.39794001
29992	2.39794001
286135	2.39794001
27253	2.39794001
25885	2.39794001
23556	2.39794001
23047	2.39794001
221178	2.39794001
1587	2.39794001
158234	2.39794001
152110	2.39794001
1357	2.39794001
11102	2.39794001
10906	2.39794001
10577	2.39794001
2055	2.39088203
637	2.38796618
9392	2.38721614
81533	2.38721614
6867	2.38721614
66002	2.38721614
65062	2.38721614
6364	2.38721614
58538	2.38721614
57608	2.38721614
57118	2.38721614
5573	2.38721614
54757	2.38721614
54463	2.38721614
5152	2.38721614
51347	2.38721614
51304	2.38721614
4717	2.38721614
4072	2.38721614
4062	2.38721614
29103	2.38721614
29070	2.38721614
2900	2.38721614
23140	2.38721614
221191	2.38721614
221061	2.38721614
217	2.38721614
170691	2.38721614
157310	2.38721614
124936	2.38721614
3008	2.38409575
9732	2.37675071
90799	2.37675071
84765	2.37675071
84639	2.37675071
84418	2.37675071
84075	2.37675071
79794	2.37675071
65251	2.37675071
55809	2.37675071
54621	2.37675071
53407	2.37675071
5317	2.37675071
5201	2.37675071
51530	2.37675071
51185	2.37675071
4982	2.37675071
366	2.37675071
3454	2.37675071
3092	2.37675071
27443	2.37675071
26074	2.37675071
2201	2.37675071
1655	2.37675071
160518	2.37675071
11232	2.37675071
10497	2.37675071
6344	2.3725659
9853	2.36653154
9777	2.36653154
84969	2.36653154
8390	2.36653154
83698	2.36653154
80835	2.36653154
79571	2.36653154
6329	2.36653154
5900	2.36653154
5570	2.36653154
55353	2.36653154
55287	2.36653154
51751	2.36653154
51226	2.36653154
440040	2.36653154
339906	2.36653154
285362	2.36653154
283867	2.36653154
2823	2.36653154
27092	2.36653154
23566	2.36653154
222696	2.36653154
1832	2.36653154
11001	2.36653154
90668	2.35654732
8898	2.35654732
84085	2.35654732
83873	2.35654732
83857	2.35654732
79935	2.35654732
79622	2.35654732
728635	2.35654732
64285	2.35654732
5571	2.35654732
55576	2.35654732
55304	2.35654732
4604	2.35654732
440730	2.35654732
400954	2.35654732
388389	2.35654732
2918	2.35654732
2670	2.35654732
25842	2.35654732
24141	2.35654732
23109	2.35654732
23075	2.35654732
158326	2.35654732
150350	2.35654732
148014	2.35654732
147172	2.35654732
140873	2.35654732
10150	2.35654732
1107	2.35230653
4916	2.35095403
150094	2.34937968
8398	2.34917053
4867	2.34772914
9287	2.34678749
8876	2.34678749
83931	2.34678749
6542	2.34678749
6356	2.34678749
54511	2.34678749
460	2.34678749
390038	2.34678749
27244	2.34678749
23313	2.34678749
19	2.34678749
189	2.34678749
112937	2.34678749
10762	2.34678749
10371	2.34678749
1010	2.34678749
2321	2.34573215
6416	2.34474267
2137	2.33769058
84970	2.33724217
84658	2.33724217
84623	2.33724217
81615	2.33724217
79680	2.33724217
777	2.33724217
771	2.33724217
653145	2.33724217
65217	2.33724217
64854	2.33724217
642826	2.33724217
57216	2.33724217
56963	2.33724217
55370	2.33724217
54584	2.33724217
4249	2.33724217
4092	2.33724217
378938	2.33724217
3632	2.33724217
3362	2.33724217
26095	2.33724217
25769	2.33724217
255403	2.33724217
2199	2.33724217
196500	2.33724217
171017	2.33724217
152687	2.33724217
152330	2.33724217
151162	2.33724217
146395	2.33724217
145447	2.33724217
144360	2.33724217
1362	2.33724217
11174	2.33724217
100132929	2.33724217
100131814	2.33724217
5587	2.33335781
8988	2.32790214
84619	2.32790214
7358	2.32790214
6649	2.32790214
6572	2.32790214
6558	2.32790214
64805	2.32790214
5985	2.32790214
5891	2.32790214
56731	2.32790214
55884	2.32790214
55311	2.32790214
54923	2.32790214
388931	2.32790214
374977	2.32790214
339896	2.32790214
285205	2.32790214
23467	2.32790214
23396	2.32790214
23255	2.32790214
22874	2.32790214
1997	2.32790214
1524	2.32790214
132864	2.32790214
122042	2.32790214
119587	2.32790214
11135	2.32790214
1103	2.32790214
9348	2.31875876
91937	2.31875876
84107	2.31875876
7068	2.31875876
65249	2.31875876
644997	2.31875876
55801	2.31875876
54899	2.31875876
5441	2.31875876
54106	2.31875876
5293	2.31875876
51750	2.31875876
49854	2.31875876
4862	2.31875876
4159	2.31875876
3204	2.31875876
3203	2.31875876
25966	2.31875876
222484	2.31875876
221955	2.31875876
1297	2.31875876
117247	2.31875876
11344	2.31875876
11014	2.31875876
4739	2.31359351
9716	2.30980392
9605	2.30980392
92822	2.30980392
8932	2.30980392
81839	2.30980392
8038	2.30980392
7545	2.30980392
7402	2.30980392
7399	2.30980392
729522	2.30980392
6720	2.30980392
586	2.30980392
55577	2.30980392
55297	2.30980392
53838	2.30980392
51704	2.30980392
441394	2.30980392
440854	2.30980392
4338	2.30980392
4017	2.30980392
3443	2.30980392
3223	2.30980392
3222	2.30980392
3221	2.30980392
283507	2.30980392
25847	2.30980392
196740	2.30980392
130399	2.30980392
165082	2.30931674
22871	2.3070398
6938	2.30336499
9697	2.30103
80310	2.30103
79017	2.30103
64800	2.30103
57521	2.30103
57182	2.30103
55237	2.30103
53335	2.30103
51702	2.30103
50508	2.30103
4987	2.30103
4807	2.30103
4586	2.30103
414926	2.30103
3912	2.30103
3680	2.30103
286749	2.30103
285175	2.30103
27242	2.30103
27133	2.30103
26496	2.30103
23352	2.30103
23065	2.30103
1827	2.30103
146	2.30103
140902	2.30103
123041	2.30103
114788	2.30103
11037	2.30103
9904	2.29242982
94137	2.29242982
8780	2.29242982
8535	2.29242982
80343	2.29242982
7054	2.29242982
64750	2.29242982
6091	2.29242982
57699	2.29242982
55770	2.29242982
54454	2.29242982
54148	2.29242982
51399	2.29242982
391123	2.29242982
387700	2.29242982
339942	2.29242982
2939	2.29242982
284677	2.29242982
26984	2.29242982
26578	2.29242982
2542	2.29242982
253935	2.29242982
23122	2.29242982
166378	2.29242982
152098	2.29242982
131405	2.29242982
116159	2.29242982
11162	2.29242982
10396	2.29242982
92370	2.28399666
81025	2.28399666
80349	2.28399666
80169	2.28399666
6653	2.28399666
6470	2.28399666
64121	2.28399666
509	2.28399666
441208	2.28399666
4133	2.28399666
3141	2.28399666
29947	2.28399666
2911	2.28399666
284029	2.28399666
26292	2.28399666
222663	2.28399666
140775	2.28399666
129880	2.28399666
7048	2.28074478
9844	2.27572413
9819	2.27572413
80834	2.27572413
79837	2.27572413
79812	2.27572413
79648	2.27572413
79053	2.27572413
7776	2.27572413
6623	2.27572413
64093	2.27572413
638	2.27572413
56252	2.27572413
50619	2.27572413
388759	2.27572413
3679	2.27572413
340481	2.27572413
339047	2.27572413
30834	2.27572413
284276	2.27572413
200909	2.27572413
196410	2.27572413
1857	2.27572413
130589	2.27572413
117532	2.27572413
11197	2.27572413
10098	2.27572413
9791	2.26760624
9586	2.26760624
9465	2.26760624
9289	2.26760624
9200	2.26760624
91316	2.26760624
84700	2.26760624
81706	2.26760624
7156	2.26760624
6916	2.26760624
6687	2.26760624
606500	2.26760624
5175	2.26760624
4026	2.26760624
3856	2.26760624
3064	2.26760624
283174	2.26760624
267004	2.26760624
2538	2.26760624
23283	2.26760624
23224	2.26760624
140459	2.26760624
132158	2.26760624
126520	2.26760624
577	2.26102993
9848	2.25963731
946	2.25963731
8940	2.25963731
79768	2.25963731
6818	2.25963731
6693	2.25963731
6386	2.25963731
606724	2.25963731
6023	2.25963731
6014	2.25963731
57419	2.25963731
55742	2.25963731
552900	2.25963731
548593	2.25963731
51263	2.25963731
51085	2.25963731
440354	2.25963731
388242	2.25963731
3643	2.25963731
2590	2.25963731
2356	2.25963731
23475	2.25963731
22883	2.25963731
221692	2.25963731
203260	2.25963731
126	2.25963731
10849	2.25963731
10190	2.25963731
9806	2.25181197
9644	2.25181197
9630	2.25181197
85455	2.25181197
7568	2.25181197
728215	2.25181197
60676	2.25181197
5649	2.25181197
54886	2.25181197
493911	2.25181197
4054	2.25181197
4015	2.25181197
387718	2.25181197
387694	2.25181197
341359	2.25181197
337867	2.25181197
27143	2.25181197
256435	2.25181197
2553	2.25181197
23471	2.25181197
1902	2.25181197
1880	2.25181197
1826	2.25181197
166968	2.25181197
160419	2.25181197
154043	2.25181197
143471	2.25181197
133383	2.25181197
1182	2.25181197
10160	2.25181197
55603	2.2445935
85379	2.24412514
83999	2.24412514
81621	2.24412514
81494	2.24412514
692210	2.24412514
56660	2.24412514
54437	2.24412514
54435	2.24412514
5066	2.24412514
4595	2.24412514
401127	2.24412514
401024	2.24412514
285600	2.24412514
2780	2.24412514
27306	2.24412514
27065	2.24412514
23626	2.24412514
23030	2.24412514
22891	2.24412514
114034	2.24412514
112609	2.24412514
10420	2.24412514
10283	2.24412514
10083	2.24412514
4046	2.23776762
9780	2.23657201
9313	2.23657201
8745	2.23657201
85403	2.23657201
84448	2.23657201
7857	2.23657201
7301	2.23657201
6888	2.23657201
65094	2.23657201
55823	2.23657201
55501	2.23657201
54089	2.23657201
389207	2.23657201
388336	2.23657201
348180	2.23657201
27304	2.23657201
271	2.23657201
23108	2.23657201
219493	2.23657201
219417	2.23657201
2005	2.23657201
200403	2.23657201
116841	2.23657201
114299	2.23657201
10959	2.23657201
10225	2.23657201
1008	2.23657201
100130093	2.23657201
7094	2.23267909
9722	2.22914799
9647	2.22914799
8792	2.22914799
81575	2.22914799
7262	2.22914799
64407	2.22914799
6430	2.22914799
64240	2.22914799
59277	2.22914799
5915	2.22914799
5860	2.22914799
54928	2.22914799
54823	2.22914799
51202	2.22914799
5082	2.22914799
283383	2.22914799
28316	2.22914799
26154	2.22914799
1143	2.22914799
65258	2.22260748
9962	2.22184875
955	2.22184875
8676	2.22184875
84182	2.22184875
79899	2.22184875
6869	2.22184875
677833	2.22184875
64839	2.22184875
64418	2.22184875
581	2.22184875
57551	2.22184875
55744	2.22184875
53828	2.22184875
4345	2.22184875
3755	2.22184875
3185	2.22184875
3067	2.22184875
286097	2.22184875
284076	2.22184875
2776	2.22184875
22929	2.22184875
161176	2.22184875
150000	2.22184875
140767	2.22184875
140732	2.22184875
121256	2.22184875
120	2.22184875
10274	2.22184875
10129	2.22184875
201140	2.21645132
9331	2.21467016
9328	2.21467016
9315	2.21467016
91	2.21467016
89886	2.21467016
8893	2.21467016
8755	2.21467016
8476	2.21467016
774	2.21467016
663	2.21467016
645345	2.21467016
5820	2.21467016
57053	2.21467016
56034	2.21467016
5526	2.21467016
417	2.21467016
285375	2.21467016
283129	2.21467016
23033	2.21467016
221981	2.21467016
220965	2.21467016
170589	2.21467016
157855	2.21467016
150483	2.21467016
131368	2.21467016
116064	2.21467016
115098	2.21467016
114781	2.21467016
114614	2.21467016
10317	2.21467016
9805	2.20760831
9221	2.20760831
90134	2.20760831
85569	2.20760831
79675	2.20760831
6332	2.20760831
57709	2.20760831
57661	2.20760831
56300	2.20760831
55213	2.20760831
51131	2.20760831
5095	2.20760831
439934	2.20760831
374467	2.20760831
37	2.20760831
28982	2.20760831
27294	2.20760831
2626	2.20760831
23281	2.20760831
23037	2.20760831
22941	2.20760831
22862	2.20760831
1742	2.20760831
144347	2.20760831
120114	2.20760831
1131	2.20760831
1124	2.20760831
79885	2.20238887
8847	2.20065945
80352	2.20065945
6992	2.20065945
5947	2.20065945
57562	2.20065945
57541	2.20065945
57176	2.20065945
55973	2.20065945
55604	2.20065945
55176	2.20065945
5241	2.20065945
5145	2.20065945
3356	2.20065945
3274	2.20065945
2968	2.20065945
29063	2.20065945
25896	2.20065945
23682	2.20065945
23639	2.20065945
23150	2.20065945
2134	2.20065945
1791	2.20065945
147837	2.20065945
11131	2.20065945
11062	2.20065945
10206	2.20065945
10003	2.20065945
8643	2.19382003
7490	2.19382003
59	2.19382003
5793	2.19382003
57221	2.19382003
54798	2.19382003
54674	2.19382003
51352	2.19382003
50514	2.19382003
3929	2.19382003
3738	2.19382003
285768	2.19382003
284611	2.19382003
256126	2.19382003
254225	2.19382003
22844	2.19382003
222487	2.19382003
200159	2.19382003
152573	2.19382003
143570	2.19382003
121260	2.19382003
114130	2.19382003
10667	2.19382003
9595	2.18708664
91948	2.18708664
80207	2.18708664
7678	2.18708664
7391	2.18708664
730101	2.18708664
64943	2.18708664
64078	2.18708664
6041	2.18708664
54814	2.18708664
440957	2.18708664
28978	2.18708664
257106	2.18708664
23166	2.18708664
23129	2.18708664
221074	2.18708664
164633	2.18708664
1361	2.18708664
11200	2.18708664
10818	2.18708664
10771	2.18708664
10769	2.18708664
1006	2.18708664
3737	2.18324586
93377	2.18045606
92106	2.18045606
91749	2.18045606
8886	2.18045606
8513	2.18045606
7035	2.18045606
64781	2.18045606
57619	2.18045606
5608	2.18045606
55422	2.18045606
5504	2.18045606
5314	2.18045606
388199	2.18045606
345557	2.18045606
283554	2.18045606
266971	2.18045606
2630	2.18045606
2629	2.18045606
25831	2.18045606
23180	2.18045606
23151	2.18045606
22884	2.18045606
2196	2.18045606
114825	2.18045606
1129	2.18045606
91133	2.1739252
80309	2.1739252
6585	2.1739252
642	2.1739252
57644	2.1739252
57556	2.1739252
57020	2.1739252
55778	2.1739252
55714	2.1739252
5529	2.1739252
400506	2.1739252
344558	2.1739252
280	2.1739252
26011	2.1739252
23036	2.1739252
22837	2.1739252
2193	2.1739252
2132	2.1739252
197358	2.1739252
132160	2.1739252
1998	2.16954563
9519	2.16749109
9436	2.16749109
92703	2.16749109
9013	2.16749109
6580	2.16749109
655	2.16749109
64866	2.16749109
6480	2.16749109
57492	2.16749109
55707	2.16749109
55036	2.16749109
3567	2.16749109
30814	2.16749109
285512	2.16749109
256148	2.16749109
23057	2.16749109
161931	2.16749109
157807	2.16749109
154091	2.16749109
123872	2.16749109
120892	2.16749109
114819	2.16749109
1879	2.16611247
96626	2.16115091
8509	2.16115091
84871	2.16115091
84301	2.16115091
84250	2.16115091
84071	2.16115091
79575	2.16115091
79016	2.16115091
7851	2.16115091
729540	2.16115091
6856	2.16115091
652919	2.16115091
64981	2.16115091
6101	2.16115091
58476	2.16115091
56947	2.16115091
55526	2.16115091
54808	2.16115091
4892	2.16115091
4773	2.16115091
4645	2.16115091
389941	2.16115091
387264	2.16115091
338651	2.16115091
286042	2.16115091
285025	2.16115091
23053	2.16115091
222183	2.16115091
1946	2.16115091
147872	2.16115091
132612	2.16115091
129049	2.16115091
84433	2.15820264
83548	2.15490196
79699	2.15490196
57520	2.15490196
57101	2.15490196
2737	2.15490196
25849	2.15490196
23252	2.15490196
220081	2.15490196
2121	2.15490196
200728	2.15490196
165	2.15490196
1635	2.15490196
1400	2.15490196
121551	2.15490196
113828	2.15490196
9757	2.14874165
8496	2.14874165
83460	2.14874165
8314	2.14874165
80014	2.14874165
79713	2.14874165
654463	2.14874165
64077	2.14874165
57713	2.14874165
57628	2.14874165
56911	2.14874165
55605	2.14874165
55214	2.14874165
55092	2.14874165
51575	2.14874165
51533	2.14874165
440508	2.14874165
30851	2.14874165
25981	2.14874165
2568	2.14874165
253782	2.14874165
23254	2.14874165
23225	2.14874165
221443	2.14874165
199746	2.14874165
1953	2.14874165
147372	2.14874165
145282	2.14874165
140680	2.14874165
10930	2.14874165
10525	2.14874165
10466	2.14874165
6599	2.14411065
9562	2.1426675
92305	2.1426675
9196	2.1426675
89797	2.1426675
8904	2.1426675
8785	2.1426675
85442	2.1426675
8310	2.1426675
80034	2.1426675
80018	2.1426675
79895	2.1426675
79709	2.1426675
783	2.1426675
7455	2.1426675
677763	2.1426675
6494	2.1426675
57453	2.1426675
51233	2.1426675
486	2.1426675
4620	2.1426675
4619	2.1426675
286319	2.1426675
284023	2.1426675
26032	2.1426675
253738	2.1426675
23527	2.1426675
23112	2.1426675
193629	2.1426675
128	2.1426675
10961	2.1426675
10460	2.1426675
10137	2.1426675
93210	2.13667714
8557	2.13667714
84898	2.13667714
83759	2.13667714
79633	2.13667714
6641	2.13667714
6203	2.13667714
57636	2.13667714
57156	2.13667714
55244	2.13667714
55040	2.13667714
548644	2.13667714
54566	2.13667714
5409	2.13667714
23732	2.13667714
23359	2.13667714
23263	2.13667714
23236	2.13667714
22894	2.13667714
222553	2.13667714
167227	2.13667714
1671	2.13667714
1669	2.13667714
1392	2.13667714
133584	2.13667714
10156	2.13667714
10100	2.13667714
100134938	2.13667714
79705	2.13297421
961	2.13076828
91523	2.13076828
85407	2.13076828
648740	2.13076828
635	2.13076828
6345	2.13076828
56670	2.13076828
55631	2.13076828
4257	2.13076828
389376	2.13076828
339855	2.13076828
26053	2.13076828
256691	2.13076828
137902	2.13076828
132430	2.13076828
10409	2.13076828
90249	2.12493874
79912	2.12493874
78989	2.12493874
6999	2.12493874
57634	2.12493874
57142	2.12493874
51110	2.12493874
4638	2.12493874
4340	2.12493874
4245	2.12493874
4146	2.12493874
348807	2.12493874
346653	2.12493874
346171	2.12493874
3231	2.12493874
2997	2.12493874
2731	2.12493874
27146	2.12493874
26533	2.12493874
25861	2.12493874
256076	2.12493874
2296	2.12493874
22903	2.12493874
22872	2.12493874
1519	2.12493874
1373	2.12493874
137209	2.12493874
116437	2.12493874
10603	2.12493874
90522	2.11918641
8120	2.11918641
677834	2.11918641
654322	2.11918641
646982	2.11918641
6425	2.11918641
64073	2.11918641
60313	2.11918641
55844	2.11918641
55486	2.11918641
5506	2.11918641
53904	2.11918641
53840	2.11918641
51373	2.11918641
445372	2.11918641
349075	2.11918641
3137	2.11918641
283985	2.11918641
23355	2.11918641
117854	2.11918641
114915	2.11918641
92912	2.11350927
79817	2.11350927
79682	2.11350927
79611	2.11350927
7799	2.11350927
728448	2.11350927
6621	2.11350927
60489	2.11350927
58157	2.11350927
55719	2.11350927
55127	2.11350927
53630	2.11350927
4756	2.11350927
376132	2.11350927
375743	2.11350927
283189	2.11350927
25924	2.11350927
256536	2.11350927
2162	2.11350927
2047	2.11350927
167838	2.11350927
164668	2.11350927
162966	2.11350927
148229	2.11350927
147948	2.11350927
147947	2.11350927
1305	2.11350927
1179	2.11350927
10424	2.11350927
8879	2.1079054
8872	2.1079054
8566	2.1079054
85294	2.1079054
84229	2.1079054
5886	2.1079054
56995	2.1079054
55788	2.1079054
5099	2.1079054
4052	2.1079054
29926	2.1079054
2842	2.1079054
25984	2.1079054
25928	2.1079054
196047	2.1079054
138065	2.1079054
120103	2.1079054
114987	2.1079054
10300	2.1079054
10290	2.1079054
9537	2.10237291
91703	2.10237291
8987	2.10237291
83874	2.10237291
652968	2.10237291
6519	2.10237291
55800	2.10237291
53347	2.10237291
50852	2.10237291
50614	2.10237291
401262	2.10237291
3973	2.10237291
342125	2.10237291
284348	2.10237291
2632	2.10237291
257218	2.10237291
22824	2.10237291
222	2.10237291
216	2.10237291
1777	2.10237291
11196	2.10237291
11036	2.10237291
10864	2.10237291
10221	2.10237291
9779	2.09691001
9312	2.09691001
8564	2.09691001
84630	2.09691001
8349	2.09691001
8338	2.09691001
81617	2.09691001
81542	2.09691001
80820	2.09691001
79446	2.09691001
7453	2.09691001
7047	2.09691001
6692	2.09691001
57654	2.09691001
574036	2.09691001
56256	2.09691001
51729	2.09691001
51451	2.09691001
463	2.09691001
441639	2.09691001
23780	2.09691001
2165	2.09691001
146556	2.09691001
140469	2.09691001
136895	2.09691001
8986	2.09151498
84820	2.09151498
84529	2.09151498
84417	2.09151498
83541	2.09151498
6573	2.09151498
6547	2.09151498
54414	2.09151498
5212	2.09151498
51294	2.09151498
3569	2.09151498
286094	2.09151498
285555	2.09151498
27067	2.09151498
266722	2.09151498
23492	2.09151498
23261	2.09151498
205251	2.09151498
1808	2.09151498
137735	2.09151498
84552	2.08618615
84293	2.08618615
8291	2.08618615
79629	2.08618615
79269	2.08618615
7253	2.08618615
6755	2.08618615
658	2.08618615
60529	2.08618615
55850	2.08618615
5471	2.08618615
54436	2.08618615
391189	2.08618615
2932	2.08618615
26267	2.08618615
26002	2.08618615
2063	2.08618615
117246	2.08618615
10539	2.08618615
7082	2.08531782
79073	2.0835245
9881	2.08092191
9265	2.08092191
9213	2.08092191
84750	2.08092191
83539	2.08092191
64168	2.08092191
6276	2.08092191
6275	2.08092191
60684	2.08092191
6059	2.08092191
55335	2.08092191
4923	2.08092191
4048	2.08092191
3385	2.08092191
3034	2.08092191
286367	2.08092191
25934	2.08092191
253769	2.08092191
2045	2.08092191
201965	2.08092191
169200	2.08092191
147429	2.08092191
132332	2.08092191
125950	2.08092191
121364	2.08092191
10969	2.08092191
9154	2.07572071
89853	2.07572071
84842	2.07572071
81932	2.07572071
79574	2.07572071
7589	2.07572071
7551	2.07572071
7143	2.07572071
63895	2.07572071
5174	2.07572071
343702	2.07572071
3232	2.07572071
284440	2.07572071
2587	2.07572071
140706	2.07572071
130013	2.07572071
91653	2.07058107
8714	2.07058107
56158	2.07058107
54828	2.07058107
54749	2.07058107
5407	2.07058107
49855	2.07058107
401463	2.07058107
3588	2.07058107
338675	2.07058107
283316	2.07058107
27319	2.07058107
182	2.07058107
150274	2.07058107
133522	2.07058107
128710	2.07058107
9870	2.06550155
91612	2.06550155
90874	2.06550155
8874	2.06550155
84674	2.06550155
83852	2.06550155
80271	2.06550155
80022	2.06550155
79934	2.06550155
79791	2.06550155
671	2.06550155
619564	2.06550155
5825	2.06550155
55695	2.06550155
55251	2.06550155
5298	2.06550155
51077	2.06550155
376267	2.06550155
374378	2.06550155
2877	2.06550155
26052	2.06550155
25992	2.06550155
23609	2.06550155
22806	2.06550155
221438	2.06550155
154214	2.06550155
143689	2.06550155
1268	2.06550155
116150	2.06550155
10246	2.06550155
10121	2.06550155
9583	2.06048075
9317	2.06048075
8844	2.06048075
8728	2.06048075
80380	2.06048075
65059	2.06048075
63943	2.06048075
55848	2.06048075
54682	2.06048075
4763	2.06048075
3965	2.06048075
3890	2.06048075
3788	2.06048075
28996	2.06048075
282996	2.06048075
160492	2.06048075
127	2.06048075
11328	2.06048075
9760	2.05551733
9752	2.05551733
84203	2.05551733
7913	2.05551733
59344	2.05551733
56147	2.05551733
56146	2.05551733
56145	2.05551733
56144	2.05551733
56143	2.05551733
56142	2.05551733
56141	2.05551733
56140	2.05551733
56139	2.05551733
56138	2.05551733
56137	2.05551733
56136	2.05551733
56135	2.05551733
55813	2.05551733
55048	2.05551733
3604	2.05551733
344805	2.05551733
3381	2.05551733
2487	2.05551733
23335	2.05551733
1739	2.05551733
149830	2.05551733
135138	2.05551733
117286	2.05551733
1105	2.05551733
10186	2.05551733
9097	2.05060999
779	2.05060999
7748	2.05060999
6533	2.05060999
650368	2.05060999
63950	2.05060999
56853	2.05060999
54972	2.05060999
5324	2.05060999
4308	2.05060999
407835	2.05060999
3445	2.05060999
2589	2.05060999
23239	2.05060999
196549	2.05060999
18	2.05060999
1767	2.05060999
126567	2.05060999
125488	2.05060999
116154	2.05060999
84919	2.04575749
8470	2.04575749
8411	2.04575749
7139	2.04575749
7060	2.04575749
64784	2.04575749
6274	2.04575749
5287	2.04575749
50651	2.04575749
4147	2.04575749
3898	2.04575749
387680	2.04575749
2915	2.04575749
2887	2.04575749
26148	2.04575749
23179	2.04575749
84133	2.04342141
9725	2.04095861
9247	2.04095861
84909	2.04095861
84332	2.04095861
80760	2.04095861
80243	2.04095861
79658	2.04095861
66036	2.04095861
64928	2.04095861
6446	2.04095861
57168	2.04095861
55289	2.04095861
54812	2.04095861
51230	2.04095861
375759	2.04095861
3171	2.04095861
283578	2.04095861
26610	2.04095861
26033	2.04095861
25791	2.04095861
221711	2.04095861
2052	2.04095861
143241	2.04095861
9306	2.03621217
84064	2.03621217
55118	2.03621217
51124	2.03621217
3845	2.03621217
3658	2.03621217
352999	2.03621217
128869	2.03621217
123688	2.03621217
9899	2.03151705
8804	2.03151705
79971	2.03151705
7750	2.03151705
57188	2.03151705
5651	2.03151705
54921	2.03151705
4782	2.03151705
440107	2.03151705
4259	2.03151705
388886	2.03151705
3098	2.03151705
3038	2.03151705
29104	2.03151705
2678	2.03151705
2068	2.03151705
2013	2.03151705
145200	2.03151705
142827	2.03151705
113802	2.03151705
84467	2.02687215
83552	2.02687215
83449	2.02687215
7991	2.02687215
79570	2.02687215
6370	2.02687215
57501	2.02687215
55746	2.02687215
399671	2.02687215
342933	2.02687215
3080	2.02687215
2916	2.02687215
285676	2.02687215
219902	2.02687215
165324	2.02687215
121512	2.02687215
9984	2.02227639
92747	2.02227639
90075	2.02227639
89884	2.02227639
8907	2.02227639
84948	2.02227639
84891	2.02227639
83890	2.02227639
57616	2.02227639
57476	2.02227639
56341	2.02227639
401172	2.02227639
3908	2.02227639
359710	2.02227639
285704	2.02227639
2689	2.02227639
255631	2.02227639
1936	2.02227639
146771	2.02227639
1443	2.02227639
126375	2.02227639
11346	2.02227639
81551	2.01772877
80012	2.01772877
64066	2.01772877
57732	2.01772877
57488	2.01772877
51225	2.01772877
4921	2.01772877
441601	2.01772877
401491	2.01772877
340745	2.01772877
285401	2.01772877
2793	2.01772877
26996	2.01772877
257194	2.01772877
162466	2.01772877
1463	2.01772877
132724	2.01772877
127255	2.01772877
122876	2.01772877
121275	2.01772877
94097	2.01322827
9182	2.01322827
91522	2.01322827
9023	2.01322827
653	2.01322827
644414	2.01322827
619208	2.01322827
57192	2.01322827
55362	2.01322827
3910	2.01322827
390874	2.01322827
283092	2.01322827
26468	2.01322827
254956	2.01322827
23322	2.01322827
23176	2.01322827
219487	2.01322827
171019	2.01322827
116933	2.01322827
10406	2.01322827
10267	2.01322827
85464	2.00877392
84940	2.00877392
79892	2.00877392
7932	2.00877392
644873	2.00877392
644815	2.00877392
55278	2.00877392
54877	2.00877392
54840	2.00877392
51429	2.00877392
399979	2.00877392
388714	2.00877392
3851	2.00877392
348980	2.00877392
338785	2.00877392
3301	2.00877392
26470	2.00877392
2550	2.00877392
253982	2.00877392
23746	2.00877392
23544	2.00877392
2152	2.00877392
165100	2.00877392
125206	2.00877392
123606	2.00877392
1007	2.00877392
8735	2.00436481
8499	2.00436481
83989	2.00436481
83941	2.00436481
729238	2.00436481
653509	2.00436481
6436	2.00436481
6435	2.00436481
51466	2.00436481
4626	2.00436481
25945	2.00436481
25859	2.00436481
23742	2.00436481
23059	2.00436481
146691	2.00436481
114821	2.00436481
9951	2.
9712	2.
9517	2.
94120	2.
9380	2.
8842	2.
8817	2.
84693	2.
84667	2.
84262	2.
84054	2.
8323	2.
825	2.
8128	2.
80212	2.
79870	2.
79739	2.
79168	2.
79166	2.
7267	2.
7164	2.
6793	2.
662	2.
64798	2.
64770	2.
64506	2.
644	2.
63875	2.
6315	2.
6309	2.
60561	2.
5784	2.
57531	2.
56121	2.
55321	2.
553158	2.
5408	2.
5366	2.
5225	2.
51676	2.
51659	2.
51513	2.
5136	2.
51310	2.
51305	2.
51208	2.
51175	2.
50507	2.
4772	2.
4238	2.
411	2.
392399	2.
387923	2.
387856	2.
3758	2.
344752	2.
339291	2.
3233	2.
3017	2.
29969	2.
29967	2.
285888	2.
283093	2.
2774	2.
26298	2.
26017	2.
2595	2.
25770	2.
2561	2.
2555	2.
254827	2.
246213	2.
23779	2.
23353	2.
23217	2.
23199	2.
23078	2.
2247	2.
219738	2.
206338	2.
202915	2.
200150	2.
153222	2.
146754	2.
1442	2.
140862	2.
1389	2.
138046	2.
1371	2.
134285	2.
129531	2.
129401	2.
125336	2.
121355	2.
121274	2.
116	2.
114793	2.
11025	2.
10090	2.
100131897	2.
100130771	2.
