100048912	31.33441901
4507	29.64397414
1029	28.2993394
1030	27.8507243
351	17.84025297
4018	14.40376243
6597	13.12495343
4869	11.48402688
65065	11.42669868
79800	11.42144613
221692	11.21968269
1282	11.05346789
130026	10.64730768
55759	10.35163999
6943	10.33348202
1284	10.22149159
6678	10.21759467
5781	9.72295015
1024	9.58975227
84722	9.53910216
1952	9.53910216
2335	9.23634751
8613	9.15635329
2099	9.12423982
2983	9.09948743
8882	9.09582563
84811	9.09582563
7145	8.93179603
51530	8.65364703
1290	8.41158422
11173	8.38615818
5340	8.28015603
5501	8.06685776
6311	8.02149518
80724	7.98843609
4088	7.89724119
4193	7.86025015
686	7.73282827
26061	7.73282827
136991	7.64297704
3459	7.61320743
22808	7.47625353
64241	7.38209396
64240	7.38209396
4633	7.37057851
84129	7.35215664
10858	7.33330324
1956	7.3170475
1508	7.24560122
154089	7.20551195
4023	7.15984469
3685	7.14502349
347736	7.13056563
1143	7.06348626
1119	7.03065926
558	6.98594906
28	6.9625735
8315	6.93041898
217	6.90468914
1909	6.90345893
1398	6.90002346
4833	6.88670312
5478	6.80039768
10743	6.79081665
302	6.77532198
8850	6.73453709
23294	6.73011271
2321	6.72188651
3988	6.70670755
3178	6.70002653
2066	6.69810573
7436	6.67067705
6720	6.63525795
9425	6.59475083
84439	6.57348874
6581	6.55404708
4811	6.48210873
7075	6.44755631
9564	6.44553761
9252	6.43928901
6687	6.43481596
2200	6.42835204
1026	6.40093727
6598	6.36613865
51802	6.3419886
3146	6.3225693
1586	6.31917803
7181	6.31177882
54715	6.29378076
27185	6.28400648
23293	6.28399666
2648	6.28395294
65264	6.28345006
4323	6.26774251
2982	6.26282928
9439	6.17458634
2207	6.15362023
10659	6.11915163
6095	6.11344913
116519	6.08990945
64757	6.08925663
1286	6.05655061
7010	6.0515922
79940	6.04769199
10919	6.04046591
283450	6.03385827
10906	6.03385827
800	6.02683102
23180	6.00947421
7068	6.00154356
1350	5.99460438
1592	5.9871174
8550	5.98523648
8554	5.93292854
6097	5.93064675
4724	5.93052819
8673	5.92108699
57404	5.91724514
7422	5.88088452
996	5.87986064
11100	5.87880026
6836	5.86012091
169436	5.86012091
6310	5.85462047
5008	5.85388183
5092	5.84849389
56479	5.8418771
2959	5.83430749
54805	5.83268267
3077	5.7696836
1520	5.76721882
5045	5.75820687
3716	5.74649861
23316	5.74472749
2977	5.74185087
5071	5.7403507
3621	5.69407295
2103	5.69059034
3382	5.68435867
81565	5.66486516
26095	5.66475777
5125	5.66457784
5328	5.65808381
7040	5.64636412
80350	5.64589156
6927	5.64589156
26469	5.63104932
1436	5.62906953
54820	5.62564927
4803	5.62093724
55848	5.6019904
10019	5.59229191
35	5.58876115
3609	5.56913808
26960	5.56880678
1071	5.56658049
57787	5.56081837
23026	5.52344618
87	5.52326835
1373	5.51658447
3135	5.50172294
3635	5.49214413
10524	5.49151974
253559	5.49079748
57608	5.4867824
55967	5.46980259
56899	5.46175377
1347	5.45292549
10642	5.45185968
54462	5.4468039
5829	5.41646087
51586	5.41634612
7917	5.41506696
10293	5.39590744
80018	5.38510278
3949	5.36754139
4486	5.36218467
6484	5.35654732
3091	5.35438078
23092	5.35393909
25802	5.34025317
11267	5.3400838
6654	5.33000041
9159	5.3171455
1825	5.31519522
8841	5.3073309
5937	5.30284342
112858	5.29572593
55785	5.28399666
57178	5.28297205
1080	5.28269714
3921	5.2794991
26275	5.27884714
169792	5.27245874
57412	5.27164622
119032	5.27164622
25959	5.26678608
6582	5.25935658
718	5.2571313
7037	5.25494697
7416	5.25421628
1615	5.25243474
4629	5.25237939
1513	5.25074146
9509	5.24009824
345062	5.23772309
3694	5.23504341
54886	5.22571738
3993	5.22548303
4085	5.22373088
29123	5.22257318
6137	5.21221015
5878	5.20460492
55062	5.19504653
6160	5.19110523
90324	5.18442225
1158	5.18333584
5054	5.18047089
1588	5.17681938
1488	5.17172457
11140	5.16371673
8638	5.15926677
64897	5.15926677
57053	5.15895834
3690	5.15263379
10791	5.1520084
3107	5.14681776
3106	5.14681776
3312	5.14575754
25902	5.13662436
6217	5.13302221
6096	5.13276541
65125	5.13269656
10498	5.11519806
2122	5.11391116
23564	5.10146067
8645	5.09631619
4217	5.09423499
10428	5.09317913
1824	5.08668525
8829	5.08166993
9768	5.07964786
11094	5.06515176
2272	5.06423561
1278	5.05280372
857	5.02183292
57153	5.01715798
9376	5.01621392
40	5.01129965
3014	5.00874539
146691	5.00412473
84630	5.00273659
3437	5.00174436
1780	4.99811491
3134	4.99593158
55346	4.99091543
2967	4.98819634
89848	4.98434979
196051	4.9840614
6876	4.98161465
11182	4.97816452
3434	4.97189684
4143	4.96998641
1823	4.96993593
6631	4.96721089
388389	4.96657624
2670	4.96657624
4734	4.96292037
2108	4.96092945
80736	4.95860731
4758	4.95860731
3990	4.95074955
1805	4.94263984
23048	4.94101398
6234	4.93295708
6908	4.93249622
1876	4.92823297
89894	4.92811799
22978	4.92811799
7410	4.92731281
5228	4.92172458
6175	4.92052962
54838	4.91721463
27303	4.9117475
9601	4.90734129
9815	4.90657831
56288	4.89964286
257194	4.89619628
1600	4.89252519
6614	4.89204492
54509	4.88841895
4306	4.8862695
50863	4.88243338
6954	4.86646109
317749	4.86486144
83450	4.86327943
9734	4.86021221
373509	4.8584829
64778	4.85732732
3122	4.85343359
26084	4.85078089
716	4.84776394
63943	4.84213639
2289	4.84151721
6222	4.83790315
4862	4.83633772
56954	4.83459534
2695	4.83268267
6128	4.83234404
5027	4.83072687
7916	4.82525189
1562	4.82521628
1557	4.82521628
23028	4.81972584
152273	4.81892264
8874	4.81848188
84260	4.81815641
7915	4.81280249
3680	4.81027963
1993	4.8088364
23468	4.80829215
25942	4.80748038
64083	4.80362582
51444	4.80219784
148206	4.79860288
83795	4.79830887
55660	4.79574709
919	4.79196582
9570	4.7878124
649	4.78515615
26330	4.78252449
4325	4.78224151
51715	4.78209032
3693	4.7808482
8379	4.77989191
5184	4.77579592
84458	4.77059519
9444	4.77019593
23304	4.76850442
2222	4.7633735
79876	4.76168922
414236	4.75696195
654	4.75013152
6938	4.74692577
7629	4.74472749
10961	4.74232143
4144	4.73839608
23022	4.73560017
54014	4.7339693
400073	4.72455056
2492	4.71896663
57604	4.71689585
5159	4.71623012
114134	4.71477794
112950	4.71449756
353	4.71442513
5602	4.71398021
8543	4.71323232
5873	4.71011311
1794	4.69827666
2012	4.69680394
1655	4.69577998
4599	4.69498593
255738	4.69311759
124491	4.68824614
51763	4.68436717
1123	4.68428917
2042	4.66989133
341	4.66738296
51170	4.65981033
7534	4.65380343
339398	4.65364703
858	4.64674211
9051	4.64367715
9839	4.63665589
9559	4.63663177
55204	4.63638802
7104	4.63225276
84072	4.63078414
27030	4.63033267
606500	4.62342304
6580	4.62264717
10284	4.62175013
23389	4.61565456
254251	4.61439373
150864	4.61439373
5789	4.61323265
1434	4.61090573
10291	4.60787433
151888	4.60509339
2191	4.60384198
22931	4.60085082
344758	4.59687948
23705	4.59487121
201501	4.59477142
3827	4.59451476
222484	4.59247961
54887	4.59006688
392979	4.59006688
6583	4.58605951
10180	4.58327718
56252	4.58004425
51752	4.5785899
201191	4.5769301
339047	4.57675413
1400	4.57384473
54507	4.57174245
10959	4.56906269
11093	4.56066731
10181	4.55609487
57537	4.5559552
64866	4.55527835
9862	4.5551573
57705	4.55439704
256471	4.55255283
54435	4.54821356
4214	4.54676496
83850	4.54277773
871	4.53977583
6405	4.53784362
58472	4.53513042
1139	4.5346366
10825	4.53419336
2720	4.52942261
10544	4.52868453
1630	4.52609885
9515	4.52547166
9015	4.52321509
6196	4.52013683
8766	4.52004542
26047	4.51913446
8887	4.51712642
32	4.51221108
3689	4.51144462
1378	4.50971179
6251	4.50836034
4701	4.50257066
50484	4.50168945
8125	4.49251556
22891	4.49025199
1793	4.48945499
146713	4.48940988
2549	4.48543674
5327	4.48357974
6916	4.48022343
79012	4.47625353
7295	4.47495519
7704	4.47474792
114132	4.47465818
1576	4.46964009
51776	4.46892262
509	4.46224598
10893	4.45870234
80739	4.45781436
51378	4.45527723
6925	4.45504834
5336	4.45374377
1264	4.45221563
2139	4.44855
118980	4.44430792
9013	4.43661073
57685	4.43528422
91647	4.43062609
79018	4.43062609
51196	4.43062609
10449	4.42800875
440387	4.42541752
1504	4.42541752
220972	4.42318634
388394	4.4202164
9482	4.41700288
26032	4.4141386
10868	4.41345106
64151	4.4134127
25758	4.40671393
383	4.40485715
9644	4.40450378
2903	4.40230481
1081	4.39892428
5890	4.39685563
9943	4.39677701
51684	4.39146161
1145	4.38871231
9525	4.3873721
7844	4.38711774
7273	4.38592969
5049	4.38378045
2242	4.3768584
2232	4.3732818
29993	4.36885255
11018	4.36716588
6542	4.36259071
10972	4.36193885
2882	4.36051351
1124	4.35978738
1785	4.358634
10946	4.35552742
1491	4.35288402
29766	4.35162171
991	4.34997452
221656	4.34794005
6048	4.34778013
11155	4.34775366
4216	4.34001969
400043	4.33441901
8892	4.33167553
9901	4.3314884
57466	4.32975415
170690	4.32718536
7099	4.32502399
629	4.32252401
4137	4.32157001
9759	4.318834
8451	4.31777784
5800	4.31654249
165	4.31585281
3570	4.31515464
170691	4.31107087
4628	4.31031837
7511	4.30819945
199	4.30554368
727677	4.30451832
8563	4.30410027
1937	4.30382838
5069	4.30353415
8624	4.30162335
93986	4.29887592
23503	4.29731418
1512	4.29391783
286144	4.29242982
5583	4.29227271
3083	4.29088689
7837	4.28831426
63826	4.2873503
10413	4.28413064
9869	4.28079277
3066	4.27848143
25992	4.27736608
1523	4.27556361
7074	4.26903313
51244	4.26680273
63893	4.26557165
55705	4.26520017
643414	4.26272284
3784	4.26218659
1002	4.25848161
647946	4.25806092
144455	4.25806092
6584	4.25366689
64902	4.24971369
4155	4.24797298
9124	4.24632425
84293	4.24488773
51652	4.23999304
2677	4.23882419
23382	4.23624355
29126	4.23444426
6857	4.23387143
84888	4.23296809
126402	4.22694531
4481	4.22609727
9441	4.21954746
283571	4.21896306
253260	4.21702815
83657	4.21681131
354	4.21147157
149998	4.21075946
57703	4.20483571
5581	4.20065945
23546	4.19883902
5536	4.19178903
343263	4.19111413
55656	4.18538633
10241	4.17859389
2014	4.17753707
63940	4.17394678
8178	4.17173707
1292	4.16734296
10146	4.16599928
5819	4.1655793
1877	4.16448802
1327	4.16245802
501	4.16213436
3172	4.16163405
10622	4.16115091
80206	4.15973358
54876	4.15676722
5048	4.15650824
80333	4.15181088
79991	4.14996674
51534	4.14935376
5796	4.1489307
55243	4.14874165
1380	4.14448084
130367	4.14233463
949	4.1414628
57616	4.1408617
80380	4.13906338
338	4.13797431
771	4.13786862
55090	4.13672837
144717	4.13371266
83539	4.13357222
8556	4.13286348
55588	4.12627017
57403	4.12422946
54897	4.11861534
4728	4.11769807
89866	4.11690664
63976	4.1142819
160760	4.11294562
144715	4.11294562
55274	4.10898017
144100	4.1079054
1463	4.10714478
28316	4.10526119
10599	4.10182352
516	4.09366496
51310	4.09063007
2354	4.09043164
140628	4.08888866
22796	4.08565311
10395	4.08529695
5914	4.08266088
53981	4.08158304
4099	4.0815243
54477	4.08109793
57794	4.08090882
84329	4.07987667
51168	4.07987667
10236	4.07955292
219541	4.07724282
4627	4.07619971
7088	4.07614575
109	4.07600869
10253	4.0727123
3084	4.07238143
345275	4.07177824
401546	4.06854213
10073	4.06423878
9778	4.06366372
144348	4.06298389
1012	4.06138579
79648	4.06045211
8027	4.05760604
54842	4.0540393
222235	4.05354773
3326	4.0528133
5460	4.05215648
3843	4.05170016
4330	4.05158703
514	4.04716605
4689	4.04634596
10	4.04383157
2894	4.03987152
196410	4.0328185
28232	4.03011836
22944	4.02630079
5947	4.0260746
154075	4.02502801
3356	4.02375565
5663	4.02356881
3480	4.01737725
140885	4.01664398
64771	4.01592297
145837	4.01188716
2588	4.0118765
55729	4.01105573
9612	4.0089089
2533	4.0068608
11060	4.00633496
4660	4.00352977
57492	3.99554765
11236	3.99486979
51071	3.99339143
83732	3.98547946
255809	3.98547946
114793	3.98464024
9388	3.98452037
2114	3.98294017
481	3.98005332
29922	3.98005332
55741	3.97798426
266722	3.97711321
3738	3.97686458
122786	3.97387548
10201	3.97209382
23317	3.96940028
2029	3.96940028
1891	3.96774684
5794	3.96586597
57644	3.96535256
54828	3.96177736
9370	3.96108006
283514	3.96073603
3818	3.95931722
80023	3.95900231
8801	3.95849133
9378	3.95733962
7042	3.95653114
717	3.95373644
23149	3.95272513
5795	3.94837809
4320	3.94669747
1819	3.94423954
649853	3.94157398
10255	3.94157398
84444	3.94005811
340198	3.93854752
285830	3.93854752
7148	3.93795835
149345	3.92922354
23105	3.92811799
2895	3.92683767
2104	3.92677975
6369	3.92118082
83988	3.92057531
5618	3.919045
7430	3.91882565
4604	3.915704
8735	3.91543751
10466	3.91503064
10152	3.91470942
8416	3.91326441
83547	3.91167633
4720	3.90984796
23053	3.90956549
2890	3.90854726
81619	3.90517962
26133	3.9042436
85379	3.90239567
1761	3.89962945
10985	3.89194073
136242	3.89159224
25861	3.8912696
2760	3.8907966
9353	3.88873749
55534	3.88649874
10085	3.88531998
9868	3.87961321
2121	3.87778412
3628	3.87637168
27445	3.87427611
26058	3.87324261
339896	3.8728952
5573	3.87238269
56952	3.87221221
158038	3.87084575
10752	3.87031011
5742	3.86876552
22986	3.86587527
89796	3.86201327
160762	3.85792354
252969	3.8569852
3717	3.85590394
51560	3.85550104
23608	3.85499291
5787	3.85353324
4046	3.85311558
25852	3.85263289
6696	3.8504955
5087	3.84937755
121665	3.84893675
3184	3.84803791
3554	3.84771166
10753	3.84649001
6301	3.84581228
84166	3.84496777
9933	3.84405698
2167	3.84393869
10818	3.84337895
84970	3.83654045
2762	3.83654045
26258	3.83594471
84898	3.83488444
5970	3.8341327
10901	3.83364048
2308	3.83093017
2538	3.83068735
9121	3.83039552
5791	3.8301044
51301	3.82448819
26112	3.82444553
10690	3.82304102
1758	3.82211463
9584	3.81846877
401409	3.81726059
9587	3.81626279
84302	3.81530857
3568	3.8151508
9873	3.81493399
5550	3.81457173
8502	3.81216723
5175	3.81050969
8607	3.8104029
54472	3.80828402
29113	3.804931
170679	3.804931
1041	3.804931
202333	3.80483245
1105	3.80380187
79783	3.80134291
4774	3.80011534
389432	3.79666416
22824	3.79643073
715	3.79560867
88455	3.79479564
3189	3.79231739
3359	3.79157255
4025	3.7883456
5654	3.78709358
90139	3.78425143
84077	3.78304279
64478	3.78067749
79899	3.78015361
6291	3.77933368
8495	3.77884668
55313	3.77728353
117583	3.77606107
6871	3.77544477
23359	3.77365791
8500	3.77123458
5218	3.77098507
26039	3.77055878
140733	3.76993436
25817	3.76853041
91522	3.76827403
64754	3.76725794
5021	3.76624264
2740	3.76564216
389383	3.7652297
2863	3.76170293
54984	3.76115534
256691	3.75995023
51092	3.75920123
51255	3.75820457
129303	3.75820457
114792	3.75802811
5104	3.75577288
26063	3.75473416
23266	3.75397208
83758	3.75227217
51279	3.75227217
283314	3.75227217
130733	3.75153628
1809	3.74953952
10278	3.74880502
81567	3.74763249
83483	3.74748608
6318	3.74737228
6317	3.74737228
100131897	3.74496884
336	3.74217829
8204	3.74144456
84154	3.7408292
1814	3.73518218
8626	3.73455169
288	3.7340142
284076	3.73235902
26959	3.73212458
4224	3.7321129
93649	3.72829589
158326	3.72751918
4166	3.72584215
9223	3.7245599
27086	3.72447805
79637	3.72416639
89838	3.72330847
161725	3.72330847
23132	3.72314862
23240	3.72307887
5793	3.72294065
81603	3.72270834
2898	3.72175979
9630	3.7198771
933	3.71911068
221458	3.71828503
3786	3.71715411
56896	3.71651112
5567	3.71390642
1192	3.71333528
5275	3.71286438
63925	3.71108039
78992	3.70929776
5420	3.7076535
55747	3.70752241
100132929	3.70752241
9134	3.70711663
6514	3.70267756
146395	3.70202076
4352	3.70191668
57620	3.6992699
83891	3.69918721
6014	3.69397363
442721	3.69299457
9172	3.69274795
6753	3.69122223
114904	3.69122223
11077	3.68973163
100113384	3.68973163
5156	3.68901368
133383	3.68824614
5961	3.68782264
7113	3.68706468
10451	3.68402965
83479	3.67964597
51225	3.67931878
7103	3.6793069
80036	3.67778071
1908	3.67559905
55133	3.67530609
23024	3.67410348
84315	3.67182434
9261	3.67170651
9891	3.66988875
4624	3.66976048
55260	3.66958623
25837	3.66691427
943	3.66635582
23499	3.66635124
94030	3.66465553
22807	3.66114525
11122	3.66114525
4855	3.66102851
1312	3.66050639
79693	3.65896137
149175	3.65896137
6793	3.65856548
147429	3.65482238
221895	3.65364703
23523	3.65248506
3675	3.65245121
284297	3.65138157
81027	3.64687566
5064	3.64608377
5799	3.64597855
2905	3.64136686
55691	3.6411138
197259	3.64105593
83992	3.638839
79091	3.63657607
23137	3.63638802
30834	3.63612351
3783	3.63513437
7027	3.63337892
2891	3.63303228
729440	3.63059859
51741	3.63041311
55843	3.63004239
27031	3.62930191
30820	3.62804004
25791	3.62791104
4026	3.62649667
644815	3.62571758
55603	3.62558293
6340	3.62305824
54822	3.62269375
4016	3.62202844
81553	3.62015082
860	3.61954502
6397	3.61667274
10529	3.61564659
57572	3.61421504
441027	3.61345894
7840	3.6129663
3914	3.61233224
1946	3.61072803
10234	3.61047953
87178	3.60969732
7484	3.60924147
1493	3.60846135
9037	3.6083593
10933	3.60819182
653	3.60678862
5939	3.60603096
990	3.60431517
89822	3.60358048
80833	3.60258146
3757	3.60050793
7772	3.59825492
10186	3.59712009
3394	3.5962334
80868	3.59465364
80867	3.59465364
3136	3.59465364
2671	3.59436473
130399	3.59350809
6647	3.59209946
11062	3.58939146
7782	3.58875791
3912	3.58852315
55585	3.5883902
54982	3.58737148
3433	3.586942
23130	3.5840593
9033	3.58319313
8622	3.58219628
2150	3.57888681
27292	3.57730844
6891	3.5756992
56833	3.57487914
10809	3.57390359
23770	3.57300104
4928	3.57175588
658	3.5715203
1906	3.57129381
6009	3.57020294
6263	3.56888538
128553	3.56799331
374308	3.56687048
9229	3.56516406
29956	3.56415563
51564	3.56364275
5578	3.56171822
9374	3.55830486
80863	3.55830486
8658	3.55744057
23601	3.55719604
5893	3.55284197
26003	3.55194914
6289	3.55130895
56034	3.55117941
6546	3.55067591
9173	3.54928079
2160	3.54714066
29925	3.54634152
6585	3.54182881
147372	3.54181556
338799	3.54166437
144404	3.54166437
9846	3.54115767
63915	3.54075101
7849	3.54049513
200909	3.53832784
102	3.53506866
65055	3.53461715
58477	3.5317032
55168	3.53150498
2555	3.53120974
6892	3.53067405
645840	3.53032523
84833	3.52960557
121256	3.52914868
6586	3.52783679
417	3.52782885
5239	3.52666303
55016	3.52627126
55082	3.5259295
3660	3.5250546
91754	3.52270879
9215	3.51999306
3556	3.51812594
65059	3.51612755
7136	3.5155029
4594	3.51515821
29119	3.51498416
1009	3.51491348
783	3.51286162
23037	3.51159031
8997	3.51077026
79612	3.51032271
57167	3.50933935
3145	3.50906178
53353	3.50774627
353174	3.50564183
338567	3.50408691
7525	3.50258573
768211	3.50127603
85363	3.49983516
146310	3.49850901
5797	3.49744667
831	3.49716336
148281	3.49702694
2202	3.49701163
1549	3.49585926
6941	3.49399726
10656	3.49241144
221981	3.49093195
22871	3.48910033
57524	3.48857222
51735	3.48854718
9938	3.48651604
1795	3.4860721
23414	3.4832003
7275	3.48082854
114805	3.48056581
6000	3.47886192
9672	3.47647223
51750	3.47443694
765	3.47341943
91526	3.47302173
54662	3.46876339
2669	3.46574895
7798	3.4643262
1870	3.46418048
84190	3.46344156
29080	3.46344156
84624	3.46293686
55201	3.46293686
29988	3.46273872
83787	3.46142627
5371	3.46108388
5172	3.46017144
4121	3.46004551
9448	3.45949002
1008	3.45898352
23076	3.45879531
55612	3.45555986
9577	3.45321065
2074	3.45172123
1439	3.45136531
10400	3.45087407
5241	3.45036998
152065	3.44842803
10160	3.44830608
2861	3.44798188
7029	3.44621599
80864	3.44611697
342184	3.44611697
10554	3.44611697
51778	3.44508803
378465	3.44466367
285440	3.44445047
64077	3.44442193
4645	3.44022405
152485	3.43913731
7709	3.43884676
79627	3.43877932
1016	3.43838893
10587	3.43779592
151742	3.43740936
29904	3.43586841
2900	3.4357647
6431	3.43474266
64072	3.4346245
4353	3.43318767
4751	3.43158442
4170	3.42719358
11098	3.42687325
10435	3.42554573
1305	3.42532219
8128	3.42297205
1500	3.42199805
64081	3.42183412
80854	3.41826779
4052	3.41735659
8871	3.41382109
55024	3.4133919
50617	3.40682474
2036	3.40618863
7941	3.40477949
153090	3.40055362
57282	3.39989874
91860	3.39631445
2802	3.39590823
57824	3.39383369
8509	3.39233056
399665	3.39200914
3248	3.39021844
54918	3.38976582
54997	3.38782166
26040	3.38700434
29775	3.38684113
56895	3.38573571
8876	3.38552463
58504	3.38531366
84639	3.38520949
8480	3.38512868
64651	3.38510278
53335	3.38436553
4685	3.38268507
22844	3.3819519
825	3.38178422
4199	3.38174266
2275	3.38014501
56938	3.37961891
386617	3.37809704
6444	3.37788964
132	3.37633729
161931	3.376234
123872	3.376234
202459	3.37551164
4149	3.37533167
56006	3.37468755
55818	3.37448177
50650	3.37448177
55568	3.37283905
49855	3.36865771
10285	3.36794783
5688	3.36694585
8809	3.36660432
2897	3.36505164
1743	3.36432894
11214	3.36421476
79600	3.36411431
57453	3.36291073
10915	3.36279085
63877	3.36171046
94086	3.36161059
79132	3.36161059
8514	3.3614078
51082	3.36111158
83696	3.35971737
4436	3.35688078
27034	3.35648246
7162	3.35461632
22982	3.35320431
7770	3.35289044
387715	3.3528127
728723	3.35251923
64772	3.34978965
27129	3.34530382
54928	3.34409358
10397	3.34267278
83694	3.34227505
10171	3.34055922
9362	3.33787293
10555	3.33507826
9450	3.33458988
84231	3.3334862
941	3.33257934
21	3.33180052
23094	3.33105527
113146	3.33050218
23167	3.33031129
79026	3.3301573
8618	3.32956859
53358	3.32848327
3633	3.32808699
253461	3.32734808
55509	3.32513886
2241	3.32333593
253782	3.32175485
92291	3.32130918
1740	3.32011516
440396	3.31722335
5190	3.31585317
4059	3.3136603
22826	3.31276706
3659	3.31124704
3483	3.31115011
2822	3.31077996
64411	3.31014995
8872	3.30913188
221662	3.30896276
23216	3.30891851
284900	3.30856485
23760	3.30856485
51290	3.30847648
83893	3.30821148
9100	3.30761009
122618	3.30680085
6262	3.30574589
51111	3.30425572
22941	3.30381841
56267	3.30273709
121601	3.30233484
861	3.30227358
3020	3.30148532
80740	3.30137757
79136	3.30137757
58530	3.30137757
259215	3.30137757
7223	3.30111686
12	3.29974474
9148	3.29851836
25801	3.29821828
285613	3.2974833
5818	3.29645606
10631	3.29482076
26018	3.29353204
645993	3.29242982
1607	3.29064522
8808	3.29050204
9874	3.29029771
7447	3.28833026
55809	3.28819277
79853	3.28810845
55937	3.28617358
5142	3.28583795
2917	3.28575409
4858	3.28429102
57521	3.28318962
55109	3.28307373
57699	3.28158136
27020	3.28124927
8508	3.28111668
26036	3.2807516
6833	3.28000715
10207	3.27992552
6337	3.2783077
8440	3.2778562
83959	3.27629811
3704	3.27629811
791115	3.27605202
5532	3.27449916
10130	3.27439703
57509	3.2716275
23544	3.27160023
285834	3.27075419
79834	3.26983866
85461	3.26536016
2022	3.26481328
2559	3.26464067
57451	3.26368319
4124	3.26257081
5968	3.26161588
63935	3.2612987
83938	3.2607442
28996	3.25829702
53347	3.25792959
10333	3.2579036
390077	3.25680392
135946	3.25617678
55679	3.25554001
10476	3.25521232
9077	3.25461049
818	3.25359936
2567	3.25344364
23008	3.25282133
64798	3.25279432
1548	3.25270021
9219	3.25242129
55022	3.25072759
221078	3.25043847
84665	3.25010386
9537	3.24918316
883	3.24872413
10512	3.2487209
23178	3.24841299
5101	3.24756739
10312	3.24703013
495	3.24664679
10430	3.24664679
162282	3.24611067
7132	3.24572813
9744	3.24564982
388324	3.24450627
23125	3.24450627
375567	3.24443002
4978	3.24427756
9632	3.24357205
5164	3.24328784
92689	3.24048324
56995	3.24003014
389206	3.23920069
55247	3.23888078
1281	3.23883598
50861	3.23807216
127731	3.23709647
23504	3.2367967
23090	3.2367967
129446	3.23525535
60312	3.23243606
7803	3.23193382
3790	3.23158391
55973	3.22951619
85352	3.22892722
54476	3.22807386
4548	3.22805583
5753	3.22678472
25862	3.22645777
993	3.22641805
6525	3.2253048
220202	3.2224282
8648	3.22214601
23213	3.22210228
5139	3.22163166
9496	3.22148699
10621	3.22072292
63982	3.22033137
6847	3.21996094
1806	3.21973489
9465	3.21953867
10392	3.21953867
55905	3.21829695
65997	3.21774243
152579	3.21774243
11030	3.21772964
199786	3.21647928
121260	3.216025
51184	3.21593249
254428	3.21566805
8499	3.21471554
3705	3.21467016
405	3.21433594
55799	3.21346152
4300	3.21249664
83447	3.20971484
9463	3.20810012
287	3.20797284
654433	3.2078185
4312	3.20756195
1808	3.20641549
93233	3.20593042
163071	3.20593042
79731	3.20577342
392138	3.20481541
64080	3.20342567
125206	3.20307892
10750	3.20307892
5587	3.20211909
11031	3.20128303
10226	3.20072839
3240	3.20065267
54453	3.2006086
391109	3.20024603
7201	3.20017717
6725	3.19962665
285386	3.19948912
146664	3.19948912
5373	3.19900814
25880	3.19900814
29106	3.19873353
256586	3.19873353
117532	3.19852769
9399	3.19825338
7143	3.19811496
81890	3.19633808
6579	3.19572423
114784	3.19558291
53345	3.19551981
404037	3.19551981
128866	3.19477109
1356	3.19473296
65217	3.1942953
64216	3.19368433
163882	3.19368433
160335	3.19280334
29087	3.19077995
55349	3.19074311
283385	3.19017104
55852	3.18996921
155435	3.18889439
57556	3.18788916
8038	3.18755967
58499	3.18668594
5129	3.18551654
57125	3.1781722
80818	3.17763575
6920	3.17763575
148898	3.17763575
4908	3.17730899
2823	3.17633019
7750	3.17539201
29888	3.1752196
118472	3.17470374
10844	3.17470374
619207	3.17444407
9788	3.16975373
9532	3.16717331
400954	3.16608828
93974	3.1635428
361	3.16300541
338645	3.16241156
644168	3.16001944
5245	3.15958108
55205	3.15939212
8110	3.15575
6898	3.15465386
22954	3.15384894
5089	3.15377279
55506	3.15285938
23051	3.15205736
10954	3.15191587
9170	3.14929251
57130	3.14929251
51291	3.14929251
50809	3.1462624
23054	3.14589582
84978	3.14539036
166863	3.14345236
55704	3.13960042
3778	3.13653432
79677	3.13333942
9785	3.13276829
54957	3.13276829
8161	3.13263604
9912	3.13248764
149111	3.130006
4282	3.12862643
54927	3.12801865
171024	3.12759499
283659	3.12666439
23245	3.12401323
9859	3.12213856
3977	3.12185808
2149	3.12170403
223117	3.12021622
11138	3.12004441
170384	3.1198217
28981	3.11941504
8467	3.11699592
6416	3.11688283
5519	3.11671359
80341	3.11670698
128859	3.11670698
79573	3.11639024
143098	3.1160548
79096	3.11396072
9147	3.11328373
122773	3.11328373
220965	3.11081039
122953	3.11058624
6909	3.1103622
727936	3.11025022
9407	3.10924375
550112	3.10924375
832	3.10890877
183	3.10857406
55680	3.1085396
84569	3.1079054
6708	3.10725223
161357	3.10694167
54535	3.10662667
5380	3.10629371
389517	3.10629371
2970	3.10629371
2969	3.10629371
100093631	3.10629371
53947	3.10618278
3157	3.10316309
1501	3.10272804
25804	3.10028891
27348	3.09910269
85313	3.09886875
340152	3.09886875
53942	3.0970186
51501	3.09689034
7472	3.09643524
166968	3.09631327
127602	3.09609647
6494	3.09449399
6423	3.09399698
131034	3.09315268
84258	3.09285747
7498	3.09281335
51	3.09279131
144108	3.09098422
50515	3.090765
192668	3.09039049
9928	3.0896458
9807	3.08964244
389119	3.08964244
389118	3.08964244
27132	3.08862929
284656	3.08836307
83592	3.08744721
4897	3.08676126
5820	3.08549818
6439	3.08533957
10713	3.08533957
55769	3.08424193
4745	3.08238947
9915	3.08129901
2322	3.07958441
83716	3.07930287
92736	3.07841756
347741	3.07841756
4600	3.07825816
114609	3.07755051
7453	3.07665234
283600	3.07665234
467	3.07530618
92675	3.07437855
79683	3.0739664
442726	3.07355465
79446	3.07345178
80862	3.07196279
3137	3.07196279
375449	3.07145053
25904	3.07007044
9712	3.06615854
1729	3.06464391
168667	3.06390073
3209	3.06183065
255239	3.06058435
79582	3.05903551
26010	3.05852742
7289	3.05787529
5359	3.05768222
63971	3.05739675
11056	3.0566539
8224	3.05645602
64409	3.05443295
23479	3.0542256
729330	3.05418687
4641	3.05418687
57494	3.05399012
348654	3.05384261
3156	3.05370789
7077	3.05315727
343035	3.04924582
57580	3.04905129
9708	3.04890544
8641	3.04890544
56114	3.04890544
56113	3.04890544
56112	3.04890544
56111	3.04890544
56110	3.04890544
56109	3.04890544
56108	3.04890544
56107	3.04890544
56106	3.04890544
56105	3.04890544
56104	3.04890544
56103	3.04890544
56102	3.04890544
56101	3.04890544
56100	3.04890544
56099	3.04890544
56098	3.04890544
56097	3.04890544
5098	3.04890544
26025	3.04890544
10892	3.04778215
10460	3.04760894
84623	3.0465786
57761	3.04431595
283521	3.04315951
23263	3.04248849
8464	3.04196198
84881	3.04076638
112942	3.03696812
253190	3.03663632
11278	3.03660184
83478	3.03644827
124221	3.03526908
1459	3.03500954
10199	3.03324834
29927	3.0315672
6868	3.02923484
57460	3.02899084
2793	3.02886337
6334	3.02858498
401720	3.02858498
65249	3.02764203
94120	3.0259952
146845	3.0259952
158219	3.02576472
9287	3.02530413
51000	3.02443034
57134	3.0241648
56961	3.02401706
126259	3.02401706
5137	3.02342078
8925	3.02268803
29880	3.02264227
83464	3.02219456
9478	3.02058822
23067	3.02036059
6256	3.02035689
8633	3.02026957
260425	3.01983801
5216	3.01799285
89777	3.01714426
26509	3.01709588
10483	3.0164793
157506	3.01623172
5520	3.01619336
26999	3.01484308
65117	3.0125572
55596	3.0125572
7936	3.01219971
6499	3.01219971
79147	3.00735813
130075	3.00665196
2342	3.00602987
31	3.00493547
28231	3.00478057
283867	3.00375109
59277	3.00370728
23286	3.00149498
170506	3.00091298
90580	2.99926233
153768	2.99874237
619351	2.99869907
162466	2.99805006
1460	2.99773179
151126	2.99744519
56262	2.99688428
254295	2.99688428
23426	2.99612682
90525	2.99602276
51454	2.99577993
646982	2.99576463
81615	2.99537588
2746	2.99470627
63891	2.99456208
386724	2.99456208
27123	2.99216691
9413	2.99186219
7091	2.99182582
3097	2.99161349
56897	2.99140668
7318	2.99050661
57223	2.98931851
28513	2.98908307
84464	2.98871452
26	2.98802883
3643	2.98747492
170712	2.98678346
388969	2.98623615
221	2.98598377
408263	2.98573154
25891	2.98499102
7565	2.98423391
22882	2.98397004
83541	2.98325127
4134	2.98192537
4211	2.98188057
10594	2.97941391
5607	2.97914172
10939	2.97818179
26052	2.97711819
55146	2.97584684
64852	2.97576069
1258	2.97551606
23261	2.97543224
83548	2.97535811
400891	2.97518607
128368	2.97436649
344558	2.97412092
79644	2.97277275
91149	2.97203914
128367	2.96895528
104	2.96713958
93145	2.9664162
143187	2.96627748
84153	2.96617431
9488	2.9657326
6293	2.96533144
57689	2.96389033
163782	2.96178564
10094	2.96136993
80201	2.96058588
283927	2.95980487
388228	2.95900231
219621	2.95872577
9277	2.95868628
8705	2.95868628
64135	2.95811089
23626	2.95809436
50488	2.95758201
7726	2.95714896
5780	2.95575022
9801	2.95483355
8522	2.95479208
23163	2.95471045
3141	2.95401239
83901	2.95221908
83900	2.95221908
83899	2.95221908
646813	2.95167475
4707	2.95112066
775	2.9510535
51633	2.94936478
55356	2.94915642
4919	2.94844605
23210	2.94695641
10439	2.94676785
6261	2.9462547
2565	2.9458851
84432	2.94554016
22834	2.94423954
54606	2.94390754
1109	2.94348527
387263	2.94294279
9358	2.94272341
339168	2.94271436
57758	2.94149806
10381	2.94017674
55591	2.93843444
6002	2.93835907
9863	2.93711975
9271	2.9356169
177	2.93509297
151258	2.93471913
51077	2.93427094
23239	2.93322944
50613	2.93320123
317762	2.93263153
1902	2.93251998
10077	2.93221823
55625	2.93203691
23649	2.93096124
1807	2.93072991
50514	2.9290022
221178	2.92888167
9870	2.92723558
4122	2.92668498
3250	2.92405178
79758	2.92334513
79772	2.92314119
9722	2.9221962
1738	2.9219829
81832	2.92190585
55039	2.92186957
51761	2.92099975
23348	2.92053157
8726	2.9199988
285590	2.91714285
54518	2.91532791
7741	2.91517358
7372	2.91517358
387032	2.91517358
222698	2.91517358
256536	2.91481649
373	2.9141639
23761	2.91338801
50940	2.91225407
1604	2.91133658
241	2.91133245
23387	2.91119083
284366	2.91057904
11202	2.91057904
23262	2.90977723
725	2.90864041
23550	2.90840338
817	2.90729422
2034	2.90727019
54665	2.90274269
10745	2.90274269
255928	2.90222227
57476	2.90201427
59341	2.90176149
5754	2.89982304
23328	2.89949161
390037	2.8991816
143502	2.8991816
63874	2.89842702
6331	2.89839038
161502	2.89801248
54848	2.89763491
80212	2.89756629
55567	2.89740339
54816	2.89667529
4939	2.89499907
7004	2.89343517
3763	2.89231528
4715	2.89034057
196475	2.89032023
6734	2.88964602
55572	2.88964602
2009	2.88944064
220441	2.88897285
960	2.88806519
64805	2.88578947
116931	2.88578947
57448	2.8850882
4133	2.88469199
55800	2.88412334
115111	2.88348011
440093	2.88239958
81573	2.8822195
11022	2.88183451
23164	2.88171938
2067	2.88127245
57475	2.88117334
6697	2.88096442
253018	2.87942607
347902	2.87888396
5728	2.87833875
3290	2.87768412
8347	2.87765705
23145	2.87686734
84708	2.87660513
9218	2.87578562
163259	2.87520243
54544	2.87292761
254910	2.87292761
390598	2.87021347
8976	2.869575
7456	2.86864435
25780	2.86817865
285848	2.86815687
79587	2.86777234
64834	2.86738815
58489	2.8671642
5465	2.86704095
4437	2.86668343
763	2.86468786
4940	2.86385019
85481	2.86353311
140564	2.86308398
154215	2.86245601
64410	2.86198166
64283	2.86143648
23161	2.86036523
203	2.86014554
81035	2.85993213
80133	2.85933486
79987	2.85894366
221806	2.85811145
54622	2.85795485
84467	2.85754727
401474	2.8562048
25921	2.85586186
219539	2.85586186
10978	2.85586186
26230	2.85580185
23102	2.8555192
4319	2.85517681
9956	2.8544307
366	2.85393401
64839	2.85384094
391059	2.85380993
170680	2.85362387
157753	2.85319004
285987	2.85263289
1750	2.85263289
57214	2.84909013
864	2.84899171
8814	2.84804821
338821	2.84765049
28234	2.84765049
91133	2.84630706
5425	2.84593777
147727	2.84578912
117852	2.84545431
27154	2.84496777
4350	2.8432891
388403	2.84236194
56339	2.84233173
51275	2.84199957
143570	2.84154704
9402	2.84142004
9725	2.8413963
2052	2.8413963
64843	2.84043281
387590	2.83932143
84071	2.83889017
25834	2.83875182
140469	2.83854215
9586	2.83821288
4069	2.83806743
9806	2.83797357
51008	2.83797357
83449	2.83773439
22821	2.83190029
153364	2.83029618
57221	2.82833204
9970	2.82739707
84134	2.82739707
8548	2.82719281
346389	2.82663888
9457	2.82599837
11276	2.82379294
473	2.82357395
401237	2.82234809
1232	2.82214842
133482	2.82183
777	2.82168507
160518	2.82133954
55328	2.82090802
80820	2.82036205
4542	2.82033333
25803	2.81852801
23064	2.81831032
55616	2.8182993
25777	2.81764242
60678	2.81653085
7732	2.81510992
81888	2.81493972
23334	2.81493972
730101	2.81397651
28978	2.81397651
1118	2.81380675
145783	2.81358051
3927	2.81264941
11340	2.81249324
440026	2.81183114
10673	2.81170346
10490	2.81144318
59345	2.81122658
27152	2.81039741
1388	2.80964028
22984	2.80915585
90871	2.80894042
84182	2.80495872
11185	2.80495872
7249	2.8040686
24138	2.80382039
5504	2.80335411
57512	2.80252646
57821	2.80170039
10560	2.80170039
440279	2.80068373
79144	2.80051909
8817	2.79994333
152330	2.7991495
7111	2.79904012
4664	2.79854825
80745	2.79783875
137868	2.79756618
273	2.79754221
3756	2.79691269
2953	2.79647758
25774	2.79647758
57488	2.79546352
4921	2.79522906
94025	2.79433559
8711	2.79403818
57048	2.79403818
55143	2.79379678
150350	2.79352494
389084	2.79338998
9066	2.79295838
90019	2.7915049
585	2.79147018
8313	2.79075299
64067	2.79063451
170591	2.78954771
54623	2.78950129
79727	2.78725324
4931	2.78707821
55793	2.78645568
7007	2.78502377
55083	2.78442351
387103	2.784336
57522	2.78137272
1843	2.78100221
1107	2.77929407
84668	2.7792906
10043	2.7791289
56650	2.77861185
284348	2.77824681
7298	2.77702809
9639	2.77611485
29989	2.77582965
27350	2.77558315
9878	2.77487171
79642	2.77448396
90632	2.77409656
7052	2.77387497
5863	2.77319395
10471	2.77319395
26053	2.77247322
79574	2.77029257
1612	2.77026698
81786	2.76996002
1496	2.7692191
221002	2.76827562
84830	2.76733418
441631	2.76716325
7975	2.76593851
202915	2.76593851
442117	2.76447155
23034	2.76399109
2618	2.76303121
4438	2.76257452
421	2.7625606
729020	2.76152734
90134	2.76087578
284110	2.76025019
51699	2.75979037
80759	2.75892692
100129128	2.75892692
51162	2.75885214
50700	2.75885214
2741	2.75785628
4245	2.75775682
3753	2.75765738
64084	2.75701159
4601	2.75641632
9922	2.75599517
221421	2.75594565
55714	2.75552496
5081	2.75517881
7678	2.75342757
3294	2.75330908
390072	2.75296012
10346	2.75296012
8671	2.75232127
222068	2.75220823
10123	2.75214943
83943	2.75212489
54674	2.75212489
90355	2.75205127
9628	2.75170788
339942	2.75077718
8470	2.7500642
22854	2.74933608
55258	2.7493117
9699	2.74892174
441108	2.74865384
23113	2.74794836
10591	2.74794836
123624	2.74675895
80031	2.74646816
1889	2.74542776
2737	2.74523447
154091	2.74518616
25998	2.74458615
11075	2.74165195
729993	2.74148244
8527	2.74046406
4947	2.74031058
23060	2.74031058
10507	2.74028669
4340	2.7400002
115361	2.73942779
23002	2.73873713
22921	2.73777057
57613	2.73712195
10514	2.73488911
8878	2.7346868
333	2.73418922
80254	2.73362887
4249	2.73332153
57691	2.73327453
84215	2.73275785
388011	2.7319137
10714	2.730493
441046	2.72981046
10782	2.72892547
51148	2.72873939
10563	2.72842395
26011	2.72455043
9352	2.72207005
541471	2.72200136
11170	2.72072177
254225	2.72072099
80059	2.72017342
11113	2.71985072
9369	2.71883023
6555	2.71851211
1838	2.71844401
23236	2.71806178
2230	2.71652213
9567	2.71613365
392360	2.71584008
143662	2.71554671
64407	2.71543392
166824	2.71392545
989	2.71231022
138428	2.71182142
92609	2.71149059
7851	2.71032224
1188	2.70847575
1187	2.70847575
2550	2.7078769
9512	2.70758885
553158	2.70732967
23779	2.70732967
80830	2.70706119
10855	2.70665955
311	2.70597491
201266	2.70590871
1804	2.70588664
8294	2.70554903
57615	2.70542356
55622	2.7053065
8788	2.7050978
165904	2.70480688
5068	2.70389815
54858	2.70383959
81569	2.70291826
136895	2.70267729
54502	2.70201476
55823	2.70191143
1798	2.70191143
9732	2.70012241
1103	2.70009851
2037	2.70008734
320	2.69940452
3782	2.6993904
375940	2.69920893
221937	2.69886385
79054	2.69857932
57047	2.6983841
390142	2.69719304
8904	2.69706027
283209	2.69680394
54664	2.69606994
200150	2.6957465
25865	2.69538024
348093	2.69036983
84310	2.68968912
222545	2.68956161
57016	2.68882401
441282	2.68882401
391112	2.68850043
29799	2.68809787
8859	2.68767452
1797	2.68767452
23318	2.68750529
9088	2.68744747
7409	2.68519244
9982	2.6838199
7425	2.6836941
375607	2.6836941
29902	2.68306563
9118	2.68233356
84108	2.68233356
221481	2.68095643
219438	2.67979138
219437	2.67979138
1174	2.67979138
2475	2.67861118
149469	2.67778071
55553	2.67728465
6832	2.67711943
124801	2.67678419
57575	2.67633546
254240	2.67598396
90332	2.67483339
125704	2.67477177
25820	2.67408182
54497	2.67376658
84628	2.67354124
81621	2.67323415
111	2.67188554
27241	2.67145731
6829	2.67143693
6091	2.67002466
144165	2.6686132
113179	2.66851197
113178	2.66851197
9027	2.66709719
200420	2.66709719
56243	2.66655273
54877	2.66647212
23376	2.6649234
23135	2.6637625
1524	2.66322017
123591	2.66304021
23555	2.66297613
1834	2.66282037
494470	2.66274046
10090	2.66267441
64699	2.66266056
7263	2.66206178
4357	2.66206178
1310	2.66174277
151188	2.66164313
1394	2.66124478
5314	2.66086669
148641	2.66044919
8364	2.66043106
30844	2.65854569
118487	2.6579328
8728	2.657136
29970	2.65572565
124056	2.65572565
10607	2.65572565
54682	2.65535233
51422	2.65515598
9665	2.65509016
55728	2.65454785
64096	2.65451712
958	2.65362651
56987	2.65358834
9582	2.65185097
79998	2.65185097
113419	2.65185097
4948	2.65093627
637	2.65059656
3838	2.65019161
10345	2.64940314
343406	2.64762451
200162	2.64741233
407738	2.64737376
85411	2.64735448
54438	2.64735448
3708	2.64691124
54596	2.64619913
7594	2.64336235
8170	2.64317134
118427	2.64311406
23327	2.64301697
58496	2.64113749
2937	2.64099977
2635	2.64044908
55561	2.64040532
3096	2.6402891
23254	2.6397096
9023	2.63902812
25771	2.63899029
64131	2.63788164
166647	2.63757408
667	2.63514521
11011	2.63506619
23362	2.63505522
80155	2.63422232
3198	2.6339842
50807	2.63283915
400940	2.63247636
150622	2.63247636
137682	2.63219697
57541	2.63130412
671	2.63078414
728215	2.6294129
221322	2.62791689
11044	2.62773256
391194	2.62760357
26686	2.62741936
3732	2.62630454
161145	2.62587514
8647	2.62492194
7809	2.62451929
57497	2.62437296
63923	2.62426325
2081	2.62344051
171546	2.62264223
2131	2.62174749
90637	2.61975257
83698	2.61969829
135152	2.6191378
57593	2.61836155
9751	2.61832548
6249	2.61825335
126668	2.61783882
196385	2.61719078
10788	2.61711883
97	2.61677726
219578	2.61460825
283093	2.61314447
54566	2.61262797
285025	2.61078074
631	2.61074529
182	2.61021394
9957	2.61005466
79680	2.60978932
54584	2.60978932
79823	2.60870967
57118	2.60802454
348808	2.60761965
54970	2.60746132
5651	2.60694995
192134	2.60610906
9887	2.60605646
5286	2.60558334
657	2.60546895
5641	2.60512824
23112	2.60504077
266629	2.60453961
27244	2.60364371
26164	2.60353911
51306	2.60292393
23383	2.60270322
23194	2.60244234
108	2.60124428
94239	2.6010541
10733	2.6007071
7107	2.60051665
56605	2.60051665
23331	2.60001493
79696	2.59999765
245972	2.59920307
26974	2.59878907
439996	2.59863393
85414	2.59858223
90011	2.59849607
11072	2.59844438
6295	2.5974807
10351	2.59537121
10217	2.59526414
339883	2.59514919
9026	2.59356571
2047	2.59274384
2590	2.59247313
23786	2.59233722
22900	2.59209946
9735	2.5918279
27198	2.5918279
3672	2.59131918
57089	2.59057413
122042	2.59037116
8291	2.5897489
6991	2.5892059
55780	2.5892059
90668	2.58853182
159686	2.58826248
112936	2.58789241
5924	2.58774111
23510	2.58745546
55752	2.58631474
114786	2.58629799
132851	2.58586264
284111	2.58554477
9162	2.58547788
2045	2.58490181
54436	2.58439238
5376	2.58349263
56163	2.58247849
56950	2.58226199
5746	2.58198059
221336	2.58053993
25890	2.58049033
56160	2.57943194
83874	2.57897222
3632	2.578824
440040	2.57880753
3767	2.5786429
114781	2.57750865
6877	2.5773281
10579	2.57698363
55304	2.57679688
51692	2.57670731
823	2.57661073
342527	2.57614037
5530	2.57593547
222255	2.57500409
10541	2.57387702
375057	2.57381417
3560	2.57357007
1033	2.57298479
10175	2.57298479
257019	2.57288732
5969	2.57202729
80317	2.57170319
64288	2.57170319
223082	2.57097484
83741	2.57079699
55449	2.57061921
117	2.57029616
26059	2.57011858
401190	2.56969914
84525	2.56958629
221477	2.56890977
80731	2.56889367
404093	2.56884539
4135	2.5688293
84332	2.56858798
143241	2.56858798
54806	2.56823783
80017	2.56820216
5017	2.56780062
23151	2.56751174
200008	2.56712687
55339	2.56706917
23233	2.56621417
23541	2.56595192
137902	2.56544964
54796	2.56535127
445328	2.56531934
100128553	2.56531934
64641	2.56477695
11132	2.56298952
1129	2.5629539
57643	2.56224511
55761	2.56194839
91	2.56116943
64806	2.56092006
116173	2.56092006
404744	2.56014647
54676	2.55997299
1164	2.55980733
80714	2.55970503
10867	2.55957213
144097	2.55899652
124872	2.55767704
57586	2.55505007
124540	2.55472281
84251	2.55358711
9437	2.55240789
26191	2.55229944
23347	2.55219716
570	2.55205165
54534	2.55205165
128710	2.55087659
9746	2.55012066
55607	2.54836705
488	2.54827495
57602	2.54807547
64773	2.54804299
8321	2.54764613
2561	2.5474163
8825	2.54730909
79833	2.54724784
440044	2.54637593
2961	2.54623532
401505	2.54539902
26267	2.54539902
27044	2.54368443
393046	2.54310281
285148	2.54208784
57205	2.54186093
327657	2.54107523
145264	2.54107523
257068	2.54106014
84159	2.54086394
9926	2.54071308
55089	2.54032109
387748	2.53968863
1948	2.53956083
9242	2.53911718
4004	2.53904205
84986	2.53827643
84419	2.53818645
10655	2.5378466
92017	2.53761698
9678	2.53756265
340273	2.53736246
10513	2.5372459
84958	2.53600255
84065	2.53600255
2560	2.53582354
8644	2.53551342
1646	2.53551342
9211	2.53543594
6801	2.53540252
23127	2.53485518
85236	2.53465433
768096	2.53344376
221883	2.53335477
6297	2.53305827
114795	2.53292492
3752	2.53253989
23308	2.5323623
2043	2.53231657
64968	2.5319673
8853	2.53150498
100130742	2.53137209
342035	2.53118023
84826	2.53059039
4635	2.52992067
3207	2.52979538
3206	2.52979538
57561	2.52939843
117531	2.52869362
79370	2.52859093
2120	2.52859093
57558	2.52718506
283219	2.52718506
92737	2.52657243
131566	2.52625034
940	2.52623398
9054	2.52619693
8089	2.52605919
5801	2.52496757
5141	2.52485202
81671	2.52347269
4783	2.52322632
83667	2.52316837
374500	2.52299457
64220	2.52214107
5244	2.52177992
338321	2.52107294
201134	2.51993554
29896	2.51961932
965	2.51943258
10885	2.51937513
155465	2.51835675
27253	2.51815623
6718	2.51807095
100124539	2.51779838
84570	2.51766962
118461	2.51729788
23150	2.51711213
728939	2.51692646
728932	2.51692646
728855	2.51692646
653598	2.51692646
607	2.51692646
200030	2.51692646
26525	2.51679583
143425	2.51644123
2980	2.51629862
22887	2.51629862
9770	2.51552932
59269	2.51501722
81533	2.51298896
5257	2.51298896
341208	2.51270604
90199	2.51204191
89797	2.51166084
10806	2.51120964
57628	2.51087155
9920	2.51063223
1179	2.51046337
83990	2.50914294
6035	2.50906885
8396	2.50880645
5691	2.50880645
390445	2.50831621
64849	2.5074631
286103	2.50612389
286101	2.50612389
30010	2.50590109
387	2.50457702
10718	2.5035824
411	2.50330554
9414	2.50228161
81846	2.50203426
80274	2.50175839
729582	2.50146891
345079	2.50075293
23129	2.50019974
81853	2.49948909
4117	2.49948909
10137	2.49922671
414767	2.49876267
4163	2.49847806
1605	2.49827628
283677	2.49758654
84678	2.49725888
7173	2.49709396
11102	2.49706786
140453	2.49698602
84641	2.49637272
2168	2.49603237
64764	2.49482288
2628	2.49471433
313	2.49441594
11281	2.49334617
11342	2.49152767
57037	2.49107993
9989	2.49071681
4008	2.49063616
23007	2.49063616
652968	2.48953542
729096	2.48921378
729092	2.48921378
79902	2.48883884
57119	2.48881549
126669	2.48871839
132954	2.48846421
10874	2.48846421
1420	2.48798303
1419	2.48798303
79034	2.48766254
222967	2.48766254
23265	2.48760915
753	2.48727559
57626	2.48648942
57094	2.48643617
440081	2.486343
5288	2.48595723
219348	2.48519998
8131	2.48508053
157724	2.48473566
2005	2.48403348
285382	2.48351751
284252	2.48323994
116985	2.48310782
3352	2.48304177
84905	2.48302857
2788	2.48294933
84944	2.4820128
51808	2.48170985
653399	2.48168351
92749	2.48032948
29945	2.48011953
343930	2.47997524
57325	2.47908435
90362	2.47881276
140947	2.47827366
54901	2.4769823
7743	2.4768
51075	2.47560388
119395	2.47435926
132671	2.47410041
5926	2.47402279
27039	2.47215107
25926	2.47145608
83439	2.4713275
64224	2.47076219
348801	2.46999251
125950	2.4693423
3586	2.46775536
388503	2.46751316
5212	2.46708009
8398	2.46664745
8975	2.46622794
721	2.46531406
2030	2.46335319
146712	2.46310082
124935	2.46305036
9535	2.46230681
55095	2.46230681
79017	2.4608235
10900	2.4598583
22987	2.45967053
80008	2.45917019
4482	2.45909518
636	2.4590077
2013	2.45889524
7407	2.45853309
57819	2.45853309
483	2.45799665
1984	2.45779888
6450	2.45756051
10298	2.45733637
9814	2.45685115
84946	2.45666186
9786	2.45627953
162073	2.45614295
176	2.45536154
83656	2.45534915
774	2.45515093
10691	2.4542576
145258	2.45420708
58189	2.45196701
114801	2.45191783
10257	2.45185636
140690	2.4518072
10357	2.4518072
1556	2.45132811
441601	2.45087407
63892	2.44953927
5991	2.4492337
255403	2.44913596
152687	2.44913596
25769	2.44889172
79912	2.4485744
115827	2.44847681
9668	2.44768472
168850	2.44758733
55578	2.44736828
285755	2.44727096
5208	2.44722231
5099	2.4468333
23258	2.44515967
9436	2.44499024
475	2.44428902
55159	2.44367337
122258	2.44338396
220382	2.44156745
219447	2.44094365
93408	2.44068001
83660	2.4405722
91948	2.44041652
60468	2.44023697
6443	2.43980633
339977	2.43980633
8092	2.43885089
80067	2.43873161
10551	2.43835043
9705	2.43831438
57002	2.43830441
344905	2.43809515
220081	2.43798089
79789	2.43733844
23380	2.43689879
51760	2.4367563
259232	2.43574831
643376	2.43505002
54536	2.43461268
4201	2.43430563
27232	2.43430563
2562	2.43398699
283092	2.43223279
9135	2.43191567
27434	2.43181001
54112	2.43161051
148170	2.43161051
2821	2.43153842
54531	2.43135247
54537	2.4312704
51228	2.43019318
84928	2.4301581
645528	2.42979576
5095	2.4292003
403	2.42869887
114876	2.42862895
5784	2.4285008
729617	2.42848915
5316	2.4282446
64601	2.42798855
65265	2.42776754
377	2.42769777
54845	2.42622359
54834	2.42603822
6510	2.4256974
51251	2.42454658
283507	2.42323263
57690	2.42322112
22849	2.42280702
55615	2.42280646
158035	2.42277253
3557	2.4225503
81704	2.4219405
127062	2.42193412
64321	2.42081111
115825	2.42058228
9733	2.4202164
23143	2.42015373
338811	2.41964534
7485	2.41959969
154141	2.41959969
349114	2.41947417
9228	2.41923464
64150	2.41896105
1735	2.41896105
91351	2.41866486
125963	2.41807309
11069	2.41784569
7151	2.41770932
2329	2.41770932
126526	2.4175957
63977	2.4165405
1359	2.41538612
2820	2.41527311
2262	2.41485524
80110	2.4147988
4123	2.41473108
285759	2.41397562
9942	2.41191886
55370	2.41187402
8578	2.41162744
30062	2.41156021
149840	2.4113474
285419	2.41130261
7226	2.41111231
54511	2.41051677
5596	2.41041898
7799	2.41030726
692076	2.40986065
342618	2.40986065
767558	2.4089688
165679	2.40889085
10969	2.40877952
164284	2.40823441
387718	2.40813436
3796	2.4068469
5144	2.40672501
9312	2.40671393
341640	2.40656993
79172	2.40648134
1363	2.40570692
51144	2.40510787
51066	2.40507734
220004	2.40494491
65009	2.40391997
6619	2.40371087
11168	2.40371087
7307	2.4034139
159963	2.40246935
25901	2.40244741
80342	2.40233674
64223	2.40194179
374378	2.40168014
5138	2.39877683
63898	2.39846147
51296	2.39840713
387680	2.3971048
285782	2.39703978
2580	2.39640316
221409	2.39615223
3048	2.39605492
3046	2.39605492
282763	2.39605492
669	2.39584958
390113	2.39561193
390883	2.39546076
125962	2.39546076
8165	2.39540567
51106	2.39479195
55539	2.3946303
399694	2.39450102
9462	2.3941457
55296	2.39308147
283761	2.39237344
286133	2.39117456
441394	2.39101424
5311	2.39072583
1117	2.39024556
29940	2.38962733
387694	2.38957408
51490	2.38952083
2021	2.38952083
10268	2.38921212
55333	2.38827669
2775	2.38824484
15	2.38820237
9990	2.38698317
100271715	2.3864753
83890	2.38586241
317671	2.38586241
8559	2.38546133
56971	2.38527147
388551	2.38527147
51816	2.38489201
92126	2.38488148
221061	2.38487094
147658	2.38367155
84133	2.38294721
25770	2.38294721
83876	2.38287379
51305	2.38240213
149465	2.38227644
85358	2.38116774
83986	2.38109463
6469	2.38087535
51115	2.38080228
56478	2.38001147
5592	2.37958284
81318	2.37824228
57172	2.37772379
79718	2.37728874
220929	2.37686447
390916	2.37657496
8446	2.37579012
79944	2.37525394
27109	2.37525394
57224	2.3750273
5338	2.37475662
124512	2.37469287
4285	2.37451263
7124	2.37379154
81620	2.37368017
11320	2.3731671
9372	2.37281855
5965	2.37198933
125228	2.37116168
80167	2.37058021
6259	2.37019299
92346	2.37011151
5279	2.37011151
55718	2.36953144
100190986	2.36953144
8672	2.36847506
1861	2.36845477
79811	2.36837362
6856	2.36775535
6094	2.36567883
3605	2.36544213
56172	2.36539176
10905	2.36466708
7706	2.36451625
149647	2.36405406
10107	2.36402643
445815	2.36317122
11217	2.36317122
10578	2.36270044
10988	2.36166882
23141	2.36165054
939	2.36138097
678655	2.36138097
55080	2.36138097
390284	2.36138097
9575	2.36118178
84188	2.36074873
1767	2.36062309
79661	2.36015507
81550	2.35971737
165721	2.35966766
5510	2.35956826
1733	2.3591808
55081	2.35917087
25980	2.35865481
50937	2.35811955
221150	2.35752559
91319	2.35718937
53826	2.35712018
486	2.35712018
64781	2.35534481
10846	2.35485294
550631	2.35465634
200312	2.35465634
140609	2.35405728
79750	2.35286163
10420	2.35268551
283987	2.35264638
8512	2.35256813
6441	2.35256813
6992	2.35205008
6769	2.35013963
168975	2.35013963
79754	2.34973134
83941	2.34903231
84617	2.34901201
23469	2.34804393
163	2.34767629
402117	2.34736693
5569	2.34735727
2259	2.347222
201176	2.3470578
115098	2.34695158
55966	2.34670064
6666	2.34633413
89944	2.34629556
27087	2.34629556
9498	2.34587161
51390	2.34544807
9375	2.34452541
54504	2.34353764
29994	2.34353764
1997	2.34338719
1375	2.34297285
1120	2.34297285
100144603	2.34297285
57540	2.34267638
4773	2.3423228
4033	2.34209566
375061	2.34175005
56624	2.34157837
677769	2.34025489
79628	2.34013132
23589	2.33961839
5586	2.33917245
51430	2.33907763
23639	2.33900179
113828	2.33874592
89870	2.33854701
6651	2.33829141
286319	2.33802649
49861	2.33784682
11285	2.33631792
339788	2.335913
157769	2.33571538
55166	2.33545204
2069	2.33541443
9038	2.33538623
84461	2.33505732
58492	2.33494461
11164	2.33430646
2169	2.33414707
7918	2.33342586
57827	2.33342586
166785	2.33320132
10144	2.33305168
9727	2.33301428
146167	2.3327806
84316	2.33206166
124637	2.33206166
9180	2.3310229
6638	2.33091567
3679	2.33062375
4212	2.33015336
256130	2.3299862
7006	2.32985403
55693	2.32967064
51503	2.32967064
114880	2.32966136
646643	2.32947584
166614	2.32945729
92162	2.32937384
136227	2.32925333
2317	2.32921488
11055	2.32906798
5169	2.32904945
23078	2.32865125
92196	2.32858646
27115	2.32786518
92304	2.32706209
57472	2.32706209
388789	2.32686846
11174	2.32617763
54749	2.3253409
55604	2.32504705
55711	2.32500116
8821	2.32472588
9960	2.32430413
6887	2.32395603
54	2.3231338
622	2.32288601
8402	2.32274902
26001	2.32274902
2027	2.32274902
23040	2.3227125
8100	2.32239305
116984	2.32211942
5579	2.32210118
57419	2.32153222
8395	2.32109029
5157	2.32046309
89910	2.3203087
83892	2.3203087
480	2.32021791
390144	2.31988214
8796	2.31975516
27147	2.31931103
200316	2.31925668
51655	2.31819816
80323	2.31807167
10576	2.31789283
10699	2.31764731
80005	2.31728135
1352	2.31701142
100124536	2.31676379
149986	2.31545085
80069	2.31540596
401288	2.31540596
6575	2.31491243
144501	2.31485863
150185	2.31484966
341418	2.31422244
64801	2.31349779
10100	2.31331905
4311	2.31271188
256949	2.31262629
54602	2.3124532
133015	2.31210556
10243	2.31153568
147040	2.3102473
3799	2.31022114
9310	2.30997235
219436	2.30993689
90780	2.30943617
8708	2.30920164
5649	2.30845881
10246	2.30786721
9474	2.3076555
55808	2.30730286
6660	2.30688888
5173	2.30659845
24147	2.30557909
149563	2.30552643
266727	2.30504977
80070	2.30478984
151963	2.30458838
8792	2.30369604
340168	2.30365235
83940	2.30342521
23753	2.30297128
56651	2.30282299
7728	2.30266602
7705	2.3026573
8911	2.30229999
166012	2.30150798
89927	2.30107343
64693	2.3008129
9980	2.30079554
10079	2.30078686
145508	2.29985898
254827	2.29921843
55753	2.29856155
9953	2.29839748
79068	2.29757808
8497	2.29722492
327	2.29658954
694	2.29655385
2918	2.2958924
79675	2.2955063
91056	2.29498347
152189	2.29446128
2035	2.29190984
150082	2.29150262
8710	2.29138975
135941	2.29067915
57535	2.28997577
91181	2.2899165
6559	2.28990803
80168	2.28923126
388799	2.28902843
196549	2.28896929
5079	2.28891016
94241	2.28811688
27143	2.28740922
2674	2.28595539
51300	2.28572055
4363	2.28436429
646424	2.28328733
79269	2.28166442
2731	2.28145679
222256	2.28124927
219793	2.28040358
283455	2.27929507
27067	2.27912986
841	2.27820587
387036	2.27787634
100133205	2.27787634
23108	2.27750005
9140	2.27698788
1176	2.27698788
55351	2.27651149
3684	2.27580608
9415	2.27565039
3995	2.27565039
93273	2.27556847
60685	2.2750609
56913	2.27490548
146433	2.27481552
54972	2.27457028
57614	2.27427617
57661	2.27418169
26037	2.27359884
9750	2.27351974
387700	2.27284116
158135	2.27260516
285780	2.27258075
25937	2.27215348
51701	2.27134597
64919	2.27030077
59338	2.27021986
7637	2.26961345
133522	2.26937113
83648	2.26775907
116154	2.26698741
360023	2.26697938
4153	2.26665826
7267	2.26600071
2117	2.26579243
441168	2.26555223
114827	2.26523216
54543	2.26377087
202181	2.2630938
8491	2.26301421
51194	2.26274373
57191	2.26264035
388567	2.26264035
59351	2.26199679
201164	2.26184597
201163	2.26184597
728464	2.26057798
4259	2.26049886
223	2.26049886
7696	2.26035647
91584	2.26020621
4049	2.26012715
57194	2.26010344
114299	2.25994537
2346	2.25973208
92579	2.25950309
25924	2.25922765
387755	2.25903911
285888	2.25884052
1368	2.25862776
131669	2.25849386
84441	2.25844661
27173	2.25799799
200186	2.25799799
80332	2.25795079
10841	2.25785641
283025	2.25719634
80727	2.25652159
155185	2.25652159
64324	2.25649024
51018	2.25602797
163351	2.25599664
440695	2.25522213
133584	2.2552065
85315	2.25515179
388135	2.25513616
57536	2.25486272
26788	2.25482368
391189	2.25465971
25893	2.25465971
84224	2.25461288
390064	2.25457385
390063	2.25457385
26154	2.25374734
128611	2.25348256
3769	2.25314015
23235	2.2530857
10840	2.2530857
81622	2.25224648
547	2.25206021
375318	2.25206021
399979	2.25205245
326624	2.25146313
146722	2.25146313
57480	2.25145538
57553	2.25134691
10242	2.25130043
3456	2.25091329
8927	2.25089782
56660	2.25036416
79133	2.24822067
284018	2.24712219
1006	2.2470915
116150	2.24665445
5283	2.24637099
100124692	2.24629441
846	2.24573578
9674	2.24540706
338872	2.24531412
3567	2.24526953
9254	2.24507859
149134	2.24506332
55915	2.24431567
2804	2.24410229
54212	2.24393471
51143	2.24387378
18	2.24352364
285641	2.24278623
29105	2.24230037
5458	2.24227003
10891	2.24211832
152405	2.24165594
152404	2.24165594
30009	2.24154989
54849	2.24087631
64711	2.24015092
54825	2.23929863
119587	2.2383653
9325	2.23816985
460	2.23807216
284836	2.23780175
284996	2.23692408
23281	2.23660196
79607	2.23620526
9244	2.23555485
25789	2.23555485
54827	2.23549509
55184	2.23494272
1608	2.23489796
96626	2.23485321
729540	2.23485321
652919	2.23485321
80176	2.23483084
100129066	2.23455498
164714	2.23302977
7011	2.23263632
10038	2.23263632
64579	2.23221357
352961	2.23127313
10866	2.23127313
25966	2.23048975
90799	2.22935414
11232	2.22935414
23418	2.22833904
57188	2.2281554
100132510	2.22813337
348840	2.2278177
9764	2.22737762
167	2.22732631
8790	2.22712111
51086	2.22712111
127255	2.22712111
23230	2.22693798
51312	2.22676778
79784	2.22666968
10391	2.2266671
64094	2.22611852
100131439	2.22454247
6953	2.22452791
445577	2.22390202
343413	2.22365482
4160	2.22332787
7762	2.22331334
144347	2.22286329
494514	2.22206595
27098	2.22206595
23759	2.22197182
54955	2.22183427
7003	2.22147252
5083	2.22146529
129685	2.22141467
51099	2.2212773
149297	2.22116166
219595	2.22098825
23657	2.2203458
5689	2.22031695
79473	2.22007178
196872	2.21896306
80304	2.21863962
388931	2.21863962
93664	2.21854622
9658	2.21823745
122402	2.21775677
93109	2.21760622
51385	2.21754171
80006	2.2168614
1638	2.21648231
8455	2.21603214
119765	2.21464169
58476	2.21369588
57713	2.21312796
57568	2.21278047
665	2.21269542
222389	2.21268124
84168	2.21195189
80196	2.21167605
57326	2.21161948
10654	2.21161948
388646	2.21155586
2634	2.21155586
23013	2.21107546
145645	2.21054621
11095	2.21022193
3200	2.20910992
3199	2.20910992
23075	2.20877968
64682	2.20842162
390442	2.20833742
26118	2.20823218
10328	2.20695736
100127888	2.20565837
10166	2.20545619
166348	2.20500337
27133	2.20441888
9789	2.20405745
81849	2.20329387
23566	2.20329387
23025	2.20327307
5151	2.20326613
254427	2.20309279
64105	2.2028918
23398	2.2028918
677820	2.20280866
256144	2.20264242
25807	2.2021441
129080	2.2021441
9692	2.20176382
55012	2.20176382
120237	2.20149437
23081	2.20132174
80790	2.20109396
10121	2.20063877
23335	2.20048025
80704	2.20045958
81572	2.20012897
57583	2.19972294
9060	2.199441
23043	2.1990024
10402	2.19792444
84640	2.19769844
105	2.19756153
23302	2.19657703
27091	2.19622889
9542	2.1961129
3915	2.19577195
7652	2.1956629
10350	2.195513
83937	2.19446516
64225	2.19387432
54072	2.19358937
56981	2.19323006
8492	2.19312842
677809	2.19312842
100093630	2.19312842
390882	2.19244468
3692	2.19002975
128876	2.19002975
11027	2.18892794
19	2.18885414
57459	2.18884743
5243	2.18880007
118663	2.18868645
56911	2.18865963
9790	2.18753453
154150	2.18729382
729614	2.18718688
9043	2.18697975
100144748	2.18687289
10588	2.18682614
3760	2.18669262
55777	2.18614558
7380	2.1859123
160777	2.18555928
55733	2.18549936
7204	2.18436249
79847	2.18428282
10124	2.18403063
124565	2.18373218
3131	2.18346706
7579	2.18344055
540	2.18199857
56977	2.18178731
56886	2.18151677
147949	2.18075886
11280	2.18029159
84902	2.18017321
57706	2.17947672
5526	2.17938481
285501	2.17874857
83894	2.17830965
23085	2.17825072
167153	2.1781918
83595	2.17732859
54888	2.17697595
9278	2.17685847
9001	2.17612166
53820	2.17500255
5918	2.17447003
23284	2.17412619
8685	2.17400947
9830	2.1734976
23406	2.17319335
4040	2.17279765
169044	2.17259195
91695	2.17249503
123346	2.17213984
124975	2.17192041
2557	2.1718817
3249	2.17130789
100128675	2.17130789
496	2.17122414
10218	2.17119193
654502	2.16954607
57554	2.1689497
65061	2.1686102
2004	2.1678425
79412	2.16742723
124222	2.16742723
6854	2.16717187
348938	2.16714634
58498	2.16706977
2645	2.16706977
375484	2.16686202
154664	2.16684013
140606	2.16611375
55692	2.1659228
2528	2.16583372
2525	2.16583372
25927	2.16549028
646405	2.1650201
3269	2.16415729
55065	2.16317604
23131	2.16305591
389161	2.1626894
9760	2.16159802
677776	2.16156022
54801	2.16156022
10670	2.16156022
283651	2.16133977
5724	2.16101875
51012	2.16025178
114991	2.15974958
10098	2.15967209
59344	2.15958649
284306	2.15908506
117194	2.15860298
5229	2.15852165
256364	2.15832775
115286	2.15808394
157310	2.15787774
10630	2.1577778
54532	2.15756975
9552	2.15709135
29844	2.15677968
26121	2.15677968
84280	2.15598284
4159	2.15595796
2845	2.1558025
27300	2.15557253
51063	2.15465386
255022	2.15465386
253430	2.1541519
114984	2.1539909
55180	2.15394756
204851	2.15376222
127833	2.15354081
1657	2.15304467
143686	2.15263096
204801	2.15237799
91523	2.15226081
140707	2.15225464
728358	2.15170001
142827	2.15166306
84650	2.15145374
284371	2.15113994
57707	2.15099235
29920	2.15059287
81285	2.15001582
140578	2.14921903
84951	2.14895187
143458	2.14761761
155006	2.1472639
729233	2.14725171
29125	2.14698966
56244	2.14582761
57724	2.14577293
84803	2.14500813
51363	2.144996
9842	2.1449293
201175	2.1449293
4197	2.14434761
5136	2.14429311
63934	2.14385741
374383	2.14312617
90768	2.14307183
132204	2.1424263
140803	2.14238843
155051	2.14216112
253769	2.14193224
9267	2.14182988
130749	2.14160117
9951	2.14156507
56967	2.14109002
2703	2.14069955
26115	2.14060349
10396	2.14024944
80119	2.1397938
654341	2.13959611
414060	2.13959611
1479	2.13891385
78986	2.13878829
286183	2.1377374
11322	2.13761218
57179	2.13701638
2949	2.13692113
9315	2.13614798
80741	2.13596382
57731	2.13589849
8549	2.13577973
51230	2.13570256
26148	2.1356254
9826	2.13423294
149499	2.13423294
94134	2.1341383
440567	2.13406142
283871	2.13397864
283870	2.13397864
84059	2.13385449
64396	2.13374221
257629	2.13357087
114	2.13355906
10960	2.13344094
10636	2.13344094
286046	2.1331989
55540	2.13290981
51174	2.13289212
54550	2.13267396
56944	2.13265038
56884	2.13192598
319100	2.13189068
55802	2.13053946
246213	2.13034593
10526	2.13032834
26207	2.12951416
202374	2.12917488
22884	2.12871903
6905	2.12793118
84709	2.12791952
55608	2.12698182
57795	2.12690038
83852	2.1268713
54097	2.12681895
85235	2.1267201
245936	2.12670265
245935	2.12670265
221527	2.12659801
51537	2.1259881
646480	2.12591265
339669	2.12562256
10406	2.12537904
2736	2.12517042
55788	2.1251067
60490	2.12473033
1769	2.12459723
9381	2.12426177
56980	2.12421551
64098	2.12405946
29780	2.12405946
26035	2.12394967
162	2.12371286
56951	2.1227093
207107	2.12262865
503834	2.12208181
8706	2.12200703
3899	2.12151842
2859	2.12125996
56955	2.12072057
51131	2.11995854
339855	2.11995854
64116	2.11862676
9635	2.11812483
5923	2.1176007
7850	2.11701466
197358	2.11683843
59349	2.11629883
51094	2.11629883
3000	2.11625909
9791	2.11623639
8082	2.11599808
344807	2.11599808
342125	2.1159924
54798	2.11580525
7957	2.11562384
11136	2.11539153
114926	2.11517066
6326	2.11474624
7364	2.11396637
84337	2.11200595
23173	2.11191603
219409	2.11191041
120406	2.11175871
28960	2.11089447
6861	2.11088326
352909	2.11088326
79741	2.11066468
9379	2.10966878
150379	2.10919907
55107	2.10899249
25977	2.10827861
6370	2.10820617
54557	2.1080112
51010	2.10729892
158234	2.10729892
5774	2.1067988
27340	2.10651565
9781	2.10595546
150165	2.10586678
57569	2.10529635
100131814	2.10526314
28982	2.1040639
8891	2.10404734
5076	2.10321483
84000	2.1027744
23201	2.10271938
285375	2.10257636
84900	2.10237291
79794	2.10237291
219681	2.10219153
54868	2.10216955
4650	2.1019608
120	2.1012474
5558	2.10113227
80235	2.10103909
91828	2.10067753
440585	2.10051875
11157	2.10042023
143282	2.09988423
130813	2.09920698
57418	2.09905965
22877	2.09816041
2218	2.09798622
283601	2.09762175
781	2.09748583
55773	2.09720869
22868	2.09698602
7783	2.09514386
200159	2.09486821
60494	2.09473315
64285	2.09432822
153201	2.09427966
64097	2.09374579
84125	2.09348718
3112	2.0934064
79048	2.09337947
390148	2.09280369
128372	2.09223941
171425	2.0921159
10365	2.09210516
55272	2.0920998
1421	2.0919978
83605	2.09175632
283050	2.0914024
27128	2.09116661
10082	2.0910809
64399	2.09072218
4884	2.09067937
51227	2.09041723
129880	2.09041723
84807	2.09039049
346525	2.08980263
54714	2.08925823
51759	2.08866125
4057	2.08813956
58512	2.08800126
51108	2.08754411
10261	2.08754411
339745	2.08746974
9749	2.08741131
2974	2.0873582
441204	2.08723608
8419	2.08717768
9811	2.08704499
119548	2.08700254
768097	2.08663126
1620	2.08617026
117248	2.08542944
80243	2.0849433
55176	2.08455795
55225	2.08446826
6527	2.08440496
55790	2.08438386
256764	2.08436277
10279	2.08406225
4967	2.08336184
8567	2.08310708
5362	2.08289904
646486	2.08288327
26534	2.08259953
170394	2.08215328
26031	2.08173894
84276	2.08163411
6988	2.08163411
275	2.08163411
131890	2.08143499
84066	2.08140356
3010	2.08004896
29887	2.07937585
57186	2.07875585
389384	2.07824592
401152	2.07811593
10873	2.07799637
57510	2.07777294
7593	2.07725379
65996	2.07725379
79097	2.07694259
146852	2.07691667
81470	2.07651247
5066	2.0761604
57670	2.07607243
84767	2.07602586
22895	2.07596378
83856	2.07584999
201931	2.07500265
388336	2.07377077
23291	2.07366784
140862	2.07360095
5427	2.07349292
85476	2.07315357
56925	2.07315357
93663	2.07229609
8842	2.07182955
4883	2.07143517
57446	2.07043804
168507	2.07015721
55074	2.06951963
4009	2.06937694
2864	2.06934127
443	2.0693158
84680	2.06902551
7490	2.06857773
84164	2.0678206
10213	2.06688237
2626	2.0666494
245973	2.06644691
9730	2.06619394
3381	2.06618383
148789	2.06615348
140870	2.06586024
81608	2.06581773
22901	2.06573896
57562	2.06477497
6446	2.06429599
148418	2.064256
114822	2.06394895
23023	2.06366222
152118	2.06359183
64328	2.06343097
145567	2.06334051
91703	2.06313454
347853	2.06313454
6564	2.06272791
593	2.06247208
374907	2.06247208
145781	2.06234171
4547	2.06201096
84700	2.06144025
90864	2.06036595
197342	2.06036595
10101	2.06036595
602	2.06017136
116449	2.05997187
129401	2.05836933
390066	2.05771409
374354	2.05709451
11328	2.0564214
54979	2.05618409
11145	2.05618409
11176	2.05601112
89766	2.05586293
54852	2.05581848
403253	2.0558086
127540	2.05579872
3960	2.05576416
3191	2.05576416
3090	2.05570984
8818	2.0552953
138429	2.0552953
54084	2.05524598
386680	2.05524598
386674	2.05524598
387990	2.05481217
27004	2.05426068
64430	2.05374429
10062	2.05371972
144193	2.05370497
120935	2.05370497
58986	2.05318434
100134368	2.05318434
10215	2.05315489
55614	2.05290463
23539	2.05288991
170392	2.05257608
63926	2.05248786
26240	2.05226737
55744	2.05195889
6812	2.05172889
10129	2.0516604
256380	2.05139634
79863	2.05093706
386685	2.05043436
57696	2.05029293
1967	2.05029293
8462	2.04952805
85013	2.0488617
50615	2.04840509
9686	2.04824005
221935	2.04775985
374470	2.04775016
387097	2.04774046
3385	2.04740611
64284	2.04671883
9914	2.04659794
1395	2.04658827
84504	2.04641909
644414	2.04603263
3839	2.04587814
9516	2.04583439
65981	2.04509208
51097	2.04392766
11153	2.0437451
57140	2.04362504
133022	2.04333702
54812	2.0421438
91646	2.04197633
400242	2.0415269
23405	2.0415269
2874	2.04150779
2044	2.04118297
57576	2.0407439
8740	2.0405293
140823	2.04044349
284612	2.03994326
127002	2.03994326
6119	2.03973857
8459	2.03959107
10725	2.03933899
51608	2.03912033
23353	2.03912033
79971	2.03902054
389400	2.03874506
6044	2.03844603
574040	2.03844603
54977	2.03844603
285045	2.03819462
160728	2.03811875
283856	2.03795283
149466	2.03702015
128218	2.03702015
58524	2.03700123
26122	2.03667504
643160	2.0359479
85449	2.03584412
256435	2.03511837
8605	2.03506187
4050	2.03372213
55571	2.03349221
55253	2.03289216
692205	2.03278911
51585	2.03237247
58497	2.03225083
149428	2.03225083
84256	2.03170388
9697	2.03160579
25816	2.03148903
337979	2.03139565
337968	2.03139565
337967	2.03139565
79669	2.03087309
64149	2.03060273
162494	2.03060273
7873	2.03037445
440799	2.03001596
23250	2.02987637
491	2.02963917
221303	2.02942999
79807	2.02941605
55315	2.02934634
92949	2.02896549
26019	2.02862672
4322	2.02850149
122704	2.02831603
4923	2.0279083
54914	2.02776938
1406	2.02742229
30811	2.02719568
160897	2.02693221
646603	2.02629501
10564	2.02564492
29094	2.0254791
400165	2.02545147
53918	2.02541923
25941	2.02517065
55174	2.02478884
64900	2.02474286
26289	2.02432469
84433	2.02397575
80256	2.02392068
80099	2.02389774
10363	2.02383809
7589	2.02334287
7586	2.02334287
3985	2.02332912
54708	2.02260567
1961	2.02140411
89782	2.02139955
84223	2.02139955
255967	2.02116237
7024	2.02111678
727897	2.01961934
4586	2.01961934
57507	2.01959208
7982	2.01911529
51155	2.01904268
30833	2.01904268
23369	2.01903815
23527	2.01902907
9247	2.01885215
7551	2.01869796
6652	2.01866623
3140	2.01839429
10944	2.01754785
118881	2.01702813
8496	2.01680236
23114	2.01521624
114884	2.01498241
644186	2.01459149
23507	2.01445677
384	2.014358
170622	2.0139497
10008	2.01380622
323	2.01309397
282770	2.01285681
55959	2.01260637
57514	2.01242757
305	2.01239629
391123	2.01211486
284677	2.01211486
25790	2.01211486
10404	2.01191841
57468	2.01188716
1440	2.01118251
100113390	2.01118251
10518	2.01087068
5145	2.01071931
389799	2.01027439
8934	2.01025215
29091	2.0100921
118611	2.00949687
54429	2.00929273
339967	2.0088803
79906	2.00835313
100129534	2.00835313
92797	2.00756579
64167	2.00747741
54815	2.00658582
375316	2.006577
2734	2.00566085
79870	2.0054629
10018	2.00540133
64405	2.00494864
60489	2.00441306
164668	2.00441306
29928	2.00435603
29	2.00435603
154743	2.00388691
6320	2.00358465
340120	2.00301576
57139	2.00297203
26136	2.00218565
282974	2.0021551
6480	2.00187585
58527	2.0013484
96459	2.00132227
85391	2.00130484
85390	2.00130484
85389	2.00130484
150094	2.00075633
56649	2.00051277
54991	0.
