100048912	31.33441901
4507	29.64397414
1029	28.38209866
1030	27.85392941
351	18.55369499
4018	14.44638757
6597	13.40618961
4869	11.60882376
65065	11.49877825
79800	11.42144613
1282	11.2512749
221692	11.21968269
130026	10.75756352
1284	10.43787417
55759	10.35163999
6678	10.33557513
6943	10.33348202
5781	9.91109638
1024	9.66144557
84722	9.53910216
1952	9.53910216
2099	9.40037687
2335	9.38033515
7145	9.35883159
8613	9.2473346
2983	9.17179311
8882	9.09582563
84811	9.09582563
51530	8.65364703
1290	8.54717361
11173	8.38615818
5340	8.3556825
5501	8.27292679
80724	8.12374737
6311	8.08340106
4088	8.04108352
4193	7.94003037
686	7.73282827
26061	7.73282827
1956	7.65332393
136991	7.6450036
3459	7.61356678
22808	7.47625353
4633	7.39645502
84129	7.39324537
64241	7.38528897
64240	7.38528897
10858	7.34326504
1508	7.3393586
4023	7.24491582
1398	7.24099436
3685	7.23873829
347736	7.21319806
154089	7.20551195
1119	7.1252916
1143	7.06348626
558	7.05296634
217	7.01015374
28	6.9625735
5478	6.95480046
1909	6.95367375
8315	6.93843704
4833	6.89951584
8850	6.86917165
302	6.85130731
2066	6.84938525
3178	6.84789835
10743	6.82152446
2321	6.77460537
23294	6.73035464
3988	6.73001673
9425	6.71785996
7436	6.71214612
6720	6.63973638
4811	6.59961541
2200	6.59206135
6581	6.5871662
9564	6.58407189
84439	6.57348874
6687	6.56858655
4323	6.56252384
6598	6.52729951
7075	6.52704267
9252	6.48954671
3146	6.4328725
27185	6.42656439
7181	6.41700617
1026	6.40478601
65264	6.36796168
2982	6.36390191
51802	6.3419886
1586	6.32244133
54715	6.30005265
2648	6.29108801
2207	6.28705606
23293	6.28399666
10659	6.27850385
800	6.26240203
7068	6.23408785
9439	6.22459856
6095	6.20743946
6310	6.17618436
6097	6.17315406
1286	6.16262058
64757	6.12973292
10919	6.12024145
23180	6.09624174
116519	6.08990945
7010	6.08812775
8550	6.07817608
8673	6.05570308
79940	6.04769199
283450	6.03385827
10906	6.03385827
1350	6.01314643
8554	6.00121118
1592	5.99924524
4724	5.99132922
996	5.96901463
3077	5.96835342
57404	5.92512763
7422	5.9210045
11100	5.91016618
2103	5.89344649
2959	5.89073802
56479	5.88380838
5045	5.8823438
5092	5.86775056
6836	5.86012091
169436	5.86012091
5008	5.85405759
2977	5.8467915
1520	5.84499232
5125	5.83341603
54805	5.83268267
3716	5.81504713
81565	5.81159912
7040	5.77653764
26095	5.77413293
54820	5.76723318
87	5.75639531
5071	5.75046335
23316	5.74472749
26469	5.7432294
35	5.73088863
1436	5.70731552
3621	5.69407396
3382	5.68435874
3135	5.67182022
5328	5.66735648
10524	5.66418594
3609	5.65863056
25802	5.65087532
80350	5.64589156
6927	5.64589156
10019	5.63412405
4803	5.6316148
5937	5.62354268
55848	5.61704412
23026	5.59875058
1825	5.58792578
26960	5.5688068
1071	5.56692906
57787	5.56081939
54462	5.54114521
5829	5.53331298
1373	5.51952186
7917	5.51014216
4629	5.50582294
3635	5.49214413
253559	5.49079748
57608	5.4867824
10642	5.48086131
6654	5.47705923
1347	5.4756747
55967	5.47443732
56899	5.46467874
51586	5.45866127
25959	5.45852092
7416	5.4497599
718	5.41761754
3949	5.40816712
1080	5.4009264
10293	5.39875517
80018	5.38510278
4486	5.37948212
3921	5.37682041
3091	5.37652967
23092	5.36777146
6484	5.35654732
26275	5.35553426
9159	5.34970895
3312	5.3435568
8841	5.34286244
11267	5.3400838
857	5.33951115
6096	5.33394638
1513	5.33079299
112858	5.32560087
57178	5.31643775
3694	5.30827814
55785	5.28399666
4085	5.27964583
7037	5.27732828
65125	5.27605423
5054	5.27587687
1615	5.27360154
169792	5.27245874
57412	5.27164622
119032	5.27164622
4734	5.26370773
1824	5.26032646
6582	5.26003733
55062	5.25844225
6137	5.24756573
345062	5.24745277
9509	5.24010436
1488	5.2359429
9768	5.23495549
3690	5.23234272
3107	5.23219595
3106	5.23219595
5878	5.23088586
10791	5.22662172
54886	5.22573243
3993	5.22548303
29123	5.22257318
25902	5.2215732
8829	5.22022021
11140	5.21343802
6160	5.20956528
8645	5.20823932
6217	5.20193281
3134	5.19700084
1588	5.18894723
90324	5.18442225
1158	5.1834595
84630	5.18186979
23564	5.17798699
4217	5.17057101
8638	5.15926677
64897	5.15926677
57053	5.15908038
6876	5.15846345
2122	5.15519671
1823	5.14366544
10428	5.13445714
89848	5.11978098
1278	5.11924602
10498	5.11519913
3014	5.10545621
2108	5.1029615
11094	5.09159912
5228	5.08850332
3434	5.08186324
4306	5.07339739
1780	5.07123206
2272	5.06443706
3437	5.05986549
4143	5.05703566
23048	5.05635668
9601	5.05295594
146691	5.05066017
196051	5.03901628
7410	5.03566305
6234	5.03402159
57153	5.03267881
317749	5.0306983
25942	5.01939213
9376	5.01689467
40	5.01195159
55346	5.01088997
2289	5.00545133
11182	5.00118828
1805	5.00092375
6908	4.99661262
2967	4.99197134
1876	4.97998701
6631	4.96996125
3122	4.96697905
388389	4.96657624
2670	4.96657624
27303	4.9596435
80736	4.95860731
4758	4.95860731
6175	4.95429627
23028	4.95228296
3990	4.95115677
23022	4.94776073
55660	4.94635316
56288	4.93897152
3693	4.93780479
89894	4.92811799
22978	4.92811799
63943	4.92108673
6222	4.91824353
54838	4.91721463
9734	4.91027515
373509	4.90884842
9815	4.90657831
6614	4.90547468
6128	4.90444883
1600	4.9041541
64778	4.90177356
50863	4.89976629
257194	4.89619628
5027	4.89152663
54509	4.8884579
23468	4.88754734
716	4.88630036
56954	4.88579105
1993	4.88437415
7916	4.87106229
6954	4.8685607
919	4.86728878
4325	4.86345463
83450	4.86327943
152273	4.86152
9444	4.86061166
4862	4.85786594
83795	4.85759538
8874	4.85441093
858	4.85221866
26084	4.85078089
1562	4.83734412
1557	4.83734412
64083	4.83710326
2695	4.83268267
7534	4.83038161
51170	4.82447767
6938	4.82178512
84260	4.81815641
51444	4.81733949
3680	4.81595466
7915	4.81298845
84458	4.81101153
5159	4.80570061
9051	4.80442689
400073	4.80392319
2222	4.80197414
5184	4.80134919
148206	4.79860288
4599	4.79156058
9570	4.7878124
649	4.78515615
26330	4.78252449
51715	4.78213175
8379	4.77989191
1264	4.77561209
353	4.77256334
23304	4.77185077
654	4.76416814
79876	4.76182258
5873	4.75810901
112950	4.7576803
414236	4.75696195
4144	4.75063169
4701	4.7499403
114134	4.74599639
5602	4.74540867
7629	4.74472749
5789	4.74425205
1794	4.74369313
10961	4.74232143
54014	4.73397001
10284	4.73027078
10544	4.72882316
57604	4.72507293
2492	4.71896663
8543	4.71386984
255738	4.71030102
10959	4.70705146
1123	4.69865056
51763	4.6968954
2012	4.69680394
1434	4.69655938
1655	4.69578187
2191	4.69069985
124491	4.68824614
9839	4.68300202
201191	4.68255176
341	4.67358527
2042	4.66989133
10291	4.66414352
9559	4.6636034
3827	4.66173316
339398	4.65364703
6580	4.65090003
6583	4.64398613
27030	4.64253621
55204	4.63638802
7104	4.63529845
84072	4.63078414
871	4.62776469
51752	4.62649998
57705	4.62563325
606500	4.62342304
23389	4.61897292
254251	4.61439373
150864	4.61439373
10825	4.61285288
10180	4.60873526
151888	4.60556082
26047	4.60108986
201501	4.60104561
22931	4.60089166
51776	4.60050722
9862	4.5997169
23705	4.59934758
344758	4.59687948
222484	4.59626205
1400	4.59369327
6196	4.59219898
6925	4.5912772
54887	4.59006688
392979	4.59006688
22891	4.58967209
3689	4.58935522
56252	4.58004425
10181	4.5796791
1378	4.57799253
9015	4.57685883
339047	4.57675413
256471	4.57420703
54507	4.57174797
58472	4.57148595
220972	4.57072667
9943	4.56993919
10893	4.5676061
64866	4.56646517
2549	4.5636581
146713	4.56187373
11093	4.56066731
9525	4.56012742
57537	4.5559552
3066	4.55586395
1630	4.55449164
4214	4.5526878
54435	4.54821356
5327	4.54735855
2720	4.54456024
83850	4.54303423
6405	4.54284136
6251	4.53571604
1002	4.53547777
9515	4.53507046
1139	4.53475863
7704	4.53148506
9482	4.53028245
8125	4.52755631
8766	4.52008749
509	4.51715818
8887	4.51712642
32	4.51247723
10449	4.50318649
50484	4.50168945
5800	4.4995058
5049	4.49950541
9013	4.49459425
5336	4.49266989
6916	4.49180135
1793	4.48945499
26032	4.48585997
1576	4.48071962
114132	4.47797773
79012	4.47625353
7295	4.47495519
7273	4.46772142
440387	4.46510049
1504	4.46510049
10868	4.46258167
51378	4.46207321
80739	4.45833517
199	4.45239795
2139	4.44855
57685	4.44836473
118980	4.44600127
9759	4.44348482
10972	4.44158355
51684	4.43811687
91647	4.43062609
79018	4.43062609
51196	4.43062609
4628	4.43040045
1081	4.42407806
8451	4.42211362
388394	4.4202164
2242	4.41649319
165	4.41600089
29766	4.4142001
64151	4.4134127
2232	4.41271029
4216	4.41151384
629	4.41088765
1124	4.4104718
4137	4.40964538
29993	4.40677009
25758	4.40671393
11018	4.40607419
383	4.40485817
9644	4.40450378
2903	4.40230481
5890	4.39685563
5796	4.39549186
1785	4.39487335
5069	4.39397605
221656	4.39051105
7837	4.39048934
7844	4.39042369
1145	4.38883434
991	4.38754429
9901	4.38730849
1491	4.3855658
7511	4.38456317
253260	4.37373059
1937	4.36690298
7074	4.36387366
6542	4.36268101
10946	4.3613657
2882	4.36051351
84888	4.35380023
6048	4.35057215
11155	4.34775366
8892	4.34459756
1512	4.33534936
7099	4.33467333
400043	4.33441901
80206	4.33066973
57466	4.32975415
8624	4.32805835
170690	4.32719176
354	4.3266353
4155	4.32335668
9124	4.32241116
5048	4.32150587
3570	4.31515464
6857	4.31319071
93986	4.31284776
3083	4.31162838
170691	4.31107722
5583	4.30856617
1012	4.30480489
727677	4.30451832
8563	4.30410108
23503	4.30336374
23382	4.30114815
286144	4.29242982
51652	4.29106482
28316	4.28893115
64902	4.28808961
9869	4.287421
63826	4.2873503
10413	4.28413144
9441	4.28409566
1523	4.28329679
25992	4.27736608
4481	4.27470548
643414	4.2737236
3784	4.27260004
2014	4.27239758
63893	4.26914802
51244	4.26680273
55705	4.26520017
8556	4.26053966
54477	4.2605303
647946	4.25806092
144455	4.25806092
55588	4.25603068
6584	4.25434765
5914	4.24529209
84293	4.24488773
501	4.2421623
2677	4.23882419
29126	4.23806784
55090	4.23614322
345275	4.23419561
4627	4.23265089
1877	4.23095099
126402	4.22694531
57794	4.22560367
2354	4.22467644
63976	4.22428064
283571	4.21896306
83657	4.21681131
338	4.2158331
5663	4.21382589
83539	4.21179038
149998	4.21114135
23546	4.20651512
57703	4.20483661
1463	4.20181557
10241	4.20091844
5581	4.20065945
55729	4.19938913
130367	4.19728951
1292	4.19662616
5536	4.19178903
63940	4.19129275
343263	4.19111413
55656	4.18911918
2533	4.18865949
3480	4.18441871
10146	4.18309766
1327	4.18266004
4660	4.18087063
3326	4.18013001
8178	4.17860285
5794	4.17624392
22796	4.17132119
771	4.1706948
219541	4.17052946
4320	4.16642003
5819	4.1655793
3172	4.16506819
55274	4.16308451
10622	4.16115091
54876	4.15676722
10253	4.15558616
80333	4.15181088
79991	4.14996674
51534	4.14935376
55243	4.14874165
11060	4.14605997
4728	4.1451651
1380	4.14448084
949	4.1414628
57616	4.1408617
10395	4.13948902
80380	4.13906338
109	4.13894161
53981	4.1363718
144717	4.13371266
9778	4.12894546
8027	4.12800481
57403	4.12427088
4689	4.12123157
5947	4.11903132
54897	4.11861534
89866	4.11690664
22944	4.11437304
160760	4.11294562
144715	4.11294562
51310	4.11228427
514	4.1112956
144100	4.1079054
3084	4.10697068
10599	4.10182352
5460	4.09369123
516	4.09366496
140628	4.09223631
2894	4.08706234
4099	4.08435513
10236	4.08152089
84329	4.07987667
51168	4.07987667
7088	4.07761926
401546	4.06854213
266722	4.06465808
10073	4.06423987
9370	4.06318311
144348	4.06298389
140885	4.06082038
7430	4.06047206
79648	4.06045276
3356	4.05957234
3843	4.05811201
10201	4.05703713
54842	4.0540393
222235	4.05354773
4330	4.05158703
10	4.04383157
196410	4.04099558
3738	4.04036197
1891	4.03852563
7042	4.03833716
28232	4.03011836
2588	4.02758135
5787	4.0258515
154075	4.02502801
9378	4.02349347
57644	4.0226338
54472	4.01749258
64771	4.01592297
2104	4.01473447
6301	4.0120708
145837	4.01188716
9612	4.00890992
10466	4.00868956
9868	4.00696573
717	4.00363561
11236	3.99810246
5791	3.99572371
57492	3.99554881
51071	3.99359473
8801	3.99351692
26058	3.99334421
1809	3.98932032
4604	3.98929709
5795	3.98928946
23053	3.98791677
83732	3.98547946
255809	3.98547946
9388	3.98492759
114793	3.98464024
2114	3.98294135
6696	3.9814263
481	3.98005332
29922	3.98005332
55741	3.97798426
2895	3.9740285
122786	3.97387548
5573	3.97296806
10085	3.97282606
8735	3.97246838
136242	3.97095818
23317	3.96940028
2029	3.96940028
3818	3.96205187
54828	3.96177736
83988	3.96159922
25861	3.96158984
283514	3.96142836
80023	3.95900231
2890	3.95573809
23149	3.95272513
8607	3.94929602
2760	3.94817689
26133	3.94787834
1819	3.94423954
7148	3.94280896
649853	3.94157398
10255	3.94157398
3184	3.94102214
8416	3.94101583
84444	3.94005811
340198	3.93854752
285830	3.93854752
4720	3.93611934
149345	3.92922354
23105	3.92811799
6369	3.92118082
5618	3.91939522
83547	3.91762562
10152	3.91470942
27445	3.91149106
3717	3.91137057
8502	3.90559162
81619	3.90517962
5654	3.90502179
5742	3.90483052
22986	3.90242513
85379	3.90239567
389432	3.90228582
9873	3.90138602
1761	3.89962945
10985	3.89550362
2167	3.89533374
55534	3.89224941
158038	3.89041455
8500	3.88911522
9353	3.88873749
336	3.88666032
10901	3.88172128
56896	3.88098682
2121	3.87778412
3628	3.87637173
2538	3.87611726
56952	3.87400328
339896	3.8728952
10752	3.87031011
4046	3.86842517
54984	3.86565905
23608	3.86393602
90139	3.86346943
89796	3.86201327
3568	3.86016236
9584	3.85868356
160762	3.85792354
5970	3.85779049
8626	3.85752761
252969	3.8569852
22824	3.85565155
51560	3.85554184
6871	3.85537859
25852	3.85263289
9121	3.85059786
26112	3.85037936
84898	3.84972374
5087	3.84937815
121665	3.84893675
3554	3.84771166
10753	3.84649001
84166	3.84496777
2308	3.84493024
9933	3.84405698
10818	3.8440566
6318	3.84158568
6317	3.84158568
1758	3.84120571
84970	3.83654045
2762	3.83654045
26258	3.83594471
9587	3.83425967
5550	3.82665873
202333	3.82473989
51301	3.82448819
10690	3.82304102
1105	3.82271391
8204	3.82132869
401409	3.81730202
9223	3.81704924
84302	3.81530857
117583	3.8124166
158326	3.81136447
5175	3.81050969
84154	3.80772464
4224	3.80587137
29113	3.804931
170679	3.804931
1041	3.804931
57620	3.80489156
10278	3.80393884
26039	3.80377767
4774	3.80157274
79783	3.80134291
3189	3.79597815
715	3.79560867
91522	3.7948519
88455	3.79479564
140733	3.79309761
23266	3.79190045
3359	3.79168404
5218	3.78846725
4025	3.7883456
5275	3.7835258
84077	3.78304279
114792	3.78238479
2740	3.78229407
64478	3.78067749
79899	3.78015361
81603	3.77977015
6291	3.77945964
8495	3.77884668
55313	3.77728353
5156	3.77463949
23359	3.77365791
5104	3.77280655
51225	3.77218274
79637	3.77008769
2898	3.76895062
3757	3.76879201
288	3.76869573
25817	3.76853041
64754	3.76725794
5021	3.76624264
389383	3.7652297
93649	3.76238343
2863	3.76170293
4026	3.76145532
89822	3.76048458
256691	3.75995023
5799	3.75928049
51092	3.75920123
7103	3.7585249
51255	3.75820457
129303	3.75820457
23132	3.75635694
26063	3.75473416
6514	3.75356526
83758	3.75227217
51279	3.75227217
283314	3.75227217
130733	3.75153628
81567	3.74763249
933	3.74762973
83483	3.74761325
100131897	3.74496884
5420	3.7414853
1192	3.73966802
58477	3.73599723
7027	3.73561261
1814	3.73518218
9172	3.73421362
5939	3.73320765
284076	3.73235902
26959	3.73212458
5793	3.72728134
4624	3.72679134
5567	3.72642446
3786	3.72600353
4166	3.72584215
27086	3.72540066
89838	3.72330847
161725	3.72330847
23240	3.72307887
442721	3.72236202
9630	3.7198771
221458	3.71828503
9134	3.71568962
197259	3.71308174
63925	3.71108039
9891	3.71084008
441027	3.71077408
78992	3.70929776
55747	3.70752241
100132929	3.70752241
943	3.70728902
9261	3.70658758
4352	3.70231679
146395	3.70202076
83891	3.69918721
653	3.69784181
4855	3.69530581
5797	3.69499759
6014	3.6940157
7113	3.69400479
1312	3.69306072
2905	3.6921874
6753	3.69122223
114904	3.69122223
11077	3.68973163
100113384	3.68973163
133383	3.68824614
30820	3.68823912
5961	3.68782264
94030	3.68684942
6891	3.68611079
10451	3.68402965
2891	3.6802231
83479	3.67964597
3675	3.67860533
1908	3.67845395
80036	3.67778071
1946	3.67667189
81027	3.67573016
55133	3.67530609
23024	3.67485685
10933	3.67291159
84315	3.67182434
55260	3.66958623
23523	3.66887819
644815	3.66880047
25837	3.66695511
23499	3.66635124
6397	3.66501572
91754	3.66254838
4016	3.66159792
22807	3.66114525
11122	3.66114525
79693	3.65896137
149175	3.65896137
6793	3.65856548
147429	3.65482238
56833	3.65424245
221895	3.65364703
284297	3.65168722
860	3.65112842
5064	3.64608377
51741	3.64563022
10809	3.64392842
3783	3.64380138
1008	3.64265347
27292	3.64179003
55691	3.6411138
6892	3.64003674
83992	3.638839
25791	3.63819121
79091	3.63657607
8658	3.63640494
23137	3.63638802
30834	3.63626694
10186	3.63482685
338567	3.63400233
6585	3.633923
130399	3.63176705
4594	3.63174008
729440	3.63059859
7525	3.63035017
3914	3.63005732
55843	3.63004239
27031	3.62930191
3433	3.62667125
63915	3.62589762
55603	3.62566572
658	3.62533525
9173	3.62315358
6340	3.62305824
54822	3.62269375
2671	3.62244404
1016	3.62205889
81553	3.62015082
10529	3.61564659
3556	3.61503122
57572	3.61421504
23130	3.61380088
7782	3.6130552
7840	3.6129663
990	3.61190464
87178	3.61102396
10234	3.61047953
7484	3.60924147
1493	3.60883396
7136	3.60838506
9037	3.6083593
23601	3.60764991
102	3.60700083
80833	3.60258146
3912	3.60017186
3394	3.59968765
7772	3.59825492
80868	3.59465364
80867	3.59465364
3136	3.59465364
6009	3.59331351
6647	3.59209946
55585	3.59196596
9229	3.59133457
11062	3.58939146
2150	3.58879758
54982	3.58737148
5578	3.58678259
9033	3.58319313
8622	3.58219628
9448	3.58133904
3145	3.5780836
4928	3.57453463
7849	3.57440749
1906	3.57403904
23770	3.57300104
6263	3.57127391
56034	3.57098529
26003	3.57095996
1795	3.56903106
128553	3.56799331
374308	3.56687048
51564	3.56560847
29956	3.56415563
9374	3.55830486
80863	3.55830486
2202	3.55616795
5371	3.55514335
29925	3.55460676
5893	3.55284197
6289	3.55141696
6546	3.55067591
5239	3.550635
6586	3.55004523
2160	3.54714066
825	3.54638913
8997	3.54505406
79612	3.54418788
55016	3.54324421
1009	3.54289639
4121	3.5426687
6941	3.54218459
147372	3.54181556
9846	3.54178582
338799	3.54166437
144404	3.54166437
200909	3.53840401
85363	3.53664978
4353	3.53583121
84833	3.53524828
65055	3.53461715
55168	3.53150498
2555	3.53120974
10656	3.53042912
645840	3.53032523
121256	3.52914868
417	3.52782885
55082	3.5259295
29119	3.52592901
3660	3.52518206
765	3.52436165
5241	3.52174534
1500	3.52137923
9215	3.51999306
65059	3.51612755
1870	3.51593357
8128	3.5159008
53353	3.51399891
783	3.51286162
23037	3.51159031
10435	3.50995752
57167	3.50933935
353174	3.505718
3248	3.5034153
768211	3.50127603
22871	3.50025324
1439	3.49991297
2861	3.49942524
146310	3.4991843
1549	3.49873032
55024	3.49736592
831	3.49716336
148281	3.49702694
29988	3.49377245
7029	3.49350457
4052	3.49228954
64081	3.49133042
51778	3.49120586
221981	3.49093195
57524	3.48881814
151742	3.48869205
51735	3.48859019
9938	3.48651604
9672	3.48445911
10915	3.48337338
23414	3.4832003
2900	3.48295552
2669	3.48147885
7275	3.48082854
114805	3.48056581
6000	3.47886192
2036	3.4784418
4645	3.47548009
51750	3.47443694
91526	3.47421042
84639	3.47218842
2074	3.47063406
10587	3.46937482
54662	3.46876343
7941	3.46847206
4170	3.46819506
2241	3.4645793
80864	3.46436379
7798	3.4643262
84190	3.46344156
29080	3.46344156
84624	3.46293686
55201	3.46293686
83787	3.46142627
5172	3.46017144
5190	3.45933812
29904	3.45931099
23076	3.45879531
11098	3.45793946
5688	3.45772158
8809	3.45705345
55612	3.45555986
1305	3.45449102
9577	3.45321065
10400	3.45087407
152065	3.44842803
10160	3.44830608
285440	3.44759951
4149	3.44700814
342184	3.44611697
10554	3.44611697
10130	3.44599499
2802	3.44506492
378465	3.44466367
64077	3.44442193
4751	3.44421061
152485	3.43913731
7709	3.43884676
79627	3.43877932
4436	3.43714337
6431	3.43474266
64072	3.4346245
8871	3.43347422
7162	3.42320035
80854	3.41826841
27129	3.41541405
2275	3.4134827
92291	3.41338964
2897	3.41224247
50617	3.40682474
56938	3.40519627
55679	3.40140466
153090	3.40055362
1743	3.40044389
57282	3.39989874
91860	3.39631445
57824	3.39383369
8808	3.39341064
6833	3.39316411
54997	3.39314492
54918	3.39294206
8509	3.39233056
399665	3.39200914
29775	3.39003456
8480	3.38792817
26040	3.38700434
8514	3.38607008
56895	3.38573571
8876	3.38552463
58504	3.38531366
79026	3.38520329
64651	3.38510278
53335	3.38436553
9100	3.38359725
4685	3.38268507
22844	3.3819519
4199	3.38174266
9450	3.38168319
3483	3.37973413
5532	3.37813841
386617	3.37809704
55109	3.37799624
6444	3.37788964
132	3.37633729
161931	3.376234
123872	3.376234
8648	3.37560869
202459	3.37551164
56006	3.37468755
55818	3.37448177
50650	3.37448177
55568	3.37283905
113146	3.37130883
221662	3.37041352
57509	3.36948878
49855	3.36865771
10397	3.36861182
10285	3.36794783
12	3.36433809
11214	3.36421476
79600	3.36411431
57453	3.36291073
7803	3.36242294
63877	3.36171046
94086	3.36161059
79132	3.36161059
51082	3.36111158
10555	3.36020411
83696	3.35971737
8508	3.35835758
27034	3.35657297
64411	3.35460472
22982	3.35320431
7770	3.35289044
387715	3.3528127
728723	3.35251923
253782	3.35069544
64772	3.34978965
6337	3.3487354
3020	3.34737995
25801	3.34733334
11030	3.34704539
9362	3.34670658
5142	3.34491437
861	3.34480155
1740	3.34415015
54928	3.34409358
8499	3.3436094
55247	3.34275969
83694	3.34227505
5818	3.34125124
10171	3.34055922
84665	3.33833575
941	3.3355117
53358	3.33519261
23544	3.3346672
84231	3.3342371
21	3.33180052
23094	3.33105527
23167	3.33031129
8618	3.32956859
7447	3.32935418
3633	3.32808699
253461	3.32734808
55509	3.32513886
25862	3.32357486
9632	3.3225874
79834	3.32192932
1806	3.31991815
405	3.31952888
22826	3.31860534
440396	3.31722335
4059	3.31590256
26018	3.31572593
56267	3.31240021
3659	3.31124767
2822	3.31077996
8872	3.30913256
23216	3.30891851
284900	3.30856485
23760	3.30856485
51290	3.30847648
83893	3.30821148
122618	3.30680085
1808	3.30664905
57521	3.30648345
6262	3.30574589
51111	3.30425572
10207	3.30406094
22941	3.30381841
121601	3.30233484
80740	3.30137757
79136	3.30137757
58530	3.30137757
259215	3.30137757
7223	3.30111686
4858	3.29897449
9148	3.29851836
285613	3.2974833
10631	3.29482076
9219	3.29401867
9874	3.29310856
645993	3.29242982
1607	3.29064522
10476	3.2891635
3240	3.28866621
55809	3.28819277
79853	3.28810845
55937	3.28617358
10621	3.28595428
2917	3.28575409
53347	3.28442067
221078	3.28418619
64798	3.28377801
8440	3.28321299
57699	3.28158136
27020	3.28124927
495	3.28075738
26036	3.2807516
5753	3.28038042
1281	3.27889278
29888	3.27637639
83959	3.27629811
3704	3.27629811
2022	3.27613824
791115	3.27605202
9463	3.27329867
4124	3.27129125
285834	3.27075419
60312	3.26976275
85461	3.26536016
2559	3.26464067
7143	3.26429399
54476	3.26394006
57451	3.26368319
4300	3.26288738
5968	3.26161588
63935	3.2612987
883	3.26114396
83938	3.2607442
3778	3.26058299
9744	3.25977633
28996	3.25829702
993	3.25818933
10333	3.2579036
390077	3.25680392
51184	3.25654383
199786	3.25633213
135946	3.25617678
129446	3.25565985
1548	3.25557126
9077	3.25464527
818	3.25359936
2567	3.25344364
57125	3.25292822
23008	3.25282133
55022	3.25072759
9537	3.24918316
10512	3.2487209
23213	3.24859307
23178	3.24841299
5101	3.24756739
10312	3.24703013
10430	3.24664679
162282	3.24611067
6525	3.24577403
7132	3.24572813
388324	3.24450627
23125	3.24450627
375567	3.24443002
4978	3.24427756
114784	3.24357849
5164	3.24328784
287	3.24250546
79677	3.24206447
55905	3.24099022
92689	3.24048324
56995	3.24003014
389206	3.23920069
11031	3.23849768
50861	3.23807216
127731	3.23709647
23504	3.2367967
23090	3.2367967
3790	3.23158391
5587	3.23056642
55973	3.22951619
6847	3.22940838
85352	3.22892722
79731	3.22865217
4548	3.22805583
9788	3.22692731
2149	3.22258992
220202	3.2224282
5519	3.22198139
93974	3.22175641
5139	3.22163166
9496	3.22148699
63982	3.22033137
5129	3.22019193
9465	3.21953867
10392	3.21953867
29087	3.21943427
65997	3.21774243
152579	3.21774243
4312	3.21680075
5089	3.21679664
121260	3.216025
254428	3.21566805
23054	3.21485723
3705	3.21467016
170384	3.21373692
55799	3.21346152
4282	3.21055993
83447	3.20971484
8110	3.20893903
80341	3.20800468
128859	3.20800468
654433	3.2078185
5245	3.20748247
7750	3.20725009
93233	3.20593042
163071	3.20593042
22954	3.20534932
6708	3.20491808
392138	3.20481541
1356	3.2047805
64080	3.20342567
3977	3.20311375
125206	3.20307892
10750	3.20307892
9532	3.20282576
10226	3.20072839
54453	3.2006086
391109	3.20024603
7201	3.20017717
6725	3.19962665
285386	3.19948912
146664	3.19948912
5373	3.19900814
25880	3.19900814
29106	3.19873353
256586	3.19873353
117532	3.19852769
8038	3.1985101
9399	3.19825338
4897	3.19765356
81890	3.19633808
6579	3.19572423
53345	3.19551981
404037	3.19551981
128866	3.19477109
65217	3.1942953
64216	3.19368433
163882	3.19368433
160335	3.19280334
6256	3.19210764
6416	3.19095748
55349	3.19086768
283385	3.19017104
55852	3.18996921
155435	3.18889439
57556	3.18788916
58499	3.18668594
9915	3.18649196
171024	3.18632043
51	3.18139628
161357	3.18088696
55680	3.18055024
10954	3.17821818
79573	3.17763985
80818	3.17763575
6920	3.17763575
148898	3.17763575
4908	3.17730899
2823	3.17633019
55704	3.17622769
118472	3.17470374
10844	3.17470374
619207	3.17444407
28513	3.17275303
361	3.1710215
283659	3.16879999
400954	3.16608828
9785	3.16580231
83548	3.16295347
338645	3.16241156
7472	3.1603531
644168	3.16001944
84464	3.15975545
55205	3.15939212
9859	3.15611627
6898	3.15465386
6423	3.1539792
55506	3.15285938
168667	3.15283389
23051	3.15205736
83592	3.15189646
9170	3.14929251
57130	3.14929251
51291	3.14929251
1501	3.14864934
50809	3.1475387
9912	3.14539885
84978	3.14539036
114609	3.14472443
8161	3.14432591
166863	3.14345236
8467	3.13590796
54957	3.13276829
131034	3.13180051
149111	3.130006
54927	3.12801865
55769	3.12732482
7498	3.12520768
6494	3.12436162
23245	3.12401323
223117	3.12021622
11138	3.12004441
28981	3.11941504
3157	3.1190585
144108	3.11805244
260425	3.11632281
143098	3.1160548
57761	3.11543463
79096	3.11396072
9147	3.11328373
122773	3.11328373
10939	3.11165081
3643	3.11162801
220965	3.11081039
122953	3.11058624
51501	3.11040073
6909	3.1103622
727936	3.11025022
9407	3.10924375
550112	3.10924375
832	3.10890877
23426	3.10878109
183	3.10857406
9928	3.10855353
84569	3.1079054
57134	3.10678799
54535	3.10662667
5380	3.10629371
389517	3.10629371
2970	3.10629371
2969	3.10629371
100093631	3.10629371
53947	3.10618278
5216	3.10613456
65249	3.10599331
7289	3.10313847
27348	3.10285281
25804	3.10028891
85313	3.09886875
340152	3.09886875
53942	3.0970186
166968	3.09631327
127602	3.09609647
10892	3.09326932
3156	3.09295754
84258	3.09285747
8522	3.09238152
50515	3.090765
192668	3.09039049
9807	3.08964244
389119	3.08964244
389118	3.08964244
27132	3.08862929
284656	3.08836307
5820	3.08549818
6439	3.08533957
10713	3.08533957
10460	3.08528863
10483	3.08368901
4600	3.08342556
4745	3.08238947
28231	3.08194339
57460	3.08027353
2322	3.07994167
4211	3.07954081
83716	3.07930287
92736	3.07841756
347741	3.07841756
1459	3.07826677
7453	3.07665234
283600	3.07665234
89777	3.07661885
467	3.07530678
5780	3.0746075
51454	3.07458708
92675	3.07437855
79683	3.0739664
442726	3.07355465
79446	3.07345178
80862	3.07196279
3137	3.07196279
7077	3.07192011
375449	3.07145053
23286	3.07113548
1258	3.07090987
25904	3.07007044
84881	3.06941988
10077	3.06822245
163782	3.0667128
9712	3.06615854
1729	3.06464391
26010	3.06372802
2746	3.06280101
5359	3.06228944
3209	3.06183065
255239	3.06177305
23348	3.06146292
79582	3.05903551
63971	3.05739675
11056	3.0566539
8224	3.05645602
23479	3.0550902
9413	3.05503818
1460	3.05453143
64409	3.05443295
729330	3.05418687
4641	3.05418687
157506	3.05413168
57494	3.05399012
348654	3.05384261
23210	3.05024957
343035	3.04924582
57580	3.04905129
9708	3.04890544
8641	3.04890544
56114	3.04890544
56113	3.04890544
56112	3.04890544
56111	3.04890544
56110	3.04890544
56109	3.04890544
56108	3.04890544
56107	3.04890544
56106	3.04890544
56105	3.04890544
56104	3.04890544
56103	3.04890544
56102	3.04890544
56101	3.04890544
56100	3.04890544
56099	3.04890544
56098	3.04890544
56097	3.04890544
5098	3.04890544
26025	3.04890544
3097	3.04734906
84623	3.0465786
26	3.04585479
11278	3.04484917
2034	3.04437314
25891	3.04374986
283521	3.04315951
23263	3.04248849
253190	3.04231618
8464	3.04196198
7565	3.04029605
64135	3.03820011
112942	3.03696812
83478	3.03644827
124221	3.03526908
10199	3.03324834
83464	3.0326646
83541	3.03253367
29927	3.03251495
5728	3.03091782
6868	3.02923484
2793	3.02886337
6334	3.02858498
401720	3.02858498
1807	3.02707865
3290	3.02676863
94120	3.0259952
146845	3.0259952
93145	3.02588515
158219	3.02576472
55146	3.02561132
9287	3.02530413
51000	3.02443034
56961	3.02401706
126259	3.02401706
5137	3.02342078
8925	3.02268803
29880	3.02264227
143187	3.02100571
9478	3.02058822
23067	3.02036059
8633	3.02026957
81615	3.01944079
2342	3.01820214
10594	3.0178913
56897	3.01778178
26509	3.01709588
5520	3.01619336
26999	3.01484308
4919	3.0136166
65117	3.0125572
55596	3.0125572
7936	3.01219971
6499	3.01219971
10381	3.00943738
79147	3.00735813
9402	3.0071811
130075	3.00665196
4134	3.0064028
51633	3.00526063
10094	3.00503133
31	3.00493547
283867	3.00375109
59277	3.00370728
54518	3.00146124
170506	3.00091298
90580	2.99926233
153768	2.99874237
619351	2.99869907
162466	2.99805006
151126	2.99744519
56262	2.99688428
254295	2.99688428
90525	2.99602276
646982	2.99576463
6261	2.99474085
63891	2.99456208
386724	2.99456208
27123	2.99216691
7091	2.99182582
7318	2.99050661
284366	2.98994497
11202	2.98994497
57223	2.98931851
79758	2.98820526
9358	2.98705027
170712	2.98678346
388969	2.98623615
221	2.98598377
408263	2.98573154
22882	2.98397004
23239	2.98308506
1109	2.98170194
81573	2.98023924
5607	2.97914172
26052	2.97711819
64852	2.97576069
1738	2.97552371
23261	2.97543224
400891	2.97518607
8726	2.97445476
128368	2.97436649
344558	2.97412092
79644	2.97277275
23161	2.97275693
91149	2.97203914
9863	2.97139706
6697	2.97022825
128367	2.96895528
104	2.96713958
84153	2.96617431
9488	2.9657326
6293	2.96533144
57689	2.96389033
80201	2.96058588
960	2.96012743
283927	2.95980531
388228	2.95900231
4931	2.95879281
219621	2.95872577
9277	2.95868628
8705	2.95868628
54606	2.9582794
1604	2.95826484
23626	2.95809436
50488	2.95758201
440093	2.95737313
7726	2.95714896
4707	2.95551862
4350	2.95501125
9801	2.95483355
23163	2.95471045
3141	2.95401239
83901	2.95221908
83900	2.95221908
83899	2.95221908
646813	2.95167475
775	2.9510535
55356	2.94915642
59341	2.94807538
7456	2.94685312
10439	2.94676785
2565	2.9458851
84432	2.94554016
22834	2.94423954
50613	2.94359928
387263	2.94294279
339168	2.94271436
57758	2.94149806
725	2.94059961
4437	2.93945948
221178	2.93916183
23761	2.9386881
55591	2.93843444
6002	2.93835907
23164	2.93779849
9271	2.9356169
177	2.93509297
373	2.93495843
151258	2.93471913
9218	2.93470892
51077	2.93427094
317762	2.93263153
1902	2.93251998
55625	2.93203691
23649	2.93096124
50514	2.9290022
84708	2.92866855
5465	2.92775862
9870	2.92723558
4122	2.92668498
55567	2.92474763
2009	2.92418899
3250	2.92405178
79772	2.92314119
9722	2.9221962
81832	2.92190585
55039	2.92186957
51761	2.92099975
115111	2.92001992
285590	2.91714285
5754	2.91680335
763	2.91563007
7741	2.91517358
7372	2.91517358
387032	2.91517358
222698	2.91517358
256536	2.91481649
50940	2.91225407
241	2.91133245
23387	2.91119083
817	2.91108451
4133	2.91037507
23262	2.90977723
4715	2.90862598
8976	2.90843566
23550	2.90840338
25780	2.90713047
8347	2.90650745
1232	2.90436567
63874	2.90410688
54665	2.90274269
10745	2.90274269
26230	2.90264738
255928	2.90222227
57476	2.90201427
4939	2.90001465
23328	2.89949161
133482	2.89929981
390037	2.8991816
143502	2.8991816
79987	2.89888551
1843	2.89857574
6331	2.89839038
22821	2.89810064
161502	2.89801248
140564	2.89784594
54848	2.89763491
80212	2.89756629
54816	2.89667529
64283	2.89417294
7004	2.89343517
8313	2.89339783
347902	2.89308681
3763	2.89231528
196475	2.89032023
6734	2.88964602
55572	2.88964602
220441	2.88897285
57448	2.88774808
2067	2.88681766
64805	2.88578947
116931	2.88578947
84071	2.88481148
55800	2.88412334
11022	2.88183451
57475	2.88117334
864	2.88115497
203	2.88005218
253018	2.87942607
64067	2.87773182
23145	2.87686734
11340	2.87604244
163259	2.87520243
7851	2.87502615
54544	2.87292761
254910	2.87292761
390598	2.87021347
10490	2.86944718
4940	2.86867817
285848	2.86815687
79587	2.86777234
64834	2.86738815
58489	2.8671642
23064	2.86679647
84467	2.86638093
24138	2.86507
59345	2.86456417
85481	2.86353311
10673	2.86290036
154215	2.86245601
3294	2.86215842
64410	2.86198166
81035	2.85993213
80133	2.85933486
221806	2.85811145
54622	2.85795485
401474	2.8562048
25921	2.85586186
219539	2.85586186
10978	2.85586186
23102	2.8555192
4069	2.85543473
4319	2.85517681
9956	2.8544307
585	2.85419172
5425	2.85417083
366	2.85393401
64839	2.85384094
391059	2.85380993
170680	2.85362387
157753	2.85319004
285987	2.85263289
1750	2.85263289
3927	2.85249596
4438	2.85209204
57214	2.84909013
8814	2.84804821
338821	2.84765049
28234	2.84765049
441631	2.84638125
91133	2.84630706
147727	2.84578912
117852	2.84545431
27154	2.84496777
7249	2.84381512
388403	2.84236194
56339	2.84233173
51275	2.84199957
143570	2.84154704
9725	2.8413963
2052	2.8413963
64843	2.84043281
10043	2.83932646
387590	2.83932143
25834	2.83875182
140469	2.83854215
9586	2.83821288
9806	2.83797357
51008	2.83797357
83449	2.83773439
55083	2.83359532
273	2.83338594
22984	2.83157763
473	2.83135622
153364	2.83029618
23327	2.82936134
57522	2.82852072
57221	2.82833204
9970	2.82739707
84134	2.82739707
8548	2.82719281
346389	2.82663888
9457	2.82599837
51699	2.82433142
80254	2.82387022
11276	2.82379294
57488	2.8236824
401237	2.82234809
777	2.82168507
160518	2.82133954
7052	2.82105392
55328	2.82090802
80820	2.82036205
4542	2.82033333
10090	2.81958682
8470	2.81855
25803	2.81852801
55616	2.8182993
25777	2.81764242
60678	2.81653085
10560	2.81534669
7732	2.81510992
81888	2.81493972
23334	2.81493972
730101	2.81397651
28978	2.81397651
1118	2.81380675
55143	2.81366349
145783	2.81358051
440026	2.81183114
27152	2.81039741
1388	2.80964028
2037	2.80960521
90871	2.80894042
222068	2.8085989
421	2.80848191
3782	2.80662468
553158	2.80554752
23779	2.80554752
80830	2.80540998
84182	2.80495872
11185	2.80495872
27350	2.80475198
5504	2.80335411
57512	2.80252646
57821	2.80170039
440279	2.80068373
79144	2.80051909
8817	2.79994333
152330	2.7991495
7111	2.79904012
4664	2.79854825
1107	2.7982061
80745	2.79783875
137868	2.79756618
3756	2.79691269
2953	2.79647758
25774	2.79647758
7298	2.7963043
4921	2.79522906
23236	2.79442556
94025	2.79433559
8711	2.79403818
57048	2.79403818
150350	2.79352494
389084	2.79338998
9066	2.79295838
90019	2.7915049
2618	2.79018099
54623	2.78983872
170591	2.78954771
79727	2.78725324
637	2.78721901
55793	2.78645568
7007	2.78502377
387103	2.784336
8527	2.78387941
221937	2.78381735
11075	2.78158343
25998	2.77958223
84668	2.7792906
56650	2.77861185
284348	2.77824681
333	2.77760954
10714	2.77749621
9639	2.77611485
29989	2.77582965
9878	2.77487171
79642	2.77448396
90632	2.77409656
5863	2.77319395
10471	2.77319395
26053	2.77247322
79574	2.77029257
1612	2.77026698
81786	2.76996002
7409	2.7698482
8878	2.76972926
1496	2.7692191
55622	2.7684151
221002	2.76827562
84830	2.76733418
254240	2.76728165
7975	2.76593851
202915	2.76593851
3198	2.76507039
23034	2.76477182
442117	2.76447155
667	2.76367819
958	2.76284529
10563	2.76200274
1838	2.76178531
729020	2.76152734
90134	2.76087578
284110	2.76025019
80759	2.75892692
100129128	2.75892692
51162	2.75885214
50700	2.75885214
10514	2.75804366
2741	2.75785628
4245	2.75775682
3753	2.75765738
64084	2.75701159
4601	2.75641632
2230	2.75608363
9922	2.75599517
221421	2.75594565
55714	2.75552496
5081	2.75517881
80155	2.75481066
8788	2.7539722
7678	2.75342757
390072	2.75296012
10346	2.75296012
8671	2.75232127
10123	2.75214943
83943	2.75212489
54674	2.75212489
90355	2.75205127
9628	2.75170788
339942	2.75077718
22854	2.74933608
55258	2.7493117
9699	2.74892174
441108	2.74865384
23113	2.74794836
10591	2.74794836
92609	2.74772842
2475	2.74701556
123624	2.74675895
80031	2.74646816
1889	2.74542776
2737	2.74523447
154091	2.74518616
6091	2.74369931
23555	2.74219413
729993	2.74148244
4947	2.74031058
23060	2.74031058
10507	2.74028669
4340	2.7400002
115361	2.73942779
22921	2.73898385
23002	2.73873713
1103	2.73818716
8291	2.73749742
57613	2.73712195
11113	2.73484737
5068	2.73376578
4249	2.73332153
57691	2.73327453
84215	2.73275785
54502	2.73249108
388011	2.7319137
441046	2.72981046
10782	2.72892547
51148	2.72873939
8904	2.7284882
57016	2.72704069
441282	2.72704069
8294	2.72648594
11170	2.72615802
8728	2.72578879
26011	2.72455043
9352	2.72207005
541471	2.72200136
64131	2.72144172
254225	2.72072099
80059	2.72017342
9369	2.71883023
6555	2.71851211
657	2.71829535
9567	2.71613365
392360	2.71584008
143662	2.71554671
64407	2.71543392
166824	2.71392545
138428	2.71304577
989	2.71231022
1188	2.70847575
1187	2.70847575
2550	2.7078769
9512	2.70758885
11011	2.70728185
10855	2.70665955
311	2.70597491
201266	2.70590871
1804	2.70588664
3732	2.70552254
57615	2.70542356
165904	2.70480688
54858	2.70383959
124801	2.7034572
81569	2.70291826
136895	2.70267729
55823	2.70191143
1798	2.70191143
9088	2.70092822
25820	2.7002822
9732	2.70012241
320	2.69940452
375940	2.69920893
79054	2.69857932
57047	2.6983841
23135	2.69784937
390142	2.69719304
283209	2.69680394
54664	2.69606994
200150	2.6957465
25865	2.69538024
10351	2.69374951
3838	2.69251069
79823	2.69210546
9665	2.69071269
348093	2.69036983
84310	2.68968912
222545	2.68956161
2045	2.68871258
391112	2.68850043
2047	2.68839072
823	2.68834638
29799	2.68809787
8859	2.68767452
1797	2.68767452
23318	2.68750529
56160	2.68390688
9982	2.6838199
7425	2.6836941
375607	2.6836941
29902	2.68306563
64096	2.68249082
9118	2.68233356
84108	2.68233356
8364	2.68142415
221481	2.68095643
219438	2.67979138
219437	2.67979138
1174	2.67979138
6829	2.67951891
149469	2.67778071
29970	2.67773608
55553	2.67728465
6832	2.67711943
57575	2.67633546
5651	2.6760579
8089	2.67522137
90332	2.67483339
125704	2.67477177
50807	2.67426907
54497	2.67376658
84628	2.67354124
58496	2.67342867
81621	2.67323415
3096	2.67263705
111	2.67188554
27241	2.67145731
144165	2.6686132
113179	2.66851197
113178	2.66851197
51306	2.66820566
137902	2.66747995
10217	2.66747867
9027	2.66709719
200420	2.66709719
56243	2.66655273
54877	2.66647212
55561	2.66605743
10541	2.66574205
23376	2.6649234
1524	2.66322017
123591	2.66304021
1834	2.66282037
494470	2.66274046
64699	2.66266056
7263	2.66206178
4357	2.66206178
1310	2.66174277
151188	2.66164313
23331	2.66126454
1394	2.66124478
5314	2.66086669
148641	2.66044919
11132	2.66010402
56950	2.6593358
30844	2.65854569
118487	2.6579328
124056	2.65572565
10607	2.65572565
54682	2.65535233
51422	2.65515598
55728	2.65454785
56987	2.65358834
266629	2.65352003
9582	2.65185097
79998	2.65185097
113419	2.65185097
4948	2.65093627
10345	2.64940314
343406	2.64762451
200162	2.64741233
407738	2.64737376
85411	2.64735448
54438	2.64735448
3708	2.64691124
54596	2.64619913
1129	2.64478551
7594	2.64336235
8170	2.64317134
118427	2.64311406
171546	2.64269377
2937	2.64099977
57643	2.64059639
2635	2.64044908
23254	2.6397096
9023	2.63902812
25771	2.63899029
10867	2.63879013
5530	2.6382696
166647	2.63757408
2081	2.63747584
23362	2.63505522
51692	2.63339936
400940	2.63247636
150622	2.63247636
5801	2.63227797
137682	2.63219697
6801	2.63182577
57541	2.63130412
671	2.63078414
342527	2.63058012
728215	2.6294129
2043	2.62796345
221322	2.62791689
11044	2.62773256
391194	2.62760357
26686	2.62741936
94239	2.62729361
55339	2.62680599
161145	2.62587514
8647	2.62492194
7809	2.62451929
57497	2.62437296
63923	2.62426325
2131	2.62174749
54806	2.61978001
90637	2.61975257
9026	2.61971982
83698	2.61969829
135152	2.6191378
57593	2.61836155
9751	2.61832548
6249	2.61825335
4635	2.61803531
126668	2.61783882
196385	2.61719078
10788	2.61711883
97	2.61677726
10655	2.61527937
23541	2.61493234
219578	2.61460825
283093	2.61314447
54566	2.61262797
285025	2.61078074
631	2.61074529
182	2.61021394
9957	2.61005466
79680	2.60978932
54584	2.60978932
387	2.60974533
57118	2.60802454
348808	2.60761965
54970	2.60746132
192134	2.60610906
9887	2.60605646
5286	2.60558334
5641	2.60512824
23112	2.60504077
27244	2.60364371
26164	2.60353911
23383	2.60270322
23194	2.60244234
108	2.60124428
10733	2.6007071
7107	2.60051665
56605	2.60051665
79696	2.59999765
7173	2.59938433
245972	2.59920307
26974	2.59878907
83874	2.59870121
439996	2.59863393
85414	2.59858223
90011	2.59849607
11072	2.59844438
9414	2.59829059
1948	2.59766333
6295	2.5974807
339883	2.59514919
91	2.59417111
27044	2.59362327
2590	2.59247313
23786	2.59233722
22900	2.59209946
9735	2.5918279
27198	2.5918279
9678	2.59166615
3672	2.59131918
57089	2.59057413
122042	2.59037116
64773	2.58963022
6991	2.5892059
55780	2.5892059
90668	2.58853182
159686	2.58826248
112936	2.58789241
5924	2.58774111
23510	2.58745546
55752	2.58631474
114786	2.58629799
55304	2.58595193
132851	2.58586264
284111	2.58554477
9162	2.58547788
54436	2.58439238
5141	2.58392844
5376	2.58349263
2961	2.58336302
23129	2.58298503
56163	2.58247849
5746	2.58198059
1605	2.58179527
221336	2.58053993
25890	2.58049033
23347	2.5790101
3632	2.578824
440040	2.57880753
3767	2.5786429
4163	2.57805294
10513	2.57794152
114781	2.57750865
6877	2.5773281
10579	2.57698363
1164	2.57600836
92737	2.57544682
222255	2.57500409
375057	2.57381417
8644	2.57373009
1646	2.57373009
3560	2.57357007
940	2.57352269
1033	2.57298479
10175	2.57298479
257019	2.57288732
5969	2.57202729
80317	2.57170319
64288	2.57170319
223082	2.57097484
10718	2.57089382
83741	2.57079699
55449	2.57061921
117	2.57029616
26059	2.57011858
401190	2.56969914
84525	2.56958629
221477	2.56890977
80731	2.56889367
404093	2.56884539
4135	2.5688293
84332	2.56858798
143241	2.56858798
80017	2.56820216
5017	2.56780062
23151	2.56751174
200008	2.56712687
157724	2.56633315
23233	2.56621417
54796	2.56535127
445328	2.56531934
100128553	2.56531934
9054	2.56529416
64641	2.56477695
116173	2.56409629
26525	2.56247172
1984	2.56233776
55761	2.56194839
64806	2.56092006
85236	2.56072988
64968	2.56060523
404744	2.56014647
54676	2.55997299
80714	2.55970503
144097	2.55899652
124872	2.55767704
6718	2.55628762
57586	2.55505007
124540	2.55472281
84251	2.55358711
9437	2.55240789
26191	2.55229944
570	2.55205165
54534	2.55205165
128710	2.55087659
6035	2.55038683
9746	2.55012066
55607	2.54836705
488	2.54827495
57602	2.54807547
8321	2.54764613
2561	2.5474163
8825	2.54730909
79833	2.54724784
440044	2.54637593
401505	2.54539902
26267	2.54539902
393046	2.54310281
285148	2.54208784
57205	2.54186093
327657	2.54107523
145264	2.54107523
257068	2.54106014
84159	2.54086394
9926	2.54071308
55089	2.54032109
387748	2.53968863
9242	2.53911718
4004	2.53904205
5784	2.53851199
84986	2.53827643
84419	2.53818645
92017	2.53761698
340273	2.53736246
84958	2.53600255
84065	2.53600255
2560	2.53582354
9211	2.53543594
23127	2.53485518
768096	2.53344376
221883	2.53335477
6297	2.53305827
114795	2.53292492
3752	2.53253989
23308	2.5323623
11342	2.53191804
5691	2.53155617
8853	2.53150498
100130742	2.53137209
342035	2.53118023
84826	2.53059039
3207	2.52979538
3206	2.52979538
57561	2.52939843
117531	2.52869362
79370	2.52859093
2120	2.52859093
81704	2.52845257
90362	2.52809516
10137	2.52786465
57558	2.52718506
283219	2.52718506
131566	2.52625034
81671	2.52347269
4783	2.52322632
83667	2.52316837
374500	2.52299457
64220	2.52214107
55615	2.52188947
2821	2.5217817
5244	2.52177992
338321	2.52107294
201134	2.51993554
29896	2.51961932
965	2.51943258
10885	2.51937513
57119	2.51865066
155465	2.51835675
27253	2.51815623
51144	2.5181257
100124539	2.51779838
84570	2.51766962
118461	2.51729788
23150	2.51711213
728939	2.51692646
728932	2.51692646
728855	2.51692646
653598	2.51692646
607	2.51692646
200030	2.51692646
143425	2.51644123
2980	2.51629862
22887	2.51629862
9770	2.51552932
59269	2.51501722
81533	2.51298896
5257	2.51298896
124512	2.51298005
341208	2.51270604
90199	2.51204191
89797	2.51166084
10806	2.51120964
57628	2.51087155
9920	2.51063223
1179	2.51046337
83990	2.50914294
8396	2.50880645
390445	2.50831621
64849	2.5074631
286103	2.50612389
286101	2.50612389
84946	2.50594426
30010	2.50590109
411	2.50330554
81846	2.50203426
80274	2.50175839
729582	2.50146891
345079	2.50075293
3557	2.49956671
81853	2.49948909
4117	2.49948909
414767	2.49876267
283677	2.49758654
145258	2.49728997
84678	2.49725888
11102	2.49706786
140453	2.49698602
84641	2.49637272
125950	2.49631286
2168	2.49603237
57002	2.49505696
64223	2.49505684
64764	2.49482288
2628	2.49471433
313	2.49441594
11281	2.49334617
57037	2.49107993
9989	2.49071681
4008	2.49063616
23007	2.49063616
652968	2.48953542
10551	2.48946533
729096	2.48921378
729092	2.48921378
79902	2.48883884
10691	2.48874368
126669	2.48871839
132954	2.48846421
10874	2.48846421
1420	2.48798303
1419	2.48798303
79034	2.48766254
222967	2.48766254
23265	2.48760915
753	2.48727559
57626	2.48648942
57094	2.48643617
440081	2.486343
5288	2.48595723
219348	2.48519998
8131	2.48508053
2005	2.48403348
285382	2.48351751
284252	2.48323994
116985	2.48310782
3352	2.48304177
84905	2.48302857
2788	2.48294933
5338	2.48259554
6094	2.48212508
84944	2.4820128
51808	2.48170985
653399	2.48168351
92749	2.48032948
29945	2.48011953
343930	2.47997524
57325	2.47908435
140947	2.47827366
54901	2.4769823
7743	2.4768
51075	2.47560388
119395	2.47435926
132671	2.47410041
5926	2.47402279
27039	2.47215107
25926	2.47145608
83439	2.4713275
64224	2.47076219
348801	2.46999251
6510	2.4697456
3586	2.46775536
388503	2.46751316
5212	2.46708009
8398	2.46664745
9575	2.46637473
8975	2.46622794
721	2.46531406
2030	2.46335319
146712	2.46310082
124935	2.46305036
344905	2.46255147
9535	2.46230681
55095	2.46230681
23143	2.46143174
79017	2.4608235
10900	2.4598583
22987	2.45967053
80008	2.45917019
4482	2.45909518
636	2.4590077
2013	2.45889524
7407	2.45853309
57819	2.45853309
54511	2.45837548
483	2.45799665
6450	2.45756051
10298	2.45733637
9814	2.45685115
9786	2.45627953
162073	2.45614295
176	2.45536154
83656	2.45534915
774	2.45515093
58189	2.45196701
114801	2.45191783
10257	2.45185636
140690	2.4518072
10357	2.4518072
1556	2.45132811
80342	2.45112728
441601	2.45087407
63892	2.44953927
5991	2.4492337
255403	2.44913596
152687	2.44913596
25769	2.44889172
79912	2.4485744
115827	2.44847681
9668	2.44768472
168850	2.44758733
55578	2.44736828
285755	2.44727096
5208	2.44722231
5099	2.4468333
23258	2.44515967
9436	2.44499024
475	2.44428902
55159	2.44367337
122258	2.44338396
8165	2.44182503
220382	2.44156745
219447	2.44094365
93408	2.44068001
83660	2.4405722
91948	2.44041652
60468	2.44023697
6443	2.43980633
339977	2.43980633
8092	2.43885089
80067	2.43873161
9705	2.43831438
220081	2.43798089
79789	2.43733844
23380	2.43689879
51760	2.4367563
259232	2.43574831
643376	2.43505002
54536	2.43461268
4201	2.43430563
27232	2.43430563
2562	2.43398699
2580	2.43303522
283092	2.43223279
9135	2.43191567
27434	2.43181001
54112	2.43161051
148170	2.43161051
54531	2.43135247
54537	2.4312704
51228	2.43019318
84928	2.4301581
645528	2.42979576
5095	2.4292003
403	2.42869887
114876	2.42862895
729617	2.42848915
5316	2.4282446
64601	2.42798855
65265	2.42776754
377	2.42769777
54845	2.42622359
54834	2.42603822
51251	2.42454658
283507	2.42323263
57690	2.42322112
22849	2.42280702
158035	2.42277253
127062	2.42193412
64321	2.42081111
115825	2.42058228
9733	2.4202164
338811	2.41964534
7485	2.41959969
154141	2.41959969
349114	2.41947417
9228	2.41923464
64150	2.41896105
1735	2.41896105
91351	2.41866486
125963	2.41807309
11069	2.41784569
7151	2.41770932
2329	2.41770932
126526	2.4175957
256949	2.41755345
9180	2.41670526
63977	2.4165405
1359	2.41538612
2820	2.41527311
2262	2.41485524
80110	2.4147988
4123	2.41473108
56478	2.41428878
285759	2.41397562
7124	2.41316522
9942	2.41191886
55370	2.41187402
8578	2.41162744
30062	2.41156021
84188	2.41154332
149840	2.4113474
285419	2.41130261
7226	2.41111231
5596	2.41041898
7799	2.41030726
692076	2.40986065
342618	2.40986065
767558	2.4089688
165679	2.40889085
10969	2.40877952
164284	2.40823441
387718	2.40813436
10107	2.40789443
3796	2.4068469
5144	2.40672501
9312	2.40671393
341640	2.40656993
79172	2.40648134
4033	2.40577003
1363	2.40570692
51066	2.40507734
220004	2.40494491
10988	2.40484181
3679	2.40461792
65009	2.40391997
6619	2.40371087
11168	2.40371087
7307	2.4034139
159963	2.40246935
25901	2.40244741
374378	2.40168014
80005	2.40024032
5138	2.39877683
63898	2.39846147
51296	2.39840713
387680	2.3971048
285782	2.39703978
221409	2.39615223
3048	2.39605492
3046	2.39605492
282763	2.39605492
669	2.39584958
390113	2.39561193
390883	2.39546076
125962	2.39546076
51106	2.39479195
55539	2.3946303
399694	2.39450102
9462	2.3941457
55296	2.39308147
283761	2.39237344
286133	2.39117456
441394	2.39101424
5311	2.39072583
1117	2.39024556
7006	2.38997713
1997	2.38993327
29940	2.38962733
387694	2.38957408
51490	2.38952083
2021	2.38952083
10268	2.38921212
55333	2.38827669
2775	2.38824484
15	2.38820237
9990	2.38698317
27115	2.3869416
84617	2.38685852
100271715	2.3864753
83890	2.38586241
317671	2.38586241
8559	2.38546133
56971	2.38527147
388551	2.38527147
51816	2.38489201
92126	2.38488148
221061	2.38487094
147658	2.38367155
84133	2.38294721
25770	2.38294721
83876	2.38287379
51305	2.38240213
149465	2.38227644
85358	2.38116774
83986	2.38109463
6469	2.38087535
51115	2.38080228
54	2.38033091
5592	2.37958284
266727	2.37899506
6769	2.37872004
81318	2.37824228
57172	2.37772379
79718	2.37728874
220929	2.37686447
390916	2.37657496
8446	2.37579012
79944	2.37525394
27109	2.37525394
57224	2.3750273
57540	2.3747953
4285	2.37451263
327	2.37426102
81620	2.37368017
11320	2.3731671
9372	2.37281855
5965	2.37198933
125228	2.37116168
80167	2.37058021
6259	2.37019299
92346	2.37011151
5279	2.37011151
55718	2.36953144
100190986	2.36953144
8672	2.36847506
1861	2.36845477
79811	2.36837362
6856	2.36775535
2317	2.36660186
10576	2.36553228
3605	2.36544213
56172	2.36539176
57419	2.36483858
10905	2.36466708
7706	2.36451625
149647	2.36405406
90780	2.36353967
445815	2.36317122
11217	2.36317122
10578	2.36270044
23141	2.36165054
939	2.36138097
678655	2.36138097
55080	2.36138097
390284	2.36138097
1767	2.36062309
79661	2.36015507
81550	2.35971737
165721	2.35966766
5510	2.35956826
3799	2.35939296
1733	2.3591808
55081	2.35917087
25980	2.35865481
50937	2.35811955
221150	2.35752559
91319	2.35718937
53826	2.35712018
486	2.35712018
23108	2.35615467
64781	2.35534481
10846	2.35485294
550631	2.35465634
200312	2.35465634
480	2.3543285
140609	2.35405728
79750	2.35286163
10420	2.35268551
283987	2.35264638
8512	2.35256813
6441	2.35256813
6992	2.35205008
8710	2.35086434
168975	2.35013963
79754	2.34973134
2035	2.34945419
1352	2.34936958
83941	2.34903231
23469	2.34804393
163	2.34767629
402117	2.34736693
5569	2.34735727
2259	2.347222
201176	2.3470578
115098	2.34695158
55966	2.34670064
6666	2.34633413
89944	2.34629556
27087	2.34629556
9498	2.34587161
51390	2.34544807
9375	2.34452541
54504	2.34353764
29994	2.34353764
1375	2.34297285
1120	2.34297285
100144603	2.34297285
4773	2.3423228
375061	2.34175005
56624	2.34157837
677769	2.34025489
79628	2.34013132
23589	2.33961839
5586	2.33917245
51430	2.33907763
23639	2.33900179
113828	2.33874592
89870	2.33854701
6651	2.33829141
286319	2.33802649
49861	2.33784682
9750	2.33719411
11285	2.33631792
339788	2.335913
157769	2.33571538
55166	2.33545204
2069	2.33541443
9038	2.33538623
84461	2.33505732
58492	2.33494461
11164	2.33430646
2169	2.33414707
7918	2.33342586
57827	2.33342586
166785	2.33320132
10144	2.33305168
9727	2.33301428
146167	2.3327806
84316	2.33206166
124637	2.33206166
6638	2.33091567
4212	2.33015336
256130	2.3299862
55693	2.32967064
51503	2.32967064
114880	2.32966136
646643	2.32947584
166614	2.32945729
92162	2.32937384
136227	2.32925333
11055	2.32906798
5169	2.32904945
23078	2.32865125
92196	2.32858646
92304	2.32706209
57472	2.32706209
388789	2.32686846
338872	2.32686697
11174	2.32617763
57661	2.32596417
54749	2.3253409
55604	2.32504705
55711	2.32500116
8821	2.32472588
9960	2.32430413
6887	2.32395603
622	2.32288601
8402	2.32274902
26001	2.32274902
2027	2.32274902
23040	2.3227125
8100	2.32239305
116984	2.32211942
5579	2.32210118
8395	2.32109029
25937	2.32102196
5157	2.32046309
89910	2.3203087
83892	2.3203087
390144	2.31988214
8796	2.31975516
27147	2.31931103
200316	2.31925668
51655	2.31819816
80323	2.31807167
10699	2.31764731
100124536	2.31676379
149986	2.31545085
80069	2.31540596
401288	2.31540596
6575	2.31491243
144501	2.31485863
150185	2.31484966
341418	2.31422244
64801	2.31349779
25924	2.31341972
10100	2.31331905
4311	2.31271188
54602	2.3124532
133015	2.31210556
10243	2.31153568
147040	2.3102473
9310	2.30997235
219436	2.30993689
8708	2.30920164
4363	2.3085819
5649	2.30845881
10246	2.30786721
9474	2.3076555
55808	2.30730286
51701	2.30717683
6660	2.30688888
5173	2.30659845
24147	2.30557909
149563	2.30552643
387755	2.30496042
80070	2.30478984
151963	2.30458838
8792	2.30369604
340168	2.30365235
83940	2.30342521
79784	2.30303346
23753	2.30297128
56651	2.30282299
7728	2.30266602
7705	2.3026573
8911	2.30229999
166012	2.30150798
89927	2.30107343
64693	2.3008129
9980	2.30079554
10079	2.30078686
145508	2.29985898
254827	2.29921843
55753	2.29856155
9953	2.29839748
79068	2.29757808
8497	2.29722492
694	2.29655385
2918	2.2958924
79675	2.2955063
91056	2.29498347
152189	2.29446128
150082	2.29150262
135941	2.29067915
57535	2.28997577
91181	2.2899165
6559	2.28990803
80168	2.28923126
388799	2.28902843
196549	2.28896929
5079	2.28891016
94241	2.28811688
27143	2.28740922
2674	2.28595539
51300	2.28572055
646424	2.28328733
79269	2.28166442
2731	2.28145679
222256	2.28124927
219793	2.28040358
283455	2.27929507
27067	2.27912986
841	2.27820587
387036	2.27787634
100133205	2.27787634
79607	2.27759525
9140	2.27698788
1176	2.27698788
55351	2.27651149
51312	2.27613254
3684	2.27580608
9415	2.27565039
3995	2.27565039
93273	2.27556847
60685	2.2750609
56913	2.27490548
146433	2.27481552
54972	2.27457028
57614	2.27427617
26037	2.27359884
387700	2.27284116
158135	2.27260516
285780	2.27258075
27173	2.27164428
64919	2.27030077
59338	2.27021986
7637	2.26961345
133522	2.26937113
83648	2.26775907
116154	2.26698741
360023	2.26697938
4153	2.26665826
7267	2.26600071
2117	2.26579243
441168	2.26555223
114827	2.26523216
54543	2.26377087
202181	2.2630938
8491	2.26301421
51194	2.26274373
57191	2.26264035
388567	2.26264035
59351	2.26199679
201164	2.26184597
201163	2.26184597
728464	2.26057798
4259	2.26049886
223	2.26049886
7696	2.26035647
91584	2.26020621
4049	2.26012715
57194	2.26010344
114299	2.25994537
2346	2.25973208
92579	2.25950309
285888	2.25884052
1368	2.25862776
131669	2.25849386
84441	2.25844661
200186	2.25799799
80332	2.25795079
10841	2.25785641
283025	2.25719634
80727	2.25652159
155185	2.25652159
64324	2.25649024
51018	2.25602797
163351	2.25599664
440695	2.25522213
133584	2.2552065
85315	2.25515179
388135	2.25513616
57536	2.25486272
26788	2.25482368
391189	2.25465971
25893	2.25465971
84224	2.25461288
390064	2.25457385
390063	2.25457385
26154	2.25374734
140803	2.25354391
128611	2.25348256
3769	2.25314015
23235	2.2530857
10840	2.2530857
81622	2.25224648
547	2.25206021
375318	2.25206021
399979	2.25205245
326624	2.25146313
146722	2.25146313
57480	2.25145538
57553	2.25134691
10242	2.25130043
3456	2.25091329
8927	2.25089782
56660	2.25036416
23043	2.2498324
79133	2.24822067
284018	2.24712219
1006	2.2470915
116150	2.24665445
5283	2.24637099
100124692	2.24629441
846	2.24573578
9674	2.24540706
3567	2.24526953
9254	2.24507859
149134	2.24506332
55915	2.24431567
2804	2.24410229
54212	2.24393471
51143	2.24387378
18	2.24352364
285641	2.24278623
29105	2.24230037
5458	2.24227003
10891	2.24211832
5689	2.24203875
152405	2.24165594
152404	2.24165594
30009	2.24154989
54849	2.24087631
64711	2.24015092
54825	2.23929863
119587	2.2383653
9325	2.23816985
460	2.23807216
284836	2.23780175
5243	2.2375762
284996	2.23692408
23281	2.23660196
9244	2.23555485
25789	2.23555485
54827	2.23549509
55184	2.23494272
1608	2.23489796
96626	2.23485321
729540	2.23485321
652919	2.23485321
80176	2.23483084
100129066	2.23455498
164714	2.23302977
7011	2.23263632
10038	2.23263632
64579	2.23221357
84951	2.23166988
352961	2.23127313
10866	2.23127313
25966	2.23048975
90799	2.22935414
11232	2.22935414
23418	2.22833904
57188	2.2281554
100132510	2.22813337
348840	2.2278177
9764	2.22737762
167	2.22732631
8790	2.22712111
51086	2.22712111
127255	2.22712111
23230	2.22693798
10391	2.2266671
64094	2.22611852
375484	2.22576157
100131439	2.22454247
6953	2.22452791
445577	2.22390202
343413	2.22365482
4160	2.22332787
7762	2.22331334
144347	2.22286329
494514	2.22206595
27098	2.22206595
23759	2.22197182
54955	2.22183427
7003	2.22147252
5083	2.22146529
129685	2.22141467
51099	2.2212773
149297	2.22116166
219595	2.22098825
127833	2.22067266
23657	2.2203458
79473	2.22007178
196872	2.21896306
80304	2.21863962
388931	2.21863962
93664	2.21854622
9658	2.21823745
122402	2.21775677
93109	2.21760622
51385	2.21754171
80006	2.2168614
1638	2.21648231
8455	2.21603214
4040	2.21590947
83852	2.2146934
119765	2.21464169
58476	2.21369588
57713	2.21312796
57568	2.21278047
665	2.21269542
222389	2.21268124
84168	2.21195189
80196	2.21167605
57326	2.21161948
10654	2.21161948
388646	2.21155586
2634	2.21155586
23013	2.21107546
145645	2.21054621
11095	2.21022193
3200	2.20910992
3199	2.20910992
23075	2.20877968
64682	2.20842162
390442	2.20833742
26118	2.20823218
10328	2.20695736
54532	2.2063391
100127888	2.20565837
10098	2.20564724
10166	2.20545619
166348	2.20500337
27133	2.20441888
9789	2.20405745
81849	2.20329387
23566	2.20329387
23025	2.20327307
5151	2.20326613
254427	2.20309279
64105	2.2028918
23398	2.2028918
677820	2.20280866
256144	2.20264242
25807	2.2021441
129080	2.2021441
9692	2.20176382
55012	2.20176382
120237	2.20149437
23081	2.20132174
80790	2.20109396
10121	2.20063877
23335	2.20048025
80704	2.20045958
81572	2.20012897
57583	2.19972294
9060	2.199441
10402	2.19792444
84640	2.19769844
105	2.19756153
11136	2.19698902
23302	2.19657703
27091	2.19622889
9542	2.1961129
3915	2.19577195
7652	2.1956629
10350	2.195513
204851	2.19542583
83937	2.19446516
64225	2.19387432
54072	2.19358937
56981	2.19323006
8492	2.19312842
677809	2.19312842
100093630	2.19312842
390882	2.19244468
3692	2.19002975
128876	2.19002975
11027	2.18892794
19	2.18885414
57459	2.18884743
118663	2.18868645
56911	2.18865963
59344	2.18839017
9790	2.18753453
154150	2.18729382
729614	2.18718688
9043	2.18697975
100144748	2.18687289
10588	2.18682614
3760	2.18669262
55777	2.18614558
7380	2.1859123
160777	2.18555928
55733	2.18549936
7204	2.18436249
79847	2.18428282
10124	2.18403063
124565	2.18373218
3131	2.18346706
7579	2.18344055
9379	2.18239675
540	2.18199857
56977	2.18178731
56886	2.18151677
147949	2.18075886
11280	2.18029159
84902	2.18017321
57706	2.17947672
5526	2.17938481
285501	2.17874857
83894	2.17830965
23085	2.17825072
167153	2.1781918
83595	2.17732859
54888	2.17697595
9278	2.17685847
9001	2.17612166
53820	2.17500255
5918	2.17447003
23284	2.17412619
8685	2.17400947
9830	2.1734976
23406	2.17319335
169044	2.17259195
91695	2.17249503
123346	2.17213984
124975	2.17192041
2557	2.1718817
3249	2.17130789
100128675	2.17130789
496	2.17122414
10218	2.17119193
654502	2.16954607
57554	2.1689497
65061	2.1686102
2004	2.1678425
79412	2.16742723
124222	2.16742723
6854	2.16717187
348938	2.16714634
58498	2.16706977
2645	2.16706977
154664	2.16684013
140606	2.16611375
55692	2.1659228
2528	2.16583372
2525	2.16583372
25927	2.16549028
646405	2.1650201
3269	2.16415729
55065	2.16317604
23131	2.16305591
389161	2.1626894
9760	2.16159802
677776	2.16156022
54801	2.16156022
10670	2.16156022
283651	2.16133977
5724	2.16101875
51012	2.16025178
114991	2.15974958
284306	2.15908506
117194	2.15860298
5229	2.15852165
256364	2.15832775
115286	2.15808394
157310	2.15787774
10630	2.1577778
9552	2.15709135
29844	2.15677968
26121	2.15677968
84280	2.15598284
4159	2.15595796
2845	2.1558025
27300	2.15557253
51063	2.15465386
255022	2.15465386
253430	2.1541519
114984	2.1539909
55180	2.15394756
1657	2.15304467
143686	2.15263096
204801	2.15237799
91523	2.15226081
140707	2.15225464
728358	2.15170001
142827	2.15166306
84650	2.15145374
284371	2.15113994
57707	2.15099235
29920	2.15059287
81285	2.15001582
140578	2.14921903
143458	2.14761761
155006	2.1472639
729233	2.14725171
29125	2.14698966
56244	2.14582761
57724	2.14577293
84803	2.14500813
51363	2.144996
9842	2.1449293
201175	2.1449293
4197	2.14434761
5136	2.14429311
63934	2.14385741
374383	2.14312617
90768	2.14307183
132204	2.1424263
155051	2.14216112
253769	2.14193224
9267	2.14182988
130749	2.14160117
9951	2.14156507
8567	2.1411022
56967	2.14109002
2703	2.14069955
26115	2.14060349
10396	2.14024944
80119	2.1397938
654341	2.13959611
414060	2.13959611
1479	2.13891385
78986	2.13878829
286183	2.1377374
11322	2.13761218
57179	2.13701638
2949	2.13692113
9315	2.13614798
80741	2.13596382
57731	2.13589849
8549	2.13577973
51230	2.13570256
26148	2.1356254
9826	2.13423294
149499	2.13423294
94134	2.1341383
440567	2.13406142
283871	2.13397864
283870	2.13397864
84059	2.13385449
64396	2.13374221
257629	2.13357087
114	2.13355906
10960	2.13344094
10636	2.13344094
286046	2.1331989
55540	2.13290981
51174	2.13289212
54550	2.13267396
56944	2.13265038
56884	2.13192598
319100	2.13189068
55802	2.13053946
246213	2.13034593
10526	2.13032834
26207	2.12951416
202374	2.12917488
22884	2.12871903
6905	2.12793118
84709	2.12791952
55608	2.12698182
57795	2.12690038
54097	2.12681895
85235	2.1267201
245936	2.12670265
245935	2.12670265
221527	2.12659801
51537	2.1259881
646480	2.12591265
339669	2.12562256
10406	2.12537904
2736	2.12517042
55788	2.1251067
60490	2.12473033
1769	2.12459723
81608	2.12442302
9381	2.12426177
56980	2.12421551
64098	2.12405946
29780	2.12405946
26035	2.12394967
162	2.12371286
56951	2.1227093
207107	2.12262865
503834	2.12208181
8706	2.12200703
3899	2.12151842
2859	2.12125996
56955	2.12072057
51131	2.11995854
339855	2.11995854
64116	2.11862676
9635	2.11812483
5923	2.1176007
7850	2.11701466
197358	2.11683843
59349	2.11629883
51094	2.11629883
3000	2.11625909
9791	2.11623639
8082	2.11599808
344807	2.11599808
342125	2.1159924
54798	2.11580525
7957	2.11562384
114926	2.11517066
6326	2.11474624
7364	2.11396637
84337	2.11200595
9516	2.11196023
23173	2.11191603
219409	2.11191041
120406	2.11175871
10213	2.1112588
28960	2.11089447
6861	2.11088326
352909	2.11088326
79741	2.11066468
6446	2.10965442
150379	2.10919907
55107	2.10899249
25977	2.10827861
6370	2.10820617
54557	2.1080112
51010	2.10729892
158234	2.10729892
5774	2.1067988
27340	2.10651565
9781	2.10595546
150165	2.10586678
57569	2.10529635
100131814	2.10526314
28982	2.1040639
8891	2.10404734
5076	2.10321483
84000	2.1027744
23201	2.10271938
285375	2.10257636
84900	2.10237291
79794	2.10237291
219681	2.10219153
54868	2.10216955
4650	2.1019608
120	2.1012474
5558	2.10113227
80235	2.10103909
91828	2.10067753
440585	2.10051875
11157	2.10042023
143282	2.09988423
130813	2.09920698
57418	2.09905965
22877	2.09816041
2218	2.09798622
283601	2.09762175
781	2.09748583
55773	2.09720869
22868	2.09698602
7783	2.09514386
200159	2.09486821
60494	2.09473315
64285	2.09432822
153201	2.09427966
64097	2.09374579
84125	2.09348718
3112	2.0934064
79048	2.09337947
390148	2.09280369
128372	2.09223941
171425	2.0921159
10365	2.09210516
55272	2.0920998
1421	2.0919978
83605	2.09175632
283050	2.0914024
27128	2.09116661
10082	2.0910809
64399	2.09072218
4884	2.09067937
51227	2.09041723
129880	2.09041723
84807	2.09039049
346525	2.08980263
54714	2.08925823
51759	2.08866125
4057	2.08813956
58512	2.08800126
51108	2.08754411
10261	2.08754411
339745	2.08746974
9749	2.08741131
2974	2.0873582
441204	2.08723608
8419	2.08717768
9811	2.08704499
119548	2.08700254
768097	2.08663126
145567	2.08618867
1620	2.08617026
117248	2.08542944
80243	2.0849433
55176	2.08455795
55225	2.08446826
6527	2.08440496
55790	2.08438386
256764	2.08436277
10279	2.08406225
4967	2.08336184
5362	2.08289904
646486	2.08288327
26534	2.08259953
170394	2.08215328
26031	2.08173894
84276	2.08163411
6988	2.08163411
275	2.08163411
131890	2.08143499
84066	2.08140356
3385	2.08079705
9914	2.08070853
3010	2.08004896
29887	2.07937585
57186	2.07875585
389384	2.07824592
401152	2.07811593
10873	2.07799637
57510	2.07777294
7593	2.07725379
65996	2.07725379
79097	2.07694259
146852	2.07691667
81470	2.07651247
5066	2.0761604
57670	2.07607243
84767	2.07602586
22895	2.07596378
83856	2.07584999
201931	2.07500265
388336	2.07377077
23291	2.07366784
140862	2.07360095
5427	2.07349292
85476	2.07315357
56925	2.07315357
93663	2.07229609
8842	2.07182955
4883	2.07143517
57446	2.07043804
168507	2.07015721
54708	2.0697758
55074	2.06951963
4009	2.06937694
2864	2.06934127
443	2.0693158
84680	2.06902551
7490	2.06857773
84164	2.0678206
2626	2.0666494
245973	2.06644691
9730	2.06619394
3381	2.06618383
148789	2.06615348
140870	2.06586024
22901	2.06573896
57562	2.06477497
148418	2.064256
114822	2.06394895
491	2.06374977
23023	2.06366222
152118	2.06359183
64328	2.06343097
91703	2.06313454
347853	2.06313454
6564	2.06272791
593	2.06247208
374907	2.06247208
145781	2.06234171
4547	2.06201096
84700	2.06144025
90864	2.06036595
197342	2.06036595
10101	2.06036595
602	2.06017136
116449	2.05997187
129401	2.05836933
390066	2.05771409
374354	2.05709451
11328	2.0564214
54979	2.05618409
11145	2.05618409
11176	2.05601112
89766	2.05586293
54852	2.05581848
403253	2.0558086
127540	2.05579872
3960	2.05576416
3191	2.05576416
3090	2.05570984
8818	2.0552953
138429	2.0552953
54084	2.05524598
386680	2.05524598
386674	2.05524598
387990	2.05481217
27004	2.05426068
64430	2.05374429
10062	2.05371972
144193	2.05370497
120935	2.05370497
58986	2.05318434
100134368	2.05318434
10215	2.05315489
55614	2.05290463
23539	2.05288991
170392	2.05257608
63926	2.05248786
26240	2.05226737
55744	2.05195889
6812	2.05172889
10129	2.0516604
256380	2.05139634
79863	2.05093706
386685	2.05043436
57696	2.05029293
1967	2.05029293
8462	2.04952805
85013	2.0488617
50615	2.04840509
9686	2.04824005
221935	2.04775985
374470	2.04775016
387097	2.04774046
64284	2.04671883
1395	2.04658827
84504	2.04641909
644414	2.04603263
3839	2.04587814
65981	2.04509208
51097	2.04392766
11153	2.0437451
57140	2.04362504
133022	2.04333702
6119	2.04302536
54812	2.0421438
91646	2.04197633
400242	2.0415269
23405	2.0415269
2874	2.04150779
2044	2.04118297
57576	2.0407439
8740	2.0405293
140823	2.04044349
284612	2.03994326
127002	2.03994326
8459	2.03959107
10725	2.03933899
51608	2.03912033
23353	2.03912033
79971	2.03902054
389400	2.03874506
6044	2.03844603
574040	2.03844603
54977	2.03844603
285045	2.03819462
160728	2.03811875
283856	2.03795283
149466	2.03702015
128218	2.03702015
58524	2.03700123
26122	2.03667504
643160	2.0359479
85449	2.03584412
256435	2.03511837
8605	2.03506187
4050	2.03372213
55571	2.03349221
55253	2.03289216
692205	2.03278911
51585	2.03237247
58497	2.03225083
149428	2.03225083
84256	2.03170388
9697	2.03160579
25816	2.03148903
337979	2.03139565
337968	2.03139565
337967	2.03139565
79669	2.03087309
64149	2.03060273
162494	2.03060273
7873	2.03037445
440799	2.03001596
23250	2.02987637
221303	2.02942999
79807	2.02941605
55315	2.02934634
92949	2.02896549
26019	2.02862672
4322	2.02850149
122704	2.02831603
4923	2.0279083
54914	2.02776938
1406	2.02742229
30811	2.02719568
160897	2.02693221
646603	2.02629501
10564	2.02564492
29094	2.0254791
400165	2.02545147
53918	2.02541923
25941	2.02517065
55174	2.02478884
64900	2.02474286
26289	2.02432469
84433	2.02397575
80256	2.02392068
80099	2.02389774
10363	2.02383809
7589	2.02334287
7586	2.02334287
3985	2.02332912
1961	2.02140411
89782	2.02139955
84223	2.02139955
255967	2.02116237
7024	2.02111678
727897	2.01961934
4586	2.01961934
57507	2.01959208
7982	2.01911529
51155	2.01904268
30833	2.01904268
23369	2.01903815
23527	2.01902907
9247	2.01885215
7551	2.01869796
6652	2.01866623
3140	2.01839429
10944	2.01754785
118881	2.01702813
8496	2.01680236
23114	2.01521624
114884	2.01498241
644186	2.01459149
23507	2.01445677
384	2.014358
170622	2.0139497
10008	2.01380622
323	2.01309397
282770	2.01285681
55959	2.01260637
57514	2.01242757
305	2.01239629
391123	2.01211486
284677	2.01211486
25790	2.01211486
10404	2.01191841
57468	2.01188716
1440	2.01118251
100113390	2.01118251
10518	2.01087068
5145	2.01071931
389799	2.01027439
8934	2.01025215
29091	2.0100921
118611	2.00949687
54429	2.00929273
339967	2.0088803
79906	2.00835313
100129534	2.00835313
92797	2.00756579
64167	2.00747741
54815	2.00658582
375316	2.006577
2734	2.00566085
79870	2.0054629
10018	2.00540133
64405	2.00494864
60489	2.00441306
164668	2.00441306
29928	2.00435603
29	2.00435603
154743	2.00388691
6320	2.00358465
340120	2.00301576
57139	2.00297203
26136	2.00218565
282974	2.0021551
6480	2.00187585
58527	2.0013484
96459	2.00132227
85391	2.00130484
85390	2.00130484
85389	2.00130484
150094	2.00075633
56649	2.00051277
54991	0.
